# JRE version: OpenJDK Runtime Environment Temurin-21.0.9+10 (21.0.9+10) (build 21.0.9+10-LTS)
# Java VM: OpenJDK 64-Bit Server VM Temurin-21.0.9+10 (21.0.9+10-LTS, mixed mode, sharing, tiered, compressed oops, compressed class ptrs, parallel gc, windows-amd64)
GC Precious Log:
 CardTable entry size: 512
 CPUs: 8 total, 8 available
 Memory: 8083M
 Large Page Support: Disabled
 NUMA Support: Disabled
 Compressed Oops: Enabled (32-bit)
 Alignments: Space 512K, Generation 512K, Heap 2M
 Heap Min Capacity: 100M
 Heap Initial Capacity: 100M
 Heap Max Capacity: 2G
 Pre-touch: Disabled
 Parallel Workers: 8
Heap:
 PSYoungGen      total 23040K, used 12915K [0x00000000d5580000, 0x00000000d6d00000, 0x0000000100000000)
  eden space 20992K, 59% used [0x00000000d5580000,0x00000000d61acef0,0x00000000d6a00000)
  from space 2048K, 21% used [0x00000000d6a00000,0x00000000d6a70000,0x00000000d6c00000)
  to   space 1024K, 0% used [0x00000000d6c00000,0x00000000d6c00000,0x00000000d6d00000)
 ParOldGen       total 68608K, used 53153K [0x0000000080000000, 0x0000000084300000, 0x00000000d5580000)
  object space 68608K, 77% used [0x0000000080000000,0x00000000833e8790,0x0000000084300000)
 Metaspace       used 65959K, committed 67392K, reserved 1114112K
  class space    used 7672K, committed 8320K, reserved 1048576K
GC Heap History (20 events):
Event: 117.574 GC heap before
{Heap before GC invocations=33 (full 2):
 PSYoungGen      total 22528K, used 22496K [0x00000000d5580000, 0x00000000d7100000, 0x0000000100000000)
  eden space 22016K, 100% used [0x00000000d5580000,0x00000000d6b00000,0x00000000d6b00000)
  from space 512K, 93% used [0x00000000d7080000,0x00000000d70f8030,0x00000000d7100000)
  to   space 3072K, 0% used [0x00000000d6b00000,0x00000000d6b00000,0x00000000d6e00000)
 ParOldGen       total 68608K, used 42524K [0x0000000080000000, 0x0000000084300000, 0x00000000d5580000)
  object space 68608K, 61% used [0x0000000080000000,0x00000000829871f8,0x0000000084300000)
 Metaspace       used 58117K, committed 59392K, reserved 1114112K
  class space    used 6836K, committed 7360K, reserved 1048576K
}
Event: 117.580 GC heap after
{Heap after GC invocations=33 (full 2):
 PSYoungGen      total 25088K, used 2098K [0x00000000d5580000, 0x00000000d7100000, 0x0000000100000000)
  eden space 22016K, 0% used [0x00000000d5580000,0x00000000d5580000,0x00000000d6b00000)
  from space 3072K, 68% used [0x00000000d6b00000,0x00000000d6d0c810,0x00000000d6e00000)
  to   space 2560K, 0% used [0x00000000d6e80000,0x00000000d6e80000,0x00000000d7100000)
 ParOldGen       total 68608K, used 43012K [0x0000000080000000, 0x0000000084300000, 0x00000000d5580000)
  object space 68608K, 62% used [0x0000000080000000,0x0000000082a01238,0x0000000084300000)
 Metaspace       used 58117K, committed 59392K, reserved 1114112K
  class space    used 6836K, committed 7360K, reserved 1048576K
}
Event: 117.785 GC heap before
{Heap before GC invocations=34 (full 2):
 PSYoungGen      total 25088K, used 24114K [0x00000000d5580000, 0x00000000d7100000, 0x0000000100000000)
  eden space 22016K, 100% used [0x00000000d5580000,0x00000000d6b00000,0x00000000d6b00000)
  from space 3072K, 68% used [0x00000000d6b00000,0x00000000d6d0c810,0x00000000d6e00000)
  to   space 2560K, 0% used [0x00000000d6e80000,0x00000000d6e80000,0x00000000d7100000)
 ParOldGen       total 68608K, used 43012K [0x0000000080000000, 0x0000000084300000, 0x00000000d5580000)
  object space 68608K, 62% used [0x0000000080000000,0x0000000082a01238,0x0000000084300000)
 Metaspace       used 58348K, committed 59584K, reserved 1114112K
  class space    used 6871K, committed 7360K, reserved 1048576K
}
Event: 117.791 GC heap after
{Heap after GC invocations=34 (full 2):
 PSYoungGen      total 24576K, used 2080K [0x00000000d5580000, 0x00000000d7100000, 0x0000000100000000)
  eden space 22016K, 0% used [0x00000000d5580000,0x00000000d5580000,0x00000000d6b00000)
  from space 2560K, 81% used [0x00000000d6e80000,0x00000000d7088020,0x00000000d7100000)
  to   space 2560K, 0% used [0x00000000d6c00000,0x00000000d6c00000,0x00000000d6e80000)
 ParOldGen       total 68608K, used 44956K [0x0000000080000000, 0x0000000084300000, 0x00000000d5580000)
  object space 68608K, 65% used [0x0000000080000000,0x0000000082be7348,0x0000000084300000)
 Metaspace       used 58348K, committed 59584K, reserved 1114112K
  class space    used 6871K, committed 7360K, reserved 1048576K
}
Event: 118.600 GC heap before
{Heap before GC invocations=35 (full 2):
 PSYoungGen      total 24576K, used 24096K [0x00000000d5580000, 0x00000000d7100000, 0x0000000100000000)
  eden space 22016K, 100% used [0x00000000d5580000,0x00000000d6b00000,0x00000000d6b00000)
  from space 2560K, 81% used [0x00000000d6e80000,0x00000000d7088020,0x00000000d7100000)
  to   space 2560K, 0% used [0x00000000d6c00000,0x00000000d6c00000,0x00000000d6e80000)
 ParOldGen       total 68608K, used 44956K [0x0000000080000000, 0x0000000084300000, 0x00000000d5580000)
  object space 68608K, 65% used [0x0000000080000000,0x0000000082be7348,0x0000000084300000)
 Metaspace       used 58367K, committed 59584K, reserved 1114112K
  class space    used 6871K, committed 7360K, reserved 1048576K
}
Event: 118.611 GC heap after
{Heap after GC invocations=35 (full 2):
 PSYoungGen      total 24576K, used 2276K [0x00000000d5580000, 0x00000000d7000000, 0x0000000100000000)
  eden space 22016K, 0% used [0x00000000d5580000,0x00000000d5580000,0x00000000d6b00000)
  from space 2560K, 88% used [0x00000000d6c00000,0x00000000d6e39000,0x00000000d6e80000)
  to   space 1536K, 0% used [0x00000000d6e80000,0x00000000d6e80000,0x00000000d7000000)
 ParOldGen       total 68608K, used 46913K [0x0000000080000000, 0x0000000084300000, 0x00000000d5580000)
  object space 68608K, 68% used [0x0000000080000000,0x0000000082dd04e8,0x0000000084300000)
 Metaspace       used 58367K, committed 59584K, reserved 1114112K
  class space    used 6871K, committed 7360K, reserved 1048576K
}
Event: 118.954 GC heap before
{Heap before GC invocations=36 (full 2):
 PSYoungGen      total 24576K, used 24292K [0x00000000d5580000, 0x00000000d7000000, 0x0000000100000000)
  eden space 22016K, 100% used [0x00000000d5580000,0x00000000d6b00000,0x00000000d6b00000)
  from space 2560K, 88% used [0x00000000d6c00000,0x00000000d6e39000,0x00000000d6e80000)
  to   space 1536K, 0% used [0x00000000d6e80000,0x00000000d6e80000,0x00000000d7000000)
 ParOldGen       total 68608K, used 46913K [0x0000000080000000, 0x0000000084300000, 0x00000000d5580000)
  object space 68608K, 68% used [0x0000000080000000,0x0000000082dd04e8,0x0000000084300000)
 Metaspace       used 58369K, committed 59584K, reserved 1114112K
  class space    used 6871K, committed 7360K, reserved 1048576K
}
Event: 118.973 GC heap after
{Heap after GC invocations=36 (full 2):
 PSYoungGen      total 22528K, used 1536K [0x00000000d5580000, 0x00000000d7400000, 0x0000000100000000)
  eden space 20992K, 0% used [0x00000000d5580000,0x00000000d5580000,0x00000000d6a00000)
  from space 1536K, 100% used [0x00000000d6e80000,0x00000000d7000000,0x00000000d7000000)
  to   space 4608K, 0% used [0x00000000d6a00000,0x00000000d6a00000,0x00000000d6e80000)
 ParOldGen       total 68608K, used 49373K [0x0000000080000000, 0x0000000084300000, 0x00000000d5580000)
  object space 68608K, 71% used [0x0000000080000000,0x00000000830376b0,0x0000000084300000)
 Metaspace       used 58369K, committed 59584K, reserved 1114112K
  class space    used 6871K, committed 7360K, reserved 1048576K
}
Event: 119.310 GC heap before
{Heap before GC invocations=37 (full 2):
 PSYoungGen      total 22528K, used 22528K [0x00000000d5580000, 0x00000000d7400000, 0x0000000100000000)
  eden space 20992K, 100% used [0x00000000d5580000,0x00000000d6a00000,0x00000000d6a00000)
  from space 1536K, 100% used [0x00000000d6e80000,0x00000000d7000000,0x00000000d7000000)
  to   space 4608K, 0% used [0x00000000d6a00000,0x00000000d6a00000,0x00000000d6e80000)
 ParOldGen       total 68608K, used 49373K [0x0000000080000000, 0x0000000084300000, 0x00000000d5580000)
  object space 68608K, 71% used [0x0000000080000000,0x00000000830376b0,0x0000000084300000)
 Metaspace       used 58420K, committed 59712K, reserved 1114112K
  class space    used 6874K, committed 7424K, reserved 1048576K
}
Event: 119.319 GC heap after
{Heap after GC invocations=37 (full 2):
 PSYoungGen      total 23552K, used 2104K [0x00000000d5580000, 0x00000000d7000000, 0x0000000100000000)
  eden space 20992K, 0% used [0x00000000d5580000,0x00000000d5580000,0x00000000d6a00000)
  from space 2560K, 82% used [0x00000000d6a00000,0x00000000d6c0e210,0x00000000d6c80000)
  to   space 3072K, 0% used [0x00000000d6d00000,0x00000000d6d00000,0x00000000d7000000)
 ParOldGen       total 68608K, used 50917K [0x0000000080000000, 0x0000000084300000, 0x00000000d5580000)
  object space 68608K, 74% used [0x0000000080000000,0x00000000831b96b0,0x0000000084300000)
 Metaspace       used 58420K, committed 59712K, reserved 1114112K
  class space    used 6874K, committed 7424K, reserved 1048576K
}
Event: 119.713 GC heap before
{Heap before GC invocations=38 (full 2):
 PSYoungGen      total 23552K, used 20457K [0x00000000d5580000, 0x00000000d7000000, 0x0000000100000000)
  eden space 20992K, 87% used [0x00000000d5580000,0x00000000d676c4e0,0x00000000d6a00000)
  from space 2560K, 82% used [0x00000000d6a00000,0x00000000d6c0e210,0x00000000d6c80000)
  to   space 3072K, 0% used [0x00000000d6d00000,0x00000000d6d00000,0x00000000d7000000)
 ParOldGen       total 68608K, used 50917K [0x0000000080000000, 0x0000000084300000, 0x00000000d5580000)
  object space 68608K, 74% used [0x0000000080000000,0x00000000831b96b0,0x0000000084300000)
 Metaspace       used 58549K, committed 59776K, reserved 1114112K
  class space    used 6878K, committed 7424K, reserved 1048576K
}
Event: 119.722 GC heap after
{Heap after GC invocations=38 (full 2):
 PSYoungGen      total 23040K, used 1632K [0x00000000d5580000, 0x00000000d6f00000, 0x0000000100000000)
  eden space 20992K, 0% used [0x00000000d5580000,0x00000000d5580000,0x00000000d6a00000)
  from space 2048K, 79% used [0x00000000d6d00000,0x00000000d6e98000,0x00000000d6f00000)
  to   space 2048K, 0% used [0x00000000d6b00000,0x00000000d6b00000,0x00000000d6d00000)
 ParOldGen       total 68608K, used 52894K [0x0000000080000000, 0x0000000084300000, 0x00000000d5580000)
  object space 68608K, 77% used [0x0000000080000000,0x00000000833a78c0,0x0000000084300000)
 Metaspace       used 58549K, committed 59776K, reserved 1114112K
  class space    used 6878K, committed 7424K, reserved 1048576K
}
Event: 119.722 GC heap before
{Heap before GC invocations=39 (full 3):
 PSYoungGen      total 23040K, used 1632K [0x00000000d5580000, 0x00000000d6f00000, 0x0000000100000000)
  eden space 20992K, 0% used [0x00000000d5580000,0x00000000d5580000,0x00000000d6a00000)
  from space 2048K, 79% used [0x00000000d6d00000,0x00000000d6e98000,0x00000000d6f00000)
  to   space 2048K, 0% used [0x00000000d6b00000,0x00000000d6b00000,0x00000000d6d00000)
 ParOldGen       total 68608K, used 52894K [0x0000000080000000, 0x0000000084300000, 0x00000000d5580000)
  object space 68608K, 77% used [0x0000000080000000,0x00000000833a78c0,0x0000000084300000)
 Metaspace       used 58549K, committed 59776K, reserved 1114112K
  class space    used 6878K, committed 7424K, reserved 1048576K
}
Event: 120.049 GC heap after
{Heap after GC invocations=39 (full 3):
 PSYoungGen      total 23040K, used 0K [0x00000000d5580000, 0x00000000d6f00000, 0x0000000100000000)
  eden space 20992K, 0% used [0x00000000d5580000,0x00000000d5580000,0x00000000d6a00000)
  from space 2048K, 0% used [0x00000000d6d00000,0x00000000d6d00000,0x00000000d6f00000)
  to   space 2048K, 0% used [0x00000000d6b00000,0x00000000d6b00000,0x00000000d6d00000)
 ParOldGen       total 68608K, used 51475K [0x0000000080000000, 0x0000000084300000, 0x00000000d5580000)
  object space 68608K, 75% used [0x0000000080000000,0x0000000083244d30,0x0000000084300000)
 Metaspace       used 58549K, committed 59776K, reserved 1114112K
  class space    used 6878K, committed 7424K, reserved 1048576K
}
Event: 4629.424 GC heap before
{Heap before GC invocations=40 (full 3):
 PSYoungGen      total 23040K, used 20982K [0x00000000d5580000, 0x00000000d6f00000, 0x0000000100000000)
  eden space 20992K, 99% used [0x00000000d5580000,0x00000000d69fdaf8,0x00000000d6a00000)
  from space 2048K, 0% used [0x00000000d6d00000,0x00000000d6d00000,0x00000000d6f00000)
  to   space 2048K, 0% used [0x00000000d6b00000,0x00000000d6b00000,0x00000000d6d00000)
 ParOldGen       total 68608K, used 51475K [0x0000000080000000, 0x0000000084300000, 0x00000000d5580000)
  object space 68608K, 75% used [0x0000000080000000,0x0000000083244d30,0x0000000084300000)
 Metaspace       used 61248K, committed 62656K, reserved 1114112K
  class space    used 7210K, committed 7808K, reserved 1048576K
}
Event: 4629.493 GC heap after
{Heap after GC invocations=40 (full 3):
 PSYoungGen      total 22528K, used 1230K [0x00000000d5580000, 0x00000000d6d80000, 0x0000000100000000)
  eden space 20992K, 0% used [0x00000000d5580000,0x00000000d5580000,0x00000000d6a00000)
  from space 1536K, 80% used [0x00000000d6b00000,0x00000000d6c339c0,0x00000000d6c80000)
  to   space 1024K, 0% used [0x00000000d6c80000,0x00000000d6c80000,0x00000000d6d80000)
 ParOldGen       total 68608K, used 51483K [0x0000000080000000, 0x0000000084300000, 0x00000000d5580000)
  object space 68608K, 75% used [0x0000000080000000,0x0000000083246d30,0x0000000084300000)
 Metaspace       used 61248K, committed 62656K, reserved 1114112K
  class space    used 7210K, committed 7808K, reserved 1048576K
}
Event: 4639.952 GC heap before
{Heap before GC invocations=41 (full 3):
 PSYoungGen      total 22528K, used 22222K [0x00000000d5580000, 0x00000000d6d80000, 0x0000000100000000)
  eden space 20992K, 100% used [0x00000000d5580000,0x00000000d6a00000,0x00000000d6a00000)
  from space 1536K, 80% used [0x00000000d6b00000,0x00000000d6c339c0,0x00000000d6c80000)
  to   space 1024K, 0% used [0x00000000d6c80000,0x00000000d6c80000,0x00000000d6d80000)
 ParOldGen       total 68608K, used 51483K [0x0000000080000000, 0x0000000084300000, 0x00000000d5580000)
  object space 68608K, 75% used [0x0000000080000000,0x0000000083246d30,0x0000000084300000)
 Metaspace       used 63087K, committed 64512K, reserved 1114112K
  class space    used 7401K, committed 8000K, reserved 1048576K
}
Event: 4639.968 GC heap after
{Heap after GC invocations=41 (full 3):
 PSYoungGen      total 22016K, used 996K [0x00000000d5580000, 0x00000000d6e00000, 0x0000000100000000)
  eden space 20992K, 0% used [0x00000000d5580000,0x00000000d5580000,0x00000000d6a00000)
  from space 1024K, 97% used [0x00000000d6c80000,0x00000000d6d793e8,0x00000000d6d80000)
  to   space 2048K, 0% used [0x00000000d6a00000,0x00000000d6a00000,0x00000000d6c00000)
 ParOldGen       total 68608K, used 52330K [0x0000000080000000, 0x0000000084300000, 0x00000000d5580000)
  object space 68608K, 76% used [0x0000000080000000,0x000000008331a830,0x0000000084300000)
 Metaspace       used 63087K, committed 64512K, reserved 1114112K
  class space    used 7401K, committed 8000K, reserved 1048576K
}
Event: 4642.744 GC heap before
{Heap before GC invocations=42 (full 3):
 PSYoungGen      total 22016K, used 21988K [0x00000000d5580000, 0x00000000d6e00000, 0x0000000100000000)
  eden space 20992K, 100% used [0x00000000d5580000,0x00000000d6a00000,0x00000000d6a00000)
  from space 1024K, 97% used [0x00000000d6c80000,0x00000000d6d793e8,0x00000000d6d80000)
  to   space 2048K, 0% used [0x00000000d6a00000,0x00000000d6a00000,0x00000000d6c00000)
 ParOldGen       total 68608K, used 52330K [0x0000000080000000, 0x0000000084300000, 0x00000000d5580000)
  object space 68608K, 76% used [0x0000000080000000,0x000000008331a830,0x0000000084300000)
 Metaspace       used 64216K, committed 65600K, reserved 1114112K
  class space    used 7517K, committed 8128K, reserved 1048576K
}
Event: 4642.754 GC heap after
{Heap after GC invocations=42 (full 3):
 PSYoungGen      total 23040K, used 448K [0x00000000d5580000, 0x00000000d6d00000, 0x0000000100000000)
  eden space 20992K, 0% used [0x00000000d5580000,0x00000000d5580000,0x00000000d6a00000)
  from space 2048K, 21% used [0x00000000d6a00000,0x00000000d6a70000,0x00000000d6c00000)
  to   space 1024K, 0% used [0x00000000d6c00000,0x00000000d6c00000,0x00000000d6d00000)
 ParOldGen       total 68608K, used 53153K [0x0000000080000000, 0x0000000084300000, 0x00000000d5580000)
  object space 68608K, 77% used [0x0000000080000000,0x00000000833e8790,0x0000000084300000)
 Metaspace       used 64216K, committed 65600K, reserved 1114112K
  class space    used 7517K, committed 8128K, reserved 1048576K
}

