# JRE version: OpenJDK Runtime Environment Temurin-21.0.9+10 (21.0.9+10) (build 21.0.9+10-LTS)
# Java VM: OpenJDK 64-Bit Server VM Temurin-21.0.9+10 (21.0.9+10-LTS, mixed mode, sharing, tiered, compressed oops, compressed class ptrs, parallel gc, windows-amd64)
GC Precious Log:
 CardTable entry size: 512
 CPUs: 8 total, 8 available
 Memory: 8083M
 Large Page Support: Disabled
 NUMA Support: Disabled
 Compressed Oops: Enabled (32-bit)
 Alignments: Space 512K, Generation 512K, Heap 2M
 Heap Min Capacity: 100M
 Heap Initial Capacity: 100M
 Heap Max Capacity: 2G
 Pre-touch: Disabled
 Parallel Workers: 8
Heap:
 PSYoungGen      total 6144K, used 2941K [0x00000000d5580000, 0x00000000d6000000, 0x0000000100000000)
  eden space 3072K, 8% used [0x00000000d5580000,0x00000000d55bf430,0x00000000d5880000)
  from space 3072K, 87% used [0x00000000d5d00000,0x00000000d5fa0020,0x00000000d6000000)
  to   space 3584K, 0% used [0x00000000d5900000,0x00000000d5900000,0x00000000d5c80000)
 ParOldGen       total 135680K, used 135431K [0x0000000080000000, 0x0000000088480000, 0x00000000d5580000)
  object space 135680K, 99% used [0x0000000080000000,0x0000000088441cf8,0x0000000088480000)
 Metaspace       used 77049K, committed 78656K, reserved 1179648K
  class space    used 9383K, committed 10112K, reserved 1048576K
GC Heap History (20 events):
Event: 5978.797 GC heap before
{Heap before GC invocations=70 (full 3):
 PSYoungGen      total 6656K, used 6252K [0x00000000d5580000, 0x00000000d6580000, 0x0000000100000000)
  eden space 3072K, 100% used [0x00000000d5580000,0x00000000d5880000,0x00000000d5880000)
  from space 3584K, 88% used [0x00000000d6200000,0x00000000d651b0a0,0x00000000d6580000)
  to   space 3584K, 0% used [0x00000000d5c80000,0x00000000d5c80000,0x00000000d6000000)
 ParOldGen       total 107520K, used 107027K [0x0000000080000000, 0x0000000086900000, 0x00000000d5580000)
  object space 107520K, 99% used [0x0000000080000000,0x0000000086884c58,0x0000000086900000)
 Metaspace       used 76909K, committed 78528K, reserved 1179648K
  class space    used 9368K, committed 10112K, reserved 1048576K
}
Event: 5978.806 GC heap after
{Heap after GC invocations=70 (full 3):
 PSYoungGen      total 6144K, used 3072K [0x00000000d5580000, 0x00000000d6280000, 0x0000000100000000)
  eden space 3072K, 0% used [0x00000000d5580000,0x00000000d5580000,0x00000000d5880000)
  from space 3072K, 100% used [0x00000000d5c80000,0x00000000d5f80000,0x00000000d5f80000)
  to   space 3072K, 0% used [0x00000000d5f80000,0x00000000d5f80000,0x00000000d6280000)
 ParOldGen       total 110080K, used 110079K [0x0000000080000000, 0x0000000086b80000, 0x00000000d5580000)
  object space 110080K, 99% used [0x0000000080000000,0x0000000086b7fcf8,0x0000000086b80000)
 Metaspace       used 76909K, committed 78528K, reserved 1179648K
  class space    used 9368K, committed 10112K, reserved 1048576K
}
Event: 5978.879 GC heap before
{Heap before GC invocations=71 (full 3):
 PSYoungGen      total 6144K, used 6144K [0x00000000d5580000, 0x00000000d6280000, 0x0000000100000000)
  eden space 3072K, 100% used [0x00000000d5580000,0x00000000d5880000,0x00000000d5880000)
  from space 3072K, 100% used [0x00000000d5c80000,0x00000000d5f80000,0x00000000d5f80000)
  to   space 3072K, 0% used [0x00000000d5f80000,0x00000000d5f80000,0x00000000d6280000)
 ParOldGen       total 110080K, used 110079K [0x0000000080000000, 0x0000000086b80000, 0x00000000d5580000)
  object space 110080K, 99% used [0x0000000080000000,0x0000000086b7fcf8,0x0000000086b80000)
 Metaspace       used 76909K, committed 78528K, reserved 1179648K
  class space    used 9368K, committed 10112K, reserved 1048576K
}
Event: 5978.890 GC heap after
{Heap after GC invocations=71 (full 3):
 PSYoungGen      total 6144K, used 3072K [0x00000000d5580000, 0x00000000d6680000, 0x0000000100000000)
  eden space 3072K, 0% used [0x00000000d5580000,0x00000000d5580000,0x00000000d5880000)
  from space 3072K, 100% used [0x00000000d5f80000,0x00000000d6280000,0x00000000d6280000)
  to   space 7168K, 0% used [0x00000000d5880000,0x00000000d5880000,0x00000000d5f80000)
 ParOldGen       total 113664K, used 113231K [0x0000000080000000, 0x0000000086f00000, 0x00000000d5580000)
  object space 113664K, 99% used [0x0000000080000000,0x0000000086e93cf8,0x0000000086f00000)
 Metaspace       used 76909K, committed 78528K, reserved 1179648K
  class space    used 9368K, committed 10112K, reserved 1048576K
}
Event: 5980.718 GC heap before
{Heap before GC invocations=72 (full 3):
 PSYoungGen      total 6144K, used 6144K [0x00000000d5580000, 0x00000000d6680000, 0x0000000100000000)
  eden space 3072K, 100% used [0x00000000d5580000,0x00000000d5880000,0x00000000d5880000)
  from space 3072K, 100% used [0x00000000d5f80000,0x00000000d6280000,0x00000000d6280000)
  to   space 7168K, 0% used [0x00000000d5880000,0x00000000d5880000,0x00000000d5f80000)
 ParOldGen       total 113664K, used 113231K [0x0000000080000000, 0x0000000086f00000, 0x00000000d5580000)
  object space 113664K, 99% used [0x0000000080000000,0x0000000086e93cf8,0x0000000086f00000)
 Metaspace       used 76909K, committed 78528K, reserved 1179648K
  class space    used 9368K, committed 10112K, reserved 1048576K
}
Event: 5980.745 GC heap after
{Heap after GC invocations=72 (full 3):
 PSYoungGen      total 6656K, used 3168K [0x00000000d5580000, 0x00000000d6180000, 0x0000000100000000)
  eden space 3072K, 0% used [0x00000000d5580000,0x00000000d5580000,0x00000000d5880000)
  from space 3584K, 88% used [0x00000000d5880000,0x00000000d5b98000,0x00000000d5c00000)
  to   space 4608K, 0% used [0x00000000d5d00000,0x00000000d5d00000,0x00000000d6180000)
 ParOldGen       total 116736K, used 116263K [0x0000000080000000, 0x0000000087200000, 0x00000000d5580000)
  object space 116736K, 99% used [0x0000000080000000,0x0000000087189cf8,0x0000000087200000)
 Metaspace       used 76909K, committed 78528K, reserved 1179648K
  class space    used 9368K, committed 10112K, reserved 1048576K
}
Event: 5981.689 GC heap before
{Heap before GC invocations=73 (full 3):
 PSYoungGen      total 6656K, used 6240K [0x00000000d5580000, 0x00000000d6180000, 0x0000000100000000)
  eden space 3072K, 100% used [0x00000000d5580000,0x00000000d5880000,0x00000000d5880000)
  from space 3584K, 88% used [0x00000000d5880000,0x00000000d5b98000,0x00000000d5c00000)
  to   space 4608K, 0% used [0x00000000d5d00000,0x00000000d5d00000,0x00000000d6180000)
 ParOldGen       total 116736K, used 116263K [0x0000000080000000, 0x0000000087200000, 0x00000000d5580000)
  object space 116736K, 99% used [0x0000000080000000,0x0000000087189cf8,0x0000000087200000)
 Metaspace       used 76909K, committed 78528K, reserved 1179648K
  class space    used 9368K, committed 10112K, reserved 1048576K
}
Event: 5981.700 GC heap after
{Heap after GC invocations=73 (full 3):
 PSYoungGen      total 6656K, used 3136K [0x00000000d5580000, 0x00000000d6080000, 0x0000000100000000)
  eden space 3072K, 0% used [0x00000000d5580000,0x00000000d5580000,0x00000000d5880000)
  from space 3584K, 87% used [0x00000000d5d00000,0x00000000d6010000,0x00000000d6080000)
  to   space 3584K, 0% used [0x00000000d5880000,0x00000000d5880000,0x00000000d5c00000)
 ParOldGen       total 119808K, used 119367K [0x0000000080000000, 0x0000000087500000, 0x00000000d5580000)
  object space 119808K, 99% used [0x0000000080000000,0x0000000087491cf8,0x0000000087500000)
 Metaspace       used 76909K, committed 78528K, reserved 1179648K
  class space    used 9368K, committed 10112K, reserved 1048576K
}
Event: 5983.080 GC heap before
{Heap before GC invocations=74 (full 3):
 PSYoungGen      total 6656K, used 6208K [0x00000000d5580000, 0x00000000d6080000, 0x0000000100000000)
  eden space 3072K, 100% used [0x00000000d5580000,0x00000000d5880000,0x00000000d5880000)
  from space 3584K, 87% used [0x00000000d5d00000,0x00000000d6010000,0x00000000d6080000)
  to   space 3584K, 0% used [0x00000000d5880000,0x00000000d5880000,0x00000000d5c00000)
 ParOldGen       total 119808K, used 119367K [0x0000000080000000, 0x0000000087500000, 0x00000000d5580000)
  object space 119808K, 99% used [0x0000000080000000,0x0000000087491cf8,0x0000000087500000)
 Metaspace       used 76909K, committed 78528K, reserved 1179648K
  class space    used 9368K, committed 10112K, reserved 1048576K
}
Event: 5983.089 GC heap after
{Heap after GC invocations=74 (full 3):
 PSYoungGen      total 6656K, used 3168K [0x00000000d5580000, 0x00000000d5f80000, 0x0000000100000000)
  eden space 3072K, 0% used [0x00000000d5580000,0x00000000d5580000,0x00000000d5880000)
  from space 3584K, 88% used [0x00000000d5880000,0x00000000d5b98000,0x00000000d5c00000)
  to   space 3584K, 0% used [0x00000000d5c00000,0x00000000d5c00000,0x00000000d5f80000)
 ParOldGen       total 122880K, used 122471K [0x0000000080000000, 0x0000000087800000, 0x00000000d5580000)
  object space 122880K, 99% used [0x0000000080000000,0x0000000087799cf8,0x0000000087800000)
 Metaspace       used 76909K, committed 78528K, reserved 1179648K
  class space    used 9368K, committed 10112K, reserved 1048576K
}
Event: 5983.325 GC heap before
{Heap before GC invocations=75 (full 3):
 PSYoungGen      total 6656K, used 6240K [0x00000000d5580000, 0x00000000d5f80000, 0x0000000100000000)
  eden space 3072K, 100% used [0x00000000d5580000,0x00000000d5880000,0x00000000d5880000)
  from space 3584K, 88% used [0x00000000d5880000,0x00000000d5b98000,0x00000000d5c00000)
  to   space 3584K, 0% used [0x00000000d5c00000,0x00000000d5c00000,0x00000000d5f80000)
 ParOldGen       total 122880K, used 122471K [0x0000000080000000, 0x0000000087800000, 0x00000000d5580000)
  object space 122880K, 99% used [0x0000000080000000,0x0000000087799cf8,0x0000000087800000)
 Metaspace       used 76909K, committed 78528K, reserved 1179648K
  class space    used 9368K, committed 10112K, reserved 1048576K
}
Event: 5983.333 GC heap after
{Heap after GC invocations=75 (full 3):
 PSYoungGen      total 6656K, used 3168K [0x00000000d5580000, 0x00000000d5f80000, 0x0000000100000000)
  eden space 3072K, 0% used [0x00000000d5580000,0x00000000d5580000,0x00000000d5880000)
  from space 3584K, 88% used [0x00000000d5c00000,0x00000000d5f18000,0x00000000d5f80000)
  to   space 3584K, 0% used [0x00000000d5880000,0x00000000d5880000,0x00000000d5c00000)
 ParOldGen       total 125952K, used 125583K [0x0000000080000000, 0x0000000087b00000, 0x00000000d5580000)
  object space 125952K, 99% used [0x0000000080000000,0x0000000087aa3cf8,0x0000000087b00000)
 Metaspace       used 76909K, committed 78528K, reserved 1179648K
  class space    used 9368K, committed 10112K, reserved 1048576K
}
Event: 5983.942 GC heap before
{Heap before GC invocations=76 (full 3):
 PSYoungGen      total 6656K, used 6240K [0x00000000d5580000, 0x00000000d5f80000, 0x0000000100000000)
  eden space 3072K, 100% used [0x00000000d5580000,0x00000000d5880000,0x00000000d5880000)
  from space 3584K, 88% used [0x00000000d5c00000,0x00000000d5f18000,0x00000000d5f80000)
  to   space 3584K, 0% used [0x00000000d5880000,0x00000000d5880000,0x00000000d5c00000)
 ParOldGen       total 125952K, used 125583K [0x0000000080000000, 0x0000000087b00000, 0x00000000d5580000)
  object space 125952K, 99% used [0x0000000080000000,0x0000000087aa3cf8,0x0000000087b00000)
 Metaspace       used 76909K, committed 78528K, reserved 1179648K
  class space    used 9368K, committed 10112K, reserved 1048576K
}
Event: 5983.949 GC heap after
{Heap after GC invocations=76 (full 3):
 PSYoungGen      total 6656K, used 3136K [0x00000000d5580000, 0x00000000d5f80000, 0x0000000100000000)
  eden space 3072K, 0% used [0x00000000d5580000,0x00000000d5580000,0x00000000d5880000)
  from space 3584K, 87% used [0x00000000d5880000,0x00000000d5b90000,0x00000000d5c00000)
  to   space 3584K, 0% used [0x00000000d5c00000,0x00000000d5c00000,0x00000000d5f80000)
 ParOldGen       total 129024K, used 128687K [0x0000000080000000, 0x0000000087e00000, 0x00000000d5580000)
  object space 129024K, 99% used [0x0000000080000000,0x0000000087dabcf8,0x0000000087e00000)
 Metaspace       used 76909K, committed 78528K, reserved 1179648K
  class space    used 9368K, committed 10112K, reserved 1048576K
}
Event: 5987.355 GC heap before
{Heap before GC invocations=77 (full 3):
 PSYoungGen      total 6656K, used 5821K [0x00000000d5580000, 0x00000000d5f80000, 0x0000000100000000)
  eden space 3072K, 87% used [0x00000000d5580000,0x00000000d581f5c0,0x00000000d5880000)
  from space 3584K, 87% used [0x00000000d5880000,0x00000000d5b90000,0x00000000d5c00000)
  to   space 3584K, 0% used [0x00000000d5c00000,0x00000000d5c00000,0x00000000d5f80000)
 ParOldGen       total 129024K, used 128687K [0x0000000080000000, 0x0000000087e00000, 0x00000000d5580000)
  object space 129024K, 99% used [0x0000000080000000,0x0000000087dabcf8,0x0000000087e00000)
 Metaspace       used 76909K, committed 78528K, reserved 1179648K
  class space    used 9368K, committed 10112K, reserved 1048576K
}
Event: 5987.363 GC heap after
{Heap after GC invocations=77 (full 3):
 PSYoungGen      total 5632K, used 2176K [0x00000000d5580000, 0x00000000d5e80000, 0x0000000100000000)
  eden space 3072K, 0% used [0x00000000d5580000,0x00000000d5580000,0x00000000d5880000)
  from space 2560K, 85% used [0x00000000d5c00000,0x00000000d5e20000,0x00000000d5e80000)
  to   space 2560K, 0% used [0x00000000d5980000,0x00000000d5980000,0x00000000d5c00000)
 ParOldGen       total 132096K, used 131767K [0x0000000080000000, 0x0000000088100000, 0x00000000d5580000)
  object space 132096K, 99% used [0x0000000080000000,0x00000000880adcf8,0x0000000088100000)
 Metaspace       used 76909K, committed 78528K, reserved 1179648K
  class space    used 9368K, committed 10112K, reserved 1048576K
}
Event: 5988.051 GC heap before
{Heap before GC invocations=78 (full 3):
 PSYoungGen      total 5632K, used 4883K [0x00000000d5580000, 0x00000000d5e80000, 0x0000000100000000)
  eden space 3072K, 88% used [0x00000000d5580000,0x00000000d5824c28,0x00000000d5880000)
  from space 2560K, 85% used [0x00000000d5c00000,0x00000000d5e20000,0x00000000d5e80000)
  to   space 2560K, 0% used [0x00000000d5980000,0x00000000d5980000,0x00000000d5c00000)
 ParOldGen       total 132096K, used 131767K [0x0000000080000000, 0x0000000088100000, 0x00000000d5580000)
  object space 132096K, 99% used [0x0000000080000000,0x00000000880adcf8,0x0000000088100000)
 Metaspace       used 76909K, committed 78528K, reserved 1179648K
  class space    used 9368K, committed 10112K, reserved 1048576K
}
Event: 5988.063 GC heap after
{Heap after GC invocations=78 (full 3):
 PSYoungGen      total 5632K, used 2544K [0x00000000d5580000, 0x00000000d6180000, 0x0000000100000000)
  eden space 3072K, 0% used [0x00000000d5580000,0x00000000d5580000,0x00000000d5880000)
  from space 2560K, 99% used [0x00000000d5980000,0x00000000d5bfc000,0x00000000d5c00000)
  to   space 4608K, 0% used [0x00000000d5d00000,0x00000000d5d00000,0x00000000d6180000)
 ParOldGen       total 133632K, used 133415K [0x0000000080000000, 0x0000000088280000, 0x00000000d5580000)
  object space 133632K, 99% used [0x0000000080000000,0x0000000088249cf8,0x0000000088280000)
 Metaspace       used 76909K, committed 78528K, reserved 1179648K
  class space    used 9368K, committed 10112K, reserved 1048576K
}
Event: 5998.377 GC heap before
{Heap before GC invocations=79 (full 3):
 PSYoungGen      total 5632K, used 5616K [0x00000000d5580000, 0x00000000d6180000, 0x0000000100000000)
  eden space 3072K, 100% used [0x00000000d5580000,0x00000000d5880000,0x00000000d5880000)
  from space 2560K, 99% used [0x00000000d5980000,0x00000000d5bfc000,0x00000000d5c00000)
  to   space 4608K, 0% used [0x00000000d5d00000,0x00000000d5d00000,0x00000000d6180000)
 ParOldGen       total 133632K, used 133415K [0x0000000080000000, 0x0000000088280000, 0x00000000d5580000)
  object space 133632K, 99% used [0x0000000080000000,0x0000000088249cf8,0x0000000088280000)
 Metaspace       used 77022K, committed 78592K, reserved 1179648K
  class space    used 9381K, committed 10112K, reserved 1048576K
}
Event: 5998.397 GC heap after
{Heap after GC invocations=79 (full 3):
 PSYoungGen      total 6144K, used 2688K [0x00000000d5580000, 0x00000000d6000000, 0x0000000100000000)
  eden space 3072K, 0% used [0x00000000d5580000,0x00000000d5580000,0x00000000d5880000)
  from space 3072K, 87% used [0x00000000d5d00000,0x00000000d5fa0020,0x00000000d6000000)
  to   space 3584K, 0% used [0x00000000d5900000,0x00000000d5900000,0x00000000d5c80000)
 ParOldGen       total 135680K, used 135431K [0x0000000080000000, 0x0000000088480000, 0x00000000d5580000)
  object space 135680K, 99% used [0x0000000080000000,0x0000000088441cf8,0x0000000088480000)
 Metaspace       used 77022K, committed 78592K, reserved 1179648K
  class space    used 9381K, committed 10112K, reserved 1048576K
}

