# JRE version: OpenJDK Runtime Environment Temurin-21.0.9+10 (21.0.9+10) (build 21.0.9+10-LTS)
# Java VM: OpenJDK 64-Bit Server VM Temurin-21.0.9+10 (21.0.9+10-LTS, mixed mode, sharing, tiered, compressed oops, compressed class ptrs, parallel gc, windows-amd64)
GC Precious Log:
 CardTable entry size: 512
 CPUs: 8 total, 8 available
 Memory: 8083M
 Large Page Support: Disabled
 NUMA Support: Disabled
 Compressed Oops: Enabled (32-bit)
 Alignments: Space 512K, Generation 512K, Heap 2M
 Heap Min Capacity: 100M
 Heap Initial Capacity: 100M
 Heap Max Capacity: 2G
 Pre-touch: Disabled
 Parallel Workers: 8
Heap:
 PSYoungGen      total 14848K, used 6291K [0x00000000d5580000, 0x00000000d6580000, 0x0000000100000000)
  eden space 13312K, 38% used [0x00000000d5580000,0x00000000d5a7cc08,0x00000000d6280000)
  from space 1536K, 77% used [0x00000000d6400000,0x00000000d6528040,0x00000000d6580000)
  to   space 1536K, 0% used [0x00000000d6280000,0x00000000d6280000,0x00000000d6400000)
 ParOldGen       total 68608K, used 51923K [0x0000000080000000, 0x0000000084300000, 0x00000000d5580000)
  object space 68608K, 75% used [0x0000000080000000,0x00000000832b4d18,0x0000000084300000)
 Metaspace       used 58315K, committed 59712K, reserved 1114112K
  class space    used 6826K, committed 7424K, reserved 1048576K
GC Heap History (20 events):
Event: 28.419 GC heap before
{Heap before GC invocations=35 (full 2):
 PSYoungGen      total 14848K, used 14832K [0x00000000d5580000, 0x00000000d6880000, 0x0000000100000000)
  eden space 14336K, 100% used [0x00000000d5580000,0x00000000d6380000,0x00000000d6380000)
  from space 512K, 96% used [0x00000000d6800000,0x00000000d687c030,0x00000000d6880000)
  to   space 2048K, 0% used [0x00000000d6480000,0x00000000d6480000,0x00000000d6680000)
 ParOldGen       total 68608K, used 39931K [0x0000000080000000, 0x0000000084300000, 0x00000000d5580000)
  object space 68608K, 58% used [0x0000000080000000,0x00000000826fefd0,0x0000000084300000)
 Metaspace       used 57020K, committed 58368K, reserved 1114112K
  class space    used 6705K, committed 7296K, reserved 1048576K
}
Event: 28.425 GC heap after
{Heap after GC invocations=35 (full 2):
 PSYoungGen      total 16384K, used 1440K [0x00000000d5580000, 0x00000000d6880000, 0x0000000100000000)
  eden space 14336K, 0% used [0x00000000d5580000,0x00000000d5580000,0x00000000d6380000)
  from space 2048K, 70% used [0x00000000d6480000,0x00000000d65e8010,0x00000000d6680000)
  to   space 2048K, 0% used [0x00000000d6680000,0x00000000d6680000,0x00000000d6880000)
 ParOldGen       total 68608K, used 40350K [0x0000000080000000, 0x0000000084300000, 0x00000000d5580000)
  object space 68608K, 58% used [0x0000000080000000,0x0000000082767940,0x0000000084300000)
 Metaspace       used 57020K, committed 58368K, reserved 1114112K
  class space    used 6705K, committed 7296K, reserved 1048576K
}
Event: 28.577 GC heap before
{Heap before GC invocations=36 (full 2):
 PSYoungGen      total 16384K, used 15776K [0x00000000d5580000, 0x00000000d6880000, 0x0000000100000000)
  eden space 14336K, 100% used [0x00000000d5580000,0x00000000d6380000,0x00000000d6380000)
  from space 2048K, 70% used [0x00000000d6480000,0x00000000d65e8010,0x00000000d6680000)
  to   space 2048K, 0% used [0x00000000d6680000,0x00000000d6680000,0x00000000d6880000)
 ParOldGen       total 68608K, used 40350K [0x0000000080000000, 0x0000000084300000, 0x00000000d5580000)
  object space 68608K, 58% used [0x0000000080000000,0x0000000082767940,0x0000000084300000)
 Metaspace       used 57161K, committed 58560K, reserved 1114112K
  class space    used 6728K, committed 7296K, reserved 1048576K
}
Event: 28.580 GC heap after
{Heap after GC invocations=36 (full 2):
 PSYoungGen      total 16384K, used 1687K [0x00000000d5580000, 0x00000000d6880000, 0x0000000100000000)
  eden space 14336K, 0% used [0x00000000d5580000,0x00000000d5580000,0x00000000d6380000)
  from space 2048K, 82% used [0x00000000d6680000,0x00000000d6825d58,0x00000000d6880000)
  to   space 2048K, 0% used [0x00000000d6480000,0x00000000d6480000,0x00000000d6680000)
 ParOldGen       total 68608K, used 41662K [0x0000000080000000, 0x0000000084300000, 0x00000000d5580000)
  object space 68608K, 60% used [0x0000000080000000,0x00000000828af950,0x0000000084300000)
 Metaspace       used 57161K, committed 58560K, reserved 1114112K
  class space    used 6728K, committed 7296K, reserved 1048576K
}
Event: 28.694 GC heap before
{Heap before GC invocations=37 (full 2):
 PSYoungGen      total 16384K, used 16023K [0x00000000d5580000, 0x00000000d6880000, 0x0000000100000000)
  eden space 14336K, 100% used [0x00000000d5580000,0x00000000d6380000,0x00000000d6380000)
  from space 2048K, 82% used [0x00000000d6680000,0x00000000d6825d58,0x00000000d6880000)
  to   space 2048K, 0% used [0x00000000d6480000,0x00000000d6480000,0x00000000d6680000)
 ParOldGen       total 68608K, used 41662K [0x0000000080000000, 0x0000000084300000, 0x00000000d5580000)
  object space 68608K, 60% used [0x0000000080000000,0x00000000828af950,0x0000000084300000)
 Metaspace       used 57416K, committed 58816K, reserved 1114112K
  class space    used 6763K, committed 7360K, reserved 1048576K
}
Event: 28.699 GC heap after
{Heap after GC invocations=37 (full 2):
 PSYoungGen      total 15872K, used 1472K [0x00000000d5580000, 0x00000000d6780000, 0x0000000100000000)
  eden space 14336K, 0% used [0x00000000d5580000,0x00000000d5580000,0x00000000d6380000)
  from space 1536K, 95% used [0x00000000d6480000,0x00000000d65f0020,0x00000000d6600000)
  to   space 1536K, 0% used [0x00000000d6600000,0x00000000d6600000,0x00000000d6780000)
 ParOldGen       total 68608K, used 43216K [0x0000000080000000, 0x0000000084300000, 0x00000000d5580000)
  object space 68608K, 62% used [0x0000000080000000,0x0000000082a34150,0x0000000084300000)
 Metaspace       used 57416K, committed 58816K, reserved 1114112K
  class space    used 6763K, committed 7360K, reserved 1048576K
}
Event: 28.819 GC heap before
{Heap before GC invocations=38 (full 2):
 PSYoungGen      total 15872K, used 15808K [0x00000000d5580000, 0x00000000d6780000, 0x0000000100000000)
  eden space 14336K, 100% used [0x00000000d5580000,0x00000000d6380000,0x00000000d6380000)
  from space 1536K, 95% used [0x00000000d6480000,0x00000000d65f0020,0x00000000d6600000)
  to   space 1536K, 0% used [0x00000000d6600000,0x00000000d6600000,0x00000000d6780000)
 ParOldGen       total 68608K, used 43216K [0x0000000080000000, 0x0000000084300000, 0x00000000d5580000)
  object space 68608K, 62% used [0x0000000080000000,0x0000000082a34150,0x0000000084300000)
 Metaspace       used 57425K, committed 58816K, reserved 1114112K
  class space    used 6763K, committed 7360K, reserved 1048576K
}
Event: 28.824 GC heap after
{Heap after GC invocations=38 (full 2):
 PSYoungGen      total 14848K, used 1536K [0x00000000d5580000, 0x00000000d6a80000, 0x0000000100000000)
  eden space 13312K, 0% used [0x00000000d5580000,0x00000000d5580000,0x00000000d6280000)
  from space 1536K, 100% used [0x00000000d6600000,0x00000000d6780000,0x00000000d6780000)
  to   space 3584K, 0% used [0x00000000d6280000,0x00000000d6280000,0x00000000d6600000)
 ParOldGen       total 68608K, used 44556K [0x0000000080000000, 0x0000000084300000, 0x00000000d5580000)
  object space 68608K, 64% used [0x0000000080000000,0x0000000082b832f0,0x0000000084300000)
 Metaspace       used 57425K, committed 58816K, reserved 1114112K
  class space    used 6763K, committed 7360K, reserved 1048576K
}
Event: 28.933 GC heap before
{Heap before GC invocations=39 (full 2):
 PSYoungGen      total 14848K, used 14848K [0x00000000d5580000, 0x00000000d6a80000, 0x0000000100000000)
  eden space 13312K, 100% used [0x00000000d5580000,0x00000000d6280000,0x00000000d6280000)
  from space 1536K, 100% used [0x00000000d6600000,0x00000000d6780000,0x00000000d6780000)
  to   space 3584K, 0% used [0x00000000d6280000,0x00000000d6280000,0x00000000d6600000)
 ParOldGen       total 68608K, used 44556K [0x0000000080000000, 0x0000000084300000, 0x00000000d5580000)
  object space 68608K, 64% used [0x0000000080000000,0x0000000082b832f0,0x0000000084300000)
 Metaspace       used 57426K, committed 58816K, reserved 1114112K
  class space    used 6763K, committed 7360K, reserved 1048576K
}
Event: 28.937 GC heap after
{Heap after GC invocations=39 (full 2):
 PSYoungGen      total 14848K, used 1152K [0x00000000d5580000, 0x00000000d6680000, 0x0000000100000000)
  eden space 13312K, 0% used [0x00000000d5580000,0x00000000d5580000,0x00000000d6280000)
  from space 1536K, 75% used [0x00000000d6280000,0x00000000d63a0000,0x00000000d6400000)
  to   space 2048K, 0% used [0x00000000d6480000,0x00000000d6480000,0x00000000d6680000)
 ParOldGen       total 68608K, used 45988K [0x0000000080000000, 0x0000000084300000, 0x00000000d5580000)
  object space 68608K, 67% used [0x0000000080000000,0x0000000082ce92f0,0x0000000084300000)
 Metaspace       used 57426K, committed 58816K, reserved 1114112K
  class space    used 6763K, committed 7360K, reserved 1048576K
}
Event: 29.050 GC heap before
{Heap before GC invocations=40 (full 2):
 PSYoungGen      total 14848K, used 14464K [0x00000000d5580000, 0x00000000d6680000, 0x0000000100000000)
  eden space 13312K, 100% used [0x00000000d5580000,0x00000000d6280000,0x00000000d6280000)
  from space 1536K, 75% used [0x00000000d6280000,0x00000000d63a0000,0x00000000d6400000)
  to   space 2048K, 0% used [0x00000000d6480000,0x00000000d6480000,0x00000000d6680000)
 ParOldGen       total 68608K, used 45988K [0x0000000080000000, 0x0000000084300000, 0x00000000d5580000)
  object space 68608K, 67% used [0x0000000080000000,0x0000000082ce92f0,0x0000000084300000)
 Metaspace       used 57430K, committed 58816K, reserved 1114112K
  class space    used 6763K, committed 7360K, reserved 1048576K
}
Event: 29.054 GC heap after
{Heap after GC invocations=40 (full 2):
 PSYoungGen      total 15360K, used 1540K [0x00000000d5580000, 0x00000000d6680000, 0x0000000100000000)
  eden space 13312K, 0% used [0x00000000d5580000,0x00000000d5580000,0x00000000d6280000)
  from space 2048K, 75% used [0x00000000d6480000,0x00000000d6601000,0x00000000d6680000)
  to   space 2048K, 0% used [0x00000000d6280000,0x00000000d6280000,0x00000000d6480000)
 ParOldGen       total 68608K, used 46948K [0x0000000080000000, 0x0000000084300000, 0x00000000d5580000)
  object space 68608K, 68% used [0x0000000080000000,0x0000000082dd92f0,0x0000000084300000)
 Metaspace       used 57430K, committed 58816K, reserved 1114112K
  class space    used 6763K, committed 7360K, reserved 1048576K
}
Event: 29.143 GC heap before
{Heap before GC invocations=41 (full 2):
 PSYoungGen      total 15360K, used 14852K [0x00000000d5580000, 0x00000000d6680000, 0x0000000100000000)
  eden space 13312K, 100% used [0x00000000d5580000,0x00000000d6280000,0x00000000d6280000)
  from space 2048K, 75% used [0x00000000d6480000,0x00000000d6601000,0x00000000d6680000)
  to   space 2048K, 0% used [0x00000000d6280000,0x00000000d6280000,0x00000000d6480000)
 ParOldGen       total 68608K, used 46948K [0x0000000080000000, 0x0000000084300000, 0x00000000d5580000)
  object space 68608K, 68% used [0x0000000080000000,0x0000000082dd92f0,0x0000000084300000)
 Metaspace       used 57454K, committed 58880K, reserved 1114112K
  class space    used 6765K, committed 7360K, reserved 1048576K
}
Event: 29.148 GC heap after
{Heap after GC invocations=41 (full 2):
 PSYoungGen      total 14848K, used 1280K [0x00000000d5580000, 0x00000000d6580000, 0x0000000100000000)
  eden space 13312K, 0% used [0x00000000d5580000,0x00000000d5580000,0x00000000d6280000)
  from space 1536K, 83% used [0x00000000d6280000,0x00000000d63c0000,0x00000000d6400000)
  to   space 1536K, 0% used [0x00000000d6400000,0x00000000d6400000,0x00000000d6580000)
 ParOldGen       total 68608K, used 48330K [0x0000000080000000, 0x0000000084300000, 0x00000000d5580000)
  object space 68608K, 70% used [0x0000000080000000,0x0000000082f32b08,0x0000000084300000)
 Metaspace       used 57454K, committed 58880K, reserved 1114112K
  class space    used 6765K, committed 7360K, reserved 1048576K
}
Event: 29.254 GC heap before
{Heap before GC invocations=42 (full 2):
 PSYoungGen      total 14848K, used 14592K [0x00000000d5580000, 0x00000000d6580000, 0x0000000100000000)
  eden space 13312K, 100% used [0x00000000d5580000,0x00000000d6280000,0x00000000d6280000)
  from space 1536K, 83% used [0x00000000d6280000,0x00000000d63c0000,0x00000000d6400000)
  to   space 1536K, 0% used [0x00000000d6400000,0x00000000d6400000,0x00000000d6580000)
 ParOldGen       total 68608K, used 48330K [0x0000000080000000, 0x0000000084300000, 0x00000000d5580000)
  object space 68608K, 70% used [0x0000000080000000,0x0000000082f32b08,0x0000000084300000)
 Metaspace       used 57482K, committed 58880K, reserved 1114112K
  class space    used 6765K, committed 7360K, reserved 1048576K
}
Event: 29.258 GC heap after
{Heap after GC invocations=42 (full 2):
 PSYoungGen      total 14848K, used 1408K [0x00000000d5580000, 0x00000000d6580000, 0x0000000100000000)
  eden space 13312K, 0% used [0x00000000d5580000,0x00000000d5580000,0x00000000d6280000)
  from space 1536K, 91% used [0x00000000d6400000,0x00000000d6560010,0x00000000d6580000)
  to   space 1536K, 0% used [0x00000000d6280000,0x00000000d6280000,0x00000000d6400000)
 ParOldGen       total 68608K, used 49458K [0x0000000080000000, 0x0000000084300000, 0x00000000d5580000)
  object space 68608K, 72% used [0x0000000080000000,0x000000008304cb08,0x0000000084300000)
 Metaspace       used 57482K, committed 58880K, reserved 1114112K
  class space    used 6765K, committed 7360K, reserved 1048576K
}
Event: 29.335 GC heap before
{Heap before GC invocations=43 (full 2):
 PSYoungGen      total 14848K, used 14720K [0x00000000d5580000, 0x00000000d6580000, 0x0000000100000000)
  eden space 13312K, 100% used [0x00000000d5580000,0x00000000d6280000,0x00000000d6280000)
  from space 1536K, 91% used [0x00000000d6400000,0x00000000d6560010,0x00000000d6580000)
  to   space 1536K, 0% used [0x00000000d6280000,0x00000000d6280000,0x00000000d6400000)
 ParOldGen       total 68608K, used 49458K [0x0000000080000000, 0x0000000084300000, 0x00000000d5580000)
  object space 68608K, 72% used [0x0000000080000000,0x000000008304cb08,0x0000000084300000)
 Metaspace       used 57545K, committed 58944K, reserved 1114112K
  class space    used 6767K, committed 7360K, reserved 1048576K
}
Event: 29.339 GC heap after
{Heap after GC invocations=43 (full 2):
 PSYoungGen      total 14848K, used 1248K [0x00000000d5580000, 0x00000000d6580000, 0x0000000100000000)
  eden space 13312K, 0% used [0x00000000d5580000,0x00000000d5580000,0x00000000d6280000)
  from space 1536K, 81% used [0x00000000d6280000,0x00000000d63b8000,0x00000000d6400000)
  to   space 1536K, 0% used [0x00000000d6400000,0x00000000d6400000,0x00000000d6580000)
 ParOldGen       total 68608K, used 50754K [0x0000000080000000, 0x0000000084300000, 0x00000000d5580000)
  object space 68608K, 73% used [0x0000000080000000,0x0000000083190b18,0x0000000084300000)
 Metaspace       used 57545K, committed 58944K, reserved 1114112K
  class space    used 6767K, committed 7360K, reserved 1048576K
}
Event: 29.503 GC heap before
{Heap before GC invocations=44 (full 2):
 PSYoungGen      total 14848K, used 14560K [0x00000000d5580000, 0x00000000d6580000, 0x0000000100000000)
  eden space 13312K, 100% used [0x00000000d5580000,0x00000000d6280000,0x00000000d6280000)
  from space 1536K, 81% used [0x00000000d6280000,0x00000000d63b8000,0x00000000d6400000)
  to   space 1536K, 0% used [0x00000000d6400000,0x00000000d6400000,0x00000000d6580000)
 ParOldGen       total 68608K, used 50754K [0x0000000080000000, 0x0000000084300000, 0x00000000d5580000)
  object space 68608K, 73% used [0x0000000080000000,0x0000000083190b18,0x0000000084300000)
 Metaspace       used 57881K, committed 59200K, reserved 1114112K
  class space    used 6803K, committed 7360K, reserved 1048576K
}
Event: 29.508 GC heap after
{Heap after GC invocations=44 (full 2):
 PSYoungGen      total 14848K, used 1184K [0x00000000d5580000, 0x00000000d6580000, 0x0000000100000000)
  eden space 13312K, 0% used [0x00000000d5580000,0x00000000d5580000,0x00000000d6280000)
  from space 1536K, 77% used [0x00000000d6400000,0x00000000d6528040,0x00000000d6580000)
  to   space 1536K, 0% used [0x00000000d6280000,0x00000000d6280000,0x00000000d6400000)
 ParOldGen       total 68608K, used 51923K [0x0000000080000000, 0x0000000084300000, 0x00000000d5580000)
  object space 68608K, 75% used [0x0000000080000000,0x00000000832b4d18,0x0000000084300000)
 Metaspace       used 57881K, committed 59200K, reserved 1114112K
  class space    used 6803K, committed 7360K, reserved 1048576K
}

