# JRE version: OpenJDK Runtime Environment Temurin-21.0.9+10 (21.0.9+10) (build 21.0.9+10-LTS)
# Java VM: OpenJDK 64-Bit Server VM Temurin-21.0.9+10 (21.0.9+10-LTS, mixed mode, sharing, tiered, compressed oops, compressed class ptrs, parallel gc, windows-amd64)
GC Precious Log:
 CardTable entry size: 512
 CPUs: 8 total, 8 available
 Memory: 8083M
 Large Page Support: Disabled
 NUMA Support: Disabled
 Compressed Oops: Enabled (32-bit)
 Alignments: Space 512K, Generation 512K, Heap 2M
 Heap Min Capacity: 100M
 Heap Initial Capacity: 100M
 Heap Max Capacity: 2G
 Pre-touch: Disabled
 Parallel Workers: 8
Heap:
 PSYoungGen      total 9216K, used 1233K [0x00000000d5580000, 0x00000000d6100000, 0x0000000100000000)
  eden space 8704K, 10% used [0x00000000d5580000,0x00000000d566c648,0x00000000d5e00000)
  from space 512K, 56% used [0x00000000d6000000,0x00000000d6048000,0x00000000d6080000)
  to   space 512K, 0% used [0x00000000d6080000,0x00000000d6080000,0x00000000d6100000)
 ParOldGen       total 83456K, used 82990K [0x0000000080000000, 0x0000000085180000, 0x00000000d5580000)
  object space 83456K, 99% used [0x0000000080000000,0x000000008510b940,0x0000000085180000)
 Metaspace       used 80832K, committed 82432K, reserved 1179648K
  class space    used 10132K, committed 10816K, reserved 1048576K
GC Heap History (20 events):
Event: 9502.667 GC heap before
{Heap before GC invocations=109 (full 3):
 PSYoungGen      total 9216K, used 9216K [0x00000000d5580000, 0x00000000d6500000, 0x0000000100000000)
  eden space 8704K, 100% used [0x00000000d5580000,0x00000000d5e00000,0x00000000d5e00000)
  from space 512K, 100% used [0x00000000d5f80000,0x00000000d6000000,0x00000000d6000000)
  to   space 3584K, 0% used [0x00000000d6180000,0x00000000d6180000,0x00000000d6500000)
 ParOldGen       total 80896K, used 80444K [0x0000000080000000, 0x0000000084f00000, 0x00000000d5580000)
  object space 80896K, 99% used [0x0000000080000000,0x0000000084e8f1b0,0x0000000084f00000)
 Metaspace       used 76983K, committed 78656K, reserved 1179648K
  class space    used 9776K, committed 10496K, reserved 1048576K
}
Event: 9502.674 GC heap after
{Heap after GC invocations=109 (full 3):
 PSYoungGen      total 9728K, used 852K [0x00000000d5580000, 0x00000000d6280000, 0x0000000100000000)
  eden space 8704K, 0% used [0x00000000d5580000,0x00000000d5580000,0x00000000d5e00000)
  from space 1024K, 83% used [0x00000000d6180000,0x00000000d62553c8,0x00000000d6280000)
  to   space 1536K, 0% used [0x00000000d5f80000,0x00000000d5f80000,0x00000000d6100000)
 ParOldGen       total 81408K, used 80988K [0x0000000080000000, 0x0000000084f80000, 0x00000000d5580000)
  object space 81408K, 99% used [0x0000000080000000,0x0000000084f171b0,0x0000000084f80000)
 Metaspace       used 76983K, committed 78656K, reserved 1179648K
  class space    used 9776K, committed 10496K, reserved 1048576K
}
Event: 9503.095 GC heap before
{Heap before GC invocations=110 (full 3):
 PSYoungGen      total 9728K, used 9556K [0x00000000d5580000, 0x00000000d6280000, 0x0000000100000000)
  eden space 8704K, 100% used [0x00000000d5580000,0x00000000d5e00000,0x00000000d5e00000)
  from space 1024K, 83% used [0x00000000d6180000,0x00000000d62553c8,0x00000000d6280000)
  to   space 1536K, 0% used [0x00000000d5f80000,0x00000000d5f80000,0x00000000d6100000)
 ParOldGen       total 81408K, used 80988K [0x0000000080000000, 0x0000000084f80000, 0x00000000d5580000)
  object space 81408K, 99% used [0x0000000080000000,0x0000000084f171b0,0x0000000084f80000)
 Metaspace       used 77596K, committed 79232K, reserved 1179648K
  class space    used 9847K, committed 10560K, reserved 1048576K
}
Event: 9503.102 GC heap after
{Heap after GC invocations=110 (full 3):
 PSYoungGen      total 10240K, used 1524K [0x00000000d5580000, 0x00000000d6300000, 0x0000000100000000)
  eden space 8704K, 0% used [0x00000000d5580000,0x00000000d5580000,0x00000000d5e00000)
  from space 1536K, 99% used [0x00000000d5f80000,0x00000000d60fd108,0x00000000d6100000)
  to   space 2048K, 0% used [0x00000000d6100000,0x00000000d6100000,0x00000000d6300000)
 ParOldGen       total 81920K, used 81729K [0x0000000080000000, 0x0000000085000000, 0x00000000d5580000)
  object space 81920K, 99% used [0x0000000080000000,0x0000000084fd06d8,0x0000000085000000)
 Metaspace       used 77596K, committed 79232K, reserved 1179648K
  class space    used 9847K, committed 10560K, reserved 1048576K
}
Event: 9503.303 GC heap before
{Heap before GC invocations=111 (full 3):
 PSYoungGen      total 10240K, used 10203K [0x00000000d5580000, 0x00000000d6300000, 0x0000000100000000)
  eden space 8704K, 99% used [0x00000000d5580000,0x00000000d5df9cf0,0x00000000d5e00000)
  from space 1536K, 99% used [0x00000000d5f80000,0x00000000d60fd108,0x00000000d6100000)
  to   space 2048K, 0% used [0x00000000d6100000,0x00000000d6100000,0x00000000d6300000)
 ParOldGen       total 81920K, used 81729K [0x0000000080000000, 0x0000000085000000, 0x00000000d5580000)
  object space 81920K, 99% used [0x0000000080000000,0x0000000084fd06d8,0x0000000085000000)
 Metaspace       used 77609K, committed 79232K, reserved 1179648K
  class space    used 9847K, committed 10560K, reserved 1048576K
}
Event: 9503.309 GC heap after
{Heap after GC invocations=111 (full 3):
 PSYoungGen      total 9216K, used 269K [0x00000000d5580000, 0x00000000d6180000, 0x0000000100000000)
  eden space 8704K, 0% used [0x00000000d5580000,0x00000000d5580000,0x00000000d5e00000)
  from space 512K, 52% used [0x00000000d6100000,0x00000000d6143458,0x00000000d6180000)
  to   space 1024K, 0% used [0x00000000d5f80000,0x00000000d5f80000,0x00000000d6080000)
 ParOldGen       total 82944K, used 82486K [0x0000000080000000, 0x0000000085100000, 0x00000000d5580000)
  object space 82944K, 99% used [0x0000000080000000,0x000000008508d940,0x0000000085100000)
 Metaspace       used 77609K, committed 79232K, reserved 1179648K
  class space    used 9847K, committed 10560K, reserved 1048576K
}
Event: 9504.030 GC heap before
{Heap before GC invocations=112 (full 3):
 PSYoungGen      total 9216K, used 8973K [0x00000000d5580000, 0x00000000d6180000, 0x0000000100000000)
  eden space 8704K, 99% used [0x00000000d5580000,0x00000000d5dfffd0,0x00000000d5e00000)
  from space 512K, 52% used [0x00000000d6100000,0x00000000d6143458,0x00000000d6180000)
  to   space 1024K, 0% used [0x00000000d5f80000,0x00000000d5f80000,0x00000000d6080000)
 ParOldGen       total 82944K, used 82486K [0x0000000080000000, 0x0000000085100000, 0x00000000d5580000)
  object space 82944K, 99% used [0x0000000080000000,0x000000008508d940,0x0000000085100000)
 Metaspace       used 77618K, committed 79232K, reserved 1179648K
  class space    used 9847K, committed 10560K, reserved 1048576K
}
Event: 9504.036 GC heap after
{Heap after GC invocations=112 (full 3):
 PSYoungGen      total 9728K, used 521K [0x00000000d5580000, 0x00000000d6180000, 0x0000000100000000)
  eden space 8704K, 0% used [0x00000000d5580000,0x00000000d5580000,0x00000000d5e00000)
  from space 1024K, 50% used [0x00000000d5f80000,0x00000000d6002788,0x00000000d6080000)
  to   space 1024K, 0% used [0x00000000d6080000,0x00000000d6080000,0x00000000d6180000)
 ParOldGen       total 82944K, used 82502K [0x0000000080000000, 0x0000000085100000, 0x00000000d5580000)
  object space 82944K, 99% used [0x0000000080000000,0x0000000085091940,0x0000000085100000)
 Metaspace       used 77618K, committed 79232K, reserved 1179648K
  class space    used 9847K, committed 10560K, reserved 1048576K
}
Event: 9504.391 GC heap before
{Heap before GC invocations=113 (full 3):
 PSYoungGen      total 9728K, used 9225K [0x00000000d5580000, 0x00000000d6180000, 0x0000000100000000)
  eden space 8704K, 100% used [0x00000000d5580000,0x00000000d5e00000,0x00000000d5e00000)
  from space 1024K, 50% used [0x00000000d5f80000,0x00000000d6002788,0x00000000d6080000)
  to   space 1024K, 0% used [0x00000000d6080000,0x00000000d6080000,0x00000000d6180000)
 ParOldGen       total 82944K, used 82502K [0x0000000080000000, 0x0000000085100000, 0x00000000d5580000)
  object space 82944K, 99% used [0x0000000080000000,0x0000000085091940,0x0000000085100000)
 Metaspace       used 77619K, committed 79232K, reserved 1179648K
  class space    used 9847K, committed 10560K, reserved 1048576K
}
Event: 9504.394 GC heap after
{Heap after GC invocations=113 (full 3):
 PSYoungGen      total 9216K, used 489K [0x00000000d5580000, 0x00000000d6100000, 0x0000000100000000)
  eden space 8704K, 0% used [0x00000000d5580000,0x00000000d5580000,0x00000000d5e00000)
  from space 512K, 95% used [0x00000000d6080000,0x00000000d60fa7e8,0x00000000d6100000)
  to   space 512K, 0% used [0x00000000d6000000,0x00000000d6000000,0x00000000d6080000)
 ParOldGen       total 82944K, used 82518K [0x0000000080000000, 0x0000000085100000, 0x00000000d5580000)
  object space 82944K, 99% used [0x0000000080000000,0x0000000085095940,0x0000000085100000)
 Metaspace       used 77619K, committed 79232K, reserved 1179648K
  class space    used 9847K, committed 10560K, reserved 1048576K
}
Event: 9505.129 GC heap before
{Heap before GC invocations=114 (full 3):
 PSYoungGen      total 9216K, used 9193K [0x00000000d5580000, 0x00000000d6100000, 0x0000000100000000)
  eden space 8704K, 100% used [0x00000000d5580000,0x00000000d5e00000,0x00000000d5e00000)
  from space 512K, 95% used [0x00000000d6080000,0x00000000d60fa7e8,0x00000000d6100000)
  to   space 512K, 0% used [0x00000000d6000000,0x00000000d6000000,0x00000000d6080000)
 ParOldGen       total 82944K, used 82518K [0x0000000080000000, 0x0000000085100000, 0x00000000d5580000)
  object space 82944K, 99% used [0x0000000080000000,0x0000000085095940,0x0000000085100000)
 Metaspace       used 78485K, committed 80128K, reserved 1179648K
  class space    used 9928K, committed 10624K, reserved 1048576K
}
Event: 9505.130 GC heap after
{Heap after GC invocations=114 (full 3):
 PSYoungGen      total 9216K, used 192K [0x00000000d5580000, 0x00000000d6100000, 0x0000000100000000)
  eden space 8704K, 0% used [0x00000000d5580000,0x00000000d5580000,0x00000000d5e00000)
  from space 512K, 37% used [0x00000000d6000000,0x00000000d6030000,0x00000000d6080000)
  to   space 512K, 0% used [0x00000000d6080000,0x00000000d6080000,0x00000000d6100000)
 ParOldGen       total 82944K, used 82518K [0x0000000080000000, 0x0000000085100000, 0x00000000d5580000)
  object space 82944K, 99% used [0x0000000080000000,0x0000000085095940,0x0000000085100000)
 Metaspace       used 78485K, committed 80128K, reserved 1179648K
  class space    used 9928K, committed 10624K, reserved 1048576K
}
Event: 9505.853 GC heap before
{Heap before GC invocations=115 (full 3):
 PSYoungGen      total 9216K, used 8896K [0x00000000d5580000, 0x00000000d6100000, 0x0000000100000000)
  eden space 8704K, 100% used [0x00000000d5580000,0x00000000d5e00000,0x00000000d5e00000)
  from space 512K, 37% used [0x00000000d6000000,0x00000000d6030000,0x00000000d6080000)
  to   space 512K, 0% used [0x00000000d6080000,0x00000000d6080000,0x00000000d6100000)
 ParOldGen       total 82944K, used 82518K [0x0000000080000000, 0x0000000085100000, 0x00000000d5580000)
  object space 82944K, 99% used [0x0000000080000000,0x0000000085095940,0x0000000085100000)
 Metaspace       used 78866K, committed 80448K, reserved 1179648K
  class space    used 9989K, committed 10688K, reserved 1048576K
}
Event: 9505.855 GC heap after
{Heap after GC invocations=115 (full 3):
 PSYoungGen      total 9216K, used 288K [0x00000000d5580000, 0x00000000d6100000, 0x0000000100000000)
  eden space 8704K, 0% used [0x00000000d5580000,0x00000000d5580000,0x00000000d5e00000)
  from space 512K, 56% used [0x00000000d6080000,0x00000000d60c8000,0x00000000d6100000)
  to   space 512K, 0% used [0x00000000d6000000,0x00000000d6000000,0x00000000d6080000)
 ParOldGen       total 82944K, used 82550K [0x0000000080000000, 0x0000000085100000, 0x00000000d5580000)
  object space 82944K, 99% used [0x0000000080000000,0x000000008509d940,0x0000000085100000)
 Metaspace       used 78866K, committed 80448K, reserved 1179648K
  class space    used 9989K, committed 10688K, reserved 1048576K
}
Event: 9506.903 GC heap before
{Heap before GC invocations=116 (full 3):
 PSYoungGen      total 9216K, used 8992K [0x00000000d5580000, 0x00000000d6100000, 0x0000000100000000)
  eden space 8704K, 100% used [0x00000000d5580000,0x00000000d5e00000,0x00000000d5e00000)
  from space 512K, 56% used [0x00000000d6080000,0x00000000d60c8000,0x00000000d6100000)
  to   space 512K, 0% used [0x00000000d6000000,0x00000000d6000000,0x00000000d6080000)
 ParOldGen       total 82944K, used 82550K [0x0000000080000000, 0x0000000085100000, 0x00000000d5580000)
  object space 82944K, 99% used [0x0000000080000000,0x000000008509d940,0x0000000085100000)
 Metaspace       used 79332K, committed 80960K, reserved 1179648K
  class space    used 10031K, committed 10752K, reserved 1048576K
}
Event: 9506.906 GC heap after
{Heap after GC invocations=116 (full 3):
 PSYoungGen      total 9216K, used 288K [0x00000000d5580000, 0x00000000d6100000, 0x0000000100000000)
  eden space 8704K, 0% used [0x00000000d5580000,0x00000000d5580000,0x00000000d5e00000)
  from space 512K, 56% used [0x00000000d6000000,0x00000000d6048000,0x00000000d6080000)
  to   space 512K, 0% used [0x00000000d6080000,0x00000000d6080000,0x00000000d6100000)
 ParOldGen       total 82944K, used 82662K [0x0000000080000000, 0x0000000085100000, 0x00000000d5580000)
  object space 82944K, 99% used [0x0000000080000000,0x00000000850b9940,0x0000000085100000)
 Metaspace       used 79332K, committed 80960K, reserved 1179648K
  class space    used 10031K, committed 10752K, reserved 1048576K
}
Event: 9507.511 GC heap before
{Heap before GC invocations=117 (full 3):
 PSYoungGen      total 9216K, used 8992K [0x00000000d5580000, 0x00000000d6100000, 0x0000000100000000)
  eden space 8704K, 100% used [0x00000000d5580000,0x00000000d5e00000,0x00000000d5e00000)
  from space 512K, 56% used [0x00000000d6000000,0x00000000d6048000,0x00000000d6080000)
  to   space 512K, 0% used [0x00000000d6080000,0x00000000d6080000,0x00000000d6100000)
 ParOldGen       total 82944K, used 82662K [0x0000000080000000, 0x0000000085100000, 0x00000000d5580000)
  object space 82944K, 99% used [0x0000000080000000,0x00000000850b9940,0x0000000085100000)
 Metaspace       used 79720K, committed 81344K, reserved 1179648K
  class space    used 10082K, committed 10816K, reserved 1048576K
}
Event: 9507.514 GC heap after
{Heap after GC invocations=117 (full 3):
 PSYoungGen      total 9216K, used 256K [0x00000000d5580000, 0x00000000d6100000, 0x0000000100000000)
  eden space 8704K, 0% used [0x00000000d5580000,0x00000000d5580000,0x00000000d5e00000)
  from space 512K, 50% used [0x00000000d6080000,0x00000000d60c0000,0x00000000d6100000)
  to   space 512K, 0% used [0x00000000d6000000,0x00000000d6000000,0x00000000d6080000)
 ParOldGen       total 82944K, used 82846K [0x0000000080000000, 0x0000000085100000, 0x00000000d5580000)
  object space 82944K, 99% used [0x0000000080000000,0x00000000850e7940,0x0000000085100000)
 Metaspace       used 79720K, committed 81344K, reserved 1179648K
  class space    used 10082K, committed 10816K, reserved 1048576K
}
Event: 9601.352 GC heap before
{Heap before GC invocations=118 (full 3):
 PSYoungGen      total 9216K, used 8960K [0x00000000d5580000, 0x00000000d6100000, 0x0000000100000000)
  eden space 8704K, 100% used [0x00000000d5580000,0x00000000d5e00000,0x00000000d5e00000)
  from space 512K, 50% used [0x00000000d6080000,0x00000000d60c0000,0x00000000d6100000)
  to   space 512K, 0% used [0x00000000d6000000,0x00000000d6000000,0x00000000d6080000)
 ParOldGen       total 82944K, used 82846K [0x0000000080000000, 0x0000000085100000, 0x00000000d5580000)
  object space 82944K, 99% used [0x0000000080000000,0x00000000850e7940,0x0000000085100000)
 Metaspace       used 80813K, committed 82368K, reserved 1179648K
  class space    used 10132K, committed 10816K, reserved 1048576K
}
Event: 9601.373 GC heap after
{Heap after GC invocations=118 (full 3):
 PSYoungGen      total 9216K, used 288K [0x00000000d5580000, 0x00000000d6100000, 0x0000000100000000)
  eden space 8704K, 0% used [0x00000000d5580000,0x00000000d5580000,0x00000000d5e00000)
  from space 512K, 56% used [0x00000000d6000000,0x00000000d6048000,0x00000000d6080000)
  to   space 512K, 0% used [0x00000000d6080000,0x00000000d6080000,0x00000000d6100000)
 ParOldGen       total 83456K, used 82990K [0x0000000080000000, 0x0000000085180000, 0x00000000d5580000)
  object space 83456K, 99% used [0x0000000080000000,0x000000008510b940,0x0000000085180000)
 Metaspace       used 80813K, committed 82368K, reserved 1179648K
  class space    used 10132K, committed 10816K, reserved 1048576K
}

