# JRE version: OpenJDK Runtime Environment Temurin-21.0.9+10 (21.0.9+10) (build 21.0.9+10-LTS)
# Java VM: OpenJDK 64-Bit Server VM Temurin-21.0.9+10 (21.0.9+10-LTS, mixed mode, sharing, tiered, compressed oops, compressed class ptrs, parallel gc, windows-amd64)
GC Precious Log:
 CardTable entry size: 512
 CPUs: 8 total, 8 available
 Memory: 8083M
 Large Page Support: Disabled
 NUMA Support: Disabled
 Compressed Oops: Enabled (32-bit)
 Alignments: Space 512K, Generation 512K, Heap 2M
 Heap Min Capacity: 100M
 Heap Initial Capacity: 100M
 Heap Max Capacity: 2G
 Pre-touch: Disabled
 Parallel Workers: 8
Heap:
 PSYoungGen      total 19456K, used 5826K [0x00000000d5580000, 0x00000000d6f00000, 0x0000000100000000)
  eden space 18432K, 28% used [0x00000000d5580000,0x00000000d5aa8990,0x00000000d6780000)
  from space 1024K, 53% used [0x00000000d6d00000,0x00000000d6d88000,0x00000000d6e00000)
  to   space 1024K, 0% used [0x00000000d6e00000,0x00000000d6e00000,0x00000000d6f00000)
 ParOldGen       total 75264K, used 75157K [0x0000000080000000, 0x0000000084980000, 0x00000000d5580000)
  object space 75264K, 99% used [0x0000000080000000,0x0000000084965498,0x0000000084980000)
 Metaspace       used 79157K, committed 80768K, reserved 1179648K
  class space    used 10114K, committed 10816K, reserved 1048576K
GC Heap History (20 events):
Event: 9350.838 GC heap before
{Heap before GC invocations=57 (full 3):
 PSYoungGen      total 18944K, used 18912K [0x00000000d5580000, 0x00000000d7100000, 0x0000000100000000)
  eden space 18432K, 100% used [0x00000000d5580000,0x00000000d6780000,0x00000000d6780000)
  from space 512K, 93% used [0x00000000d7000000,0x00000000d7078000,0x00000000d7080000)
  to   space 512K, 0% used [0x00000000d7080000,0x00000000d7080000,0x00000000d7100000)
 ParOldGen       total 73216K, used 72878K [0x0000000080000000, 0x0000000084780000, 0x00000000d5580000)
  object space 73216K, 99% used [0x0000000080000000,0x000000008472b8f0,0x0000000084780000)
 Metaspace       used 78105K, committed 79680K, reserved 1179648K
  class space    used 10004K, committed 10688K, reserved 1048576K
}
Event: 9350.840 GC heap after
{Heap after GC invocations=57 (full 3):
 PSYoungGen      total 18944K, used 504K [0x00000000d5580000, 0x00000000d7100000, 0x0000000100000000)
  eden space 18432K, 0% used [0x00000000d5580000,0x00000000d5580000,0x00000000d6780000)
  from space 512K, 98% used [0x00000000d7080000,0x00000000d70fe248,0x00000000d7100000)
  to   space 1536K, 0% used [0x00000000d6e00000,0x00000000d6e00000,0x00000000d6f80000)
 ParOldGen       total 73728K, used 73608K [0x0000000080000000, 0x0000000084800000, 0x00000000d5580000)
  object space 73728K, 99% used [0x0000000080000000,0x00000000847e2148,0x0000000084800000)
 Metaspace       used 78105K, committed 79680K, reserved 1179648K
  class space    used 10004K, committed 10688K, reserved 1048576K
}
Event: 9351.395 GC heap before
{Heap before GC invocations=58 (full 3):
 PSYoungGen      total 18944K, used 18936K [0x00000000d5580000, 0x00000000d7100000, 0x0000000100000000)
  eden space 18432K, 100% used [0x00000000d5580000,0x00000000d6780000,0x00000000d6780000)
  from space 512K, 98% used [0x00000000d7080000,0x00000000d70fe248,0x00000000d7100000)
  to   space 1536K, 0% used [0x00000000d6e00000,0x00000000d6e00000,0x00000000d6f80000)
 ParOldGen       total 73728K, used 73608K [0x0000000080000000, 0x0000000084800000, 0x00000000d5580000)
  object space 73728K, 99% used [0x0000000080000000,0x00000000847e2148,0x0000000084800000)
 Metaspace       used 78105K, committed 79680K, reserved 1179648K
  class space    used 10004K, committed 10688K, reserved 1048576K
}
Event: 9351.398 GC heap after
{Heap after GC invocations=58 (full 3):
 PSYoungGen      total 19968K, used 1224K [0x00000000d5580000, 0x00000000d7100000, 0x0000000100000000)
  eden space 18432K, 0% used [0x00000000d5580000,0x00000000d5580000,0x00000000d6780000)
  from space 1536K, 79% used [0x00000000d6e00000,0x00000000d6f32090,0x00000000d6f80000)
  to   space 1536K, 0% used [0x00000000d6f80000,0x00000000d6f80000,0x00000000d7100000)
 ParOldGen       total 73728K, used 73656K [0x0000000080000000, 0x0000000084800000, 0x00000000d5580000)
  object space 73728K, 99% used [0x0000000080000000,0x00000000847ee158,0x0000000084800000)
 Metaspace       used 78105K, committed 79680K, reserved 1179648K
  class space    used 10004K, committed 10688K, reserved 1048576K
}
Event: 9351.668 GC heap before
{Heap before GC invocations=59 (full 3):
 PSYoungGen      total 19968K, used 19656K [0x00000000d5580000, 0x00000000d7100000, 0x0000000100000000)
  eden space 18432K, 100% used [0x00000000d5580000,0x00000000d6780000,0x00000000d6780000)
  from space 1536K, 79% used [0x00000000d6e00000,0x00000000d6f32090,0x00000000d6f80000)
  to   space 1536K, 0% used [0x00000000d6f80000,0x00000000d6f80000,0x00000000d7100000)
 ParOldGen       total 73728K, used 73656K [0x0000000080000000, 0x0000000084800000, 0x00000000d5580000)
  object space 73728K, 99% used [0x0000000080000000,0x00000000847ee158,0x0000000084800000)
 Metaspace       used 78105K, committed 79680K, reserved 1179648K
  class space    used 10004K, committed 10688K, reserved 1048576K
}
Event: 9351.670 GC heap after
{Heap after GC invocations=59 (full 3):
 PSYoungGen      total 19456K, used 749K [0x00000000d5580000, 0x00000000d7080000, 0x0000000100000000)
  eden space 18432K, 0% used [0x00000000d5580000,0x00000000d5580000,0x00000000d6780000)
  from space 1024K, 73% used [0x00000000d6f80000,0x00000000d703b4e8,0x00000000d7080000)
  to   space 1024K, 0% used [0x00000000d6e80000,0x00000000d6e80000,0x00000000d6f80000)
 ParOldGen       total 73728K, used 73712K [0x0000000080000000, 0x0000000084800000, 0x00000000d5580000)
  object space 73728K, 99% used [0x0000000080000000,0x00000000847fc158,0x0000000084800000)
 Metaspace       used 78105K, committed 79680K, reserved 1179648K
  class space    used 10004K, committed 10688K, reserved 1048576K
}
Event: 9351.956 GC heap before
{Heap before GC invocations=60 (full 3):
 PSYoungGen      total 19456K, used 19181K [0x00000000d5580000, 0x00000000d7080000, 0x0000000100000000)
  eden space 18432K, 100% used [0x00000000d5580000,0x00000000d6780000,0x00000000d6780000)
  from space 1024K, 73% used [0x00000000d6f80000,0x00000000d703b4e8,0x00000000d7080000)
  to   space 1024K, 0% used [0x00000000d6e80000,0x00000000d6e80000,0x00000000d6f80000)
 ParOldGen       total 73728K, used 73712K [0x0000000080000000, 0x0000000084800000, 0x00000000d5580000)
  object space 73728K, 99% used [0x0000000080000000,0x00000000847fc158,0x0000000084800000)
 Metaspace       used 78105K, committed 79680K, reserved 1179648K
  class space    used 10004K, committed 10688K, reserved 1048576K
}
Event: 9351.957 GC heap after
{Heap after GC invocations=60 (full 3):
 PSYoungGen      total 19456K, used 160K [0x00000000d5580000, 0x00000000d7000000, 0x0000000100000000)
  eden space 18432K, 0% used [0x00000000d5580000,0x00000000d5580000,0x00000000d6780000)
  from space 1024K, 15% used [0x00000000d6e80000,0x00000000d6ea8000,0x00000000d6f80000)
  to   space 512K, 0% used [0x00000000d6f80000,0x00000000d6f80000,0x00000000d7000000)
 ParOldGen       total 74240K, used 73736K [0x0000000080000000, 0x0000000084880000, 0x00000000d5580000)
  object space 74240K, 99% used [0x0000000080000000,0x0000000084802158,0x0000000084880000)
 Metaspace       used 78105K, committed 79680K, reserved 1179648K
  class space    used 10004K, committed 10688K, reserved 1048576K
}
Event: 9352.193 GC heap before
{Heap before GC invocations=61 (full 3):
 PSYoungGen      total 19456K, used 18592K [0x00000000d5580000, 0x00000000d7000000, 0x0000000100000000)
  eden space 18432K, 100% used [0x00000000d5580000,0x00000000d6780000,0x00000000d6780000)
  from space 1024K, 15% used [0x00000000d6e80000,0x00000000d6ea8000,0x00000000d6f80000)
  to   space 512K, 0% used [0x00000000d6f80000,0x00000000d6f80000,0x00000000d7000000)
 ParOldGen       total 74240K, used 73736K [0x0000000080000000, 0x0000000084880000, 0x00000000d5580000)
  object space 74240K, 99% used [0x0000000080000000,0x0000000084802158,0x0000000084880000)
 Metaspace       used 78105K, committed 79680K, reserved 1179648K
  class space    used 10004K, committed 10688K, reserved 1048576K
}
Event: 9352.194 GC heap after
{Heap after GC invocations=61 (full 3):
 PSYoungGen      total 18944K, used 224K [0x00000000d5580000, 0x00000000d7000000, 0x0000000100000000)
  eden space 18432K, 0% used [0x00000000d5580000,0x00000000d5580000,0x00000000d6780000)
  from space 512K, 43% used [0x00000000d6f80000,0x00000000d6fb8000,0x00000000d7000000)
  to   space 512K, 0% used [0x00000000d6f00000,0x00000000d6f00000,0x00000000d6f80000)
 ParOldGen       total 74240K, used 73833K [0x0000000080000000, 0x0000000084880000, 0x00000000d5580000)
  object space 74240K, 99% used [0x0000000080000000,0x000000008481a720,0x0000000084880000)
 Metaspace       used 78105K, committed 79680K, reserved 1179648K
  class space    used 10004K, committed 10688K, reserved 1048576K
}
Event: 9352.408 GC heap before
{Heap before GC invocations=62 (full 3):
 PSYoungGen      total 18944K, used 18656K [0x00000000d5580000, 0x00000000d7000000, 0x0000000100000000)
  eden space 18432K, 100% used [0x00000000d5580000,0x00000000d6780000,0x00000000d6780000)
  from space 512K, 43% used [0x00000000d6f80000,0x00000000d6fb8000,0x00000000d7000000)
  to   space 512K, 0% used [0x00000000d6f00000,0x00000000d6f00000,0x00000000d6f80000)
 ParOldGen       total 74240K, used 73833K [0x0000000080000000, 0x0000000084880000, 0x00000000d5580000)
  object space 74240K, 99% used [0x0000000080000000,0x000000008481a720,0x0000000084880000)
 Metaspace       used 78105K, committed 79680K, reserved 1179648K
  class space    used 10004K, committed 10688K, reserved 1048576K
}
Event: 9352.411 GC heap after
{Heap after GC invocations=62 (full 3):
 PSYoungGen      total 18944K, used 506K [0x00000000d5580000, 0x00000000d7000000, 0x0000000100000000)
  eden space 18432K, 0% used [0x00000000d5580000,0x00000000d5580000,0x00000000d6780000)
  from space 512K, 98% used [0x00000000d6f00000,0x00000000d6f7e8b8,0x00000000d6f80000)
  to   space 512K, 0% used [0x00000000d6f80000,0x00000000d6f80000,0x00000000d7000000)
 ParOldGen       total 74240K, used 74216K [0x0000000080000000, 0x0000000084880000, 0x00000000d5580000)
  object space 74240K, 99% used [0x0000000080000000,0x000000008487a0f0,0x0000000084880000)
 Metaspace       used 78105K, committed 79680K, reserved 1179648K
  class space    used 10004K, committed 10688K, reserved 1048576K
}
Event: 9352.831 GC heap before
{Heap before GC invocations=63 (full 3):
 PSYoungGen      total 18944K, used 18938K [0x00000000d5580000, 0x00000000d7000000, 0x0000000100000000)
  eden space 18432K, 100% used [0x00000000d5580000,0x00000000d6780000,0x00000000d6780000)
  from space 512K, 98% used [0x00000000d6f00000,0x00000000d6f7e8b8,0x00000000d6f80000)
  to   space 512K, 0% used [0x00000000d6f80000,0x00000000d6f80000,0x00000000d7000000)
 ParOldGen       total 74240K, used 74216K [0x0000000080000000, 0x0000000084880000, 0x00000000d5580000)
  object space 74240K, 99% used [0x0000000080000000,0x000000008487a0f0,0x0000000084880000)
 Metaspace       used 78106K, committed 79680K, reserved 1179648K
  class space    used 10004K, committed 10688K, reserved 1048576K
}
Event: 9352.833 GC heap after
{Heap after GC invocations=63 (full 3):
 PSYoungGen      total 18944K, used 511K [0x00000000d5580000, 0x00000000d7000000, 0x0000000100000000)
  eden space 18432K, 0% used [0x00000000d5580000,0x00000000d5580000,0x00000000d6780000)
  from space 512K, 99% used [0x00000000d6f80000,0x00000000d6ffff50,0x00000000d7000000)
  to   space 1536K, 0% used [0x00000000d6d00000,0x00000000d6d00000,0x00000000d6e80000)
 ParOldGen       total 75264K, used 74965K [0x0000000080000000, 0x0000000084980000, 0x00000000d5580000)
  object space 75264K, 99% used [0x0000000080000000,0x0000000084935498,0x0000000084980000)
 Metaspace       used 78106K, committed 79680K, reserved 1179648K
  class space    used 10004K, committed 10688K, reserved 1048576K
}
Event: 9353.080 GC heap before
{Heap before GC invocations=64 (full 3):
 PSYoungGen      total 18944K, used 18943K [0x00000000d5580000, 0x00000000d7000000, 0x0000000100000000)
  eden space 18432K, 100% used [0x00000000d5580000,0x00000000d6780000,0x00000000d6780000)
  from space 512K, 99% used [0x00000000d6f80000,0x00000000d6ffff50,0x00000000d7000000)
  to   space 1536K, 0% used [0x00000000d6d00000,0x00000000d6d00000,0x00000000d6e80000)
 ParOldGen       total 75264K, used 74965K [0x0000000080000000, 0x0000000084980000, 0x00000000d5580000)
  object space 75264K, 99% used [0x0000000080000000,0x0000000084935498,0x0000000084980000)
 Metaspace       used 78107K, committed 79680K, reserved 1179648K
  class space    used 10004K, committed 10688K, reserved 1048576K
}
Event: 9353.082 GC heap after
{Heap after GC invocations=64 (full 3):
 PSYoungGen      total 19968K, used 928K [0x00000000d5580000, 0x00000000d7000000, 0x0000000100000000)
  eden space 18432K, 0% used [0x00000000d5580000,0x00000000d5580000,0x00000000d6780000)
  from space 1536K, 60% used [0x00000000d6d00000,0x00000000d6de8040,0x00000000d6e80000)
  to   space 1536K, 0% used [0x00000000d6e80000,0x00000000d6e80000,0x00000000d7000000)
 ParOldGen       total 75264K, used 75029K [0x0000000080000000, 0x0000000084980000, 0x00000000d5580000)
  object space 75264K, 99% used [0x0000000080000000,0x0000000084945498,0x0000000084980000)
 Metaspace       used 78107K, committed 79680K, reserved 1179648K
  class space    used 10004K, committed 10688K, reserved 1048576K
}
Event: 9353.440 GC heap before
{Heap before GC invocations=65 (full 3):
 PSYoungGen      total 19968K, used 19360K [0x00000000d5580000, 0x00000000d7000000, 0x0000000100000000)
  eden space 18432K, 100% used [0x00000000d5580000,0x00000000d6780000,0x00000000d6780000)
  from space 1536K, 60% used [0x00000000d6d00000,0x00000000d6de8040,0x00000000d6e80000)
  to   space 1536K, 0% used [0x00000000d6e80000,0x00000000d6e80000,0x00000000d7000000)
 ParOldGen       total 75264K, used 75029K [0x0000000080000000, 0x0000000084980000, 0x00000000d5580000)
  object space 75264K, 99% used [0x0000000080000000,0x0000000084945498,0x0000000084980000)
 Metaspace       used 78147K, committed 79808K, reserved 1179648K
  class space    used 10009K, committed 10688K, reserved 1048576K
}
Event: 9353.442 GC heap after
{Heap after GC invocations=65 (full 3):
 PSYoungGen      total 18944K, used 256K [0x00000000d5580000, 0x00000000d6f00000, 0x0000000100000000)
  eden space 18432K, 0% used [0x00000000d5580000,0x00000000d5580000,0x00000000d6780000)
  from space 512K, 50% used [0x00000000d6e80000,0x00000000d6ec0000,0x00000000d6f00000)
  to   space 1024K, 0% used [0x00000000d6d00000,0x00000000d6d00000,0x00000000d6e00000)
 ParOldGen       total 75264K, used 75093K [0x0000000080000000, 0x0000000084980000, 0x00000000d5580000)
  object space 75264K, 99% used [0x0000000080000000,0x0000000084955498,0x0000000084980000)
 Metaspace       used 78147K, committed 79808K, reserved 1179648K
  class space    used 10009K, committed 10688K, reserved 1048576K
}
Event: 9369.841 GC heap before
{Heap before GC invocations=66 (full 3):
 PSYoungGen      total 18944K, used 18688K [0x00000000d5580000, 0x00000000d6f00000, 0x0000000100000000)
  eden space 18432K, 100% used [0x00000000d5580000,0x00000000d6780000,0x00000000d6780000)
  from space 512K, 50% used [0x00000000d6e80000,0x00000000d6ec0000,0x00000000d6f00000)
  to   space 1024K, 0% used [0x00000000d6d00000,0x00000000d6d00000,0x00000000d6e00000)
 ParOldGen       total 75264K, used 75093K [0x0000000080000000, 0x0000000084980000, 0x00000000d5580000)
  object space 75264K, 99% used [0x0000000080000000,0x0000000084955498,0x0000000084980000)
 Metaspace       used 79050K, committed 80640K, reserved 1179648K
  class space    used 10113K, committed 10816K, reserved 1048576K
}
Event: 9369.863 GC heap after
{Heap after GC invocations=66 (full 3):
 PSYoungGen      total 19456K, used 544K [0x00000000d5580000, 0x00000000d6f00000, 0x0000000100000000)
  eden space 18432K, 0% used [0x00000000d5580000,0x00000000d5580000,0x00000000d6780000)
  from space 1024K, 53% used [0x00000000d6d00000,0x00000000d6d88000,0x00000000d6e00000)
  to   space 1024K, 0% used [0x00000000d6e00000,0x00000000d6e00000,0x00000000d6f00000)
 ParOldGen       total 75264K, used 75157K [0x0000000080000000, 0x0000000084980000, 0x00000000d5580000)
  object space 75264K, 99% used [0x0000000080000000,0x0000000084965498,0x0000000084980000)
 Metaspace       used 79050K, committed 80640K, reserved 1179648K
  class space    used 10113K, committed 10816K, reserved 1048576K
}

