# JRE version: OpenJDK Runtime Environment (21.0.8) (build 21.0.8+-14196175-b1038.72)
# Java VM: OpenJDK 64-Bit Server VM (21.0.8+-14196175-b1038.72, mixed mode, tiered, compressed oops, compressed class ptrs, g1 gc, windows-amd64)
GC Precious Log:
 CardTable entry size: 512
 Card Set container configuration: InlinePtr #cards 4 size 8 Array Of Cards #cards 16 size 48 Howl #buckets 8 coarsen threshold 3686 Howl Bitmap #cards 512 size 80 coarsen threshold 460 Card regions per heap region 1 cards per card region 4096
 CPUs: 8 total, 8 available
 Memory: 8083M
 Large Page Support: Disabled
 NUMA Support: Disabled
 Compressed Oops: Enabled (Zero based)
 Heap Region Size: 2M
 Heap Min Capacity: 8M
 Heap Initial Capacity: 128M
 Heap Max Capacity: 3G
 Pre-touch: Disabled
 Parallel Workers: 8
 Concurrent Workers: 2
 Concurrent Refinement Workers: 8
 Periodic GC: Disabled
Heap:
 garbage-first heap   total 204800K, used 156325K [0x0000000740000000, 0x0000000800000000)
  region size 2048K, 22 young (45056K), 4 survivors (8192K)
 Metaspace       used 115907K, committed 117952K, reserved 983040K
  class space    used 16478K, committed 17472K, reserved 851968K
GC Heap History (20 events):
Event: 37.303 GC heap before
{Heap before GC invocations=39 (full 0):
 garbage-first heap   total 131072K, used 98169K [0x0000000740000000, 0x0000000800000000)
  region size 2048K, 14 young (28672K), 3 survivors (6144K)
 Metaspace       used 85391K, committed 87232K, reserved 983040K
  class space    used 12321K, committed 13248K, reserved 851968K
}
Event: 37.311 GC heap after
{Heap after GC invocations=40 (full 0):
 garbage-first heap   total 131072K, used 83860K [0x0000000740000000, 0x0000000800000000)
  region size 2048K, 3 young (6144K), 3 survivors (6144K)
 Metaspace       used 85391K, committed 87232K, reserved 983040K
  class space    used 12321K, committed 13248K, reserved 851968K
}
Event: 39.227 GC heap before
{Heap before GC invocations=41 (full 0):
 garbage-first heap   total 143360K, used 118676K [0x0000000740000000, 0x0000000800000000)
  region size 2048K, 19 young (38912K), 3 survivors (6144K)
 Metaspace       used 86425K, committed 88384K, reserved 983040K
  class space    used 12495K, committed 13440K, reserved 851968K
}
Event: 39.238 GC heap after
{Heap after GC invocations=42 (full 0):
 garbage-first heap   total 172032K, used 97473K [0x0000000740000000, 0x0000000800000000)
  region size 2048K, 3 young (6144K), 3 survivors (6144K)
 Metaspace       used 86425K, committed 88384K, reserved 983040K
  class space    used 12495K, committed 13440K, reserved 851968K
}
Event: 40.790 GC heap before
{Heap before GC invocations=42 (full 0):
 garbage-first heap   total 172032K, used 138433K [0x0000000740000000, 0x0000000800000000)
  region size 2048K, 24 young (49152K), 3 survivors (6144K)
 Metaspace       used 90679K, committed 92672K, reserved 983040K
  class space    used 12946K, committed 13952K, reserved 851968K
}
Event: 40.798 GC heap after
{Heap after GC invocations=43 (full 0):
 garbage-first heap   total 172032K, used 98985K [0x0000000740000000, 0x0000000800000000)
  region size 2048K, 2 young (4096K), 2 survivors (4096K)
 Metaspace       used 90679K, committed 92672K, reserved 983040K
  class space    used 12946K, committed 13952K, reserved 851968K
}
Event: 44.319 GC heap before
{Heap before GC invocations=43 (full 0):
 garbage-first heap   total 172032K, used 139945K [0x0000000740000000, 0x0000000800000000)
  region size 2048K, 23 young (47104K), 2 survivors (4096K)
 Metaspace       used 94842K, committed 96768K, reserved 983040K
  class space    used 13387K, committed 14336K, reserved 851968K
}
Event: 44.334 GC heap after
{Heap after GC invocations=44 (full 0):
 garbage-first heap   total 172032K, used 107212K [0x0000000740000000, 0x0000000800000000)
  region size 2048K, 3 young (6144K), 3 survivors (6144K)
 Metaspace       used 94842K, committed 96768K, reserved 983040K
  class space    used 13387K, committed 14336K, reserved 851968K
}
Event: 47.363 GC heap before
{Heap before GC invocations=45 (full 0):
 garbage-first heap   total 182272K, used 144076K [0x0000000740000000, 0x0000000800000000)
  region size 2048K, 22 young (45056K), 3 survivors (6144K)
 Metaspace       used 97525K, committed 99520K, reserved 983040K
  class space    used 13763K, committed 14720K, reserved 851968K
}
Event: 47.376 GC heap after
{Heap after GC invocations=46 (full 0):
 garbage-first heap   total 182272K, used 110459K [0x0000000740000000, 0x0000000800000000)
  region size 2048K, 2 young (4096K), 2 survivors (4096K)
 Metaspace       used 97525K, committed 99520K, reserved 983040K
  class space    used 13763K, committed 14720K, reserved 851968K
}
Event: 49.831 GC heap before
{Heap before GC invocations=46 (full 0):
 garbage-first heap   total 182272K, used 155515K [0x0000000740000000, 0x0000000800000000)
  region size 2048K, 24 young (49152K), 2 survivors (4096K)
 Metaspace       used 101464K, committed 103488K, reserved 983040K
  class space    used 14306K, committed 15296K, reserved 851968K
}
Event: 49.842 GC heap after
{Heap after GC invocations=47 (full 0):
 garbage-first heap   total 182272K, used 111221K [0x0000000740000000, 0x0000000800000000)
  region size 2048K, 1 young (2048K), 1 survivors (2048K)
 Metaspace       used 101464K, committed 103488K, reserved 983040K
  class space    used 14306K, committed 15296K, reserved 851968K
}
Event: 51.501 GC heap before
{Heap before GC invocations=47 (full 0):
 garbage-first heap   total 182272K, used 158325K [0x0000000740000000, 0x0000000800000000)
  region size 2048K, 24 young (49152K), 1 survivors (2048K)
 Metaspace       used 105022K, committed 107008K, reserved 983040K
  class space    used 14812K, committed 15808K, reserved 851968K
}
Event: 51.513 GC heap after
{Heap after GC invocations=48 (full 0):
 garbage-first heap   total 182272K, used 115494K [0x0000000740000000, 0x0000000800000000)
  region size 2048K, 3 young (6144K), 3 survivors (6144K)
 Metaspace       used 105022K, committed 107008K, reserved 983040K
  class space    used 14812K, committed 15808K, reserved 851968K
}
Event: 54.548 GC heap before
{Heap before GC invocations=49 (full 0):
 garbage-first heap   total 194560K, used 160550K [0x0000000740000000, 0x0000000800000000)
  region size 2048K, 25 young (51200K), 3 survivors (6144K)
 Metaspace       used 107302K, committed 109312K, reserved 983040K
  class space    used 15116K, committed 16128K, reserved 851968K
}
Event: 54.556 GC heap after
{Heap after GC invocations=50 (full 0):
 garbage-first heap   total 194560K, used 117896K [0x0000000740000000, 0x0000000800000000)
  region size 2048K, 4 young (8192K), 4 survivors (8192K)
 Metaspace       used 107302K, committed 109312K, reserved 983040K
  class space    used 15116K, committed 16128K, reserved 851968K
}
Event: 55.941 GC heap before
{Heap before GC invocations=50 (full 0):
 garbage-first heap   total 194560K, used 171144K [0x0000000740000000, 0x0000000800000000)
  region size 2048K, 30 young (61440K), 4 survivors (8192K)
 Metaspace       used 111799K, committed 113856K, reserved 983040K
  class space    used 15857K, committed 16832K, reserved 851968K
}
Event: 55.952 GC heap after
{Heap after GC invocations=51 (full 0):
 garbage-first heap   total 194560K, used 117119K [0x0000000740000000, 0x0000000800000000)
  region size 2048K, 3 young (6144K), 3 survivors (6144K)
 Metaspace       used 111799K, committed 113856K, reserved 983040K
  class space    used 15857K, committed 16832K, reserved 851968K
}
Event: 58.254 GC heap before
{Heap before GC invocations=51 (full 0):
 garbage-first heap   total 194560K, used 172415K [0x0000000740000000, 0x0000000800000000)
  region size 2048K, 30 young (61440K), 3 survivors (6144K)
 Metaspace       used 115356K, committed 117440K, reserved 983040K
  class space    used 16427K, committed 17472K, reserved 851968K
}
Event: 58.268 GC heap after
{Heap after GC invocations=52 (full 0):
 garbage-first heap   total 194560K, used 121509K [0x0000000740000000, 0x0000000800000000)
  region size 2048K, 4 young (8192K), 4 survivors (8192K)
 Metaspace       used 115356K, committed 117440K, reserved 983040K
  class space    used 16427K, committed 17472K, reserved 851968K
}

