# JRE version: OpenJDK Runtime Environment (21.0.8) (build 21.0.8+-14196175-b1038.72)
# Java VM: OpenJDK 64-Bit Server VM (21.0.8+-14196175-b1038.72, mixed mode, tiered, compressed oops, compressed class ptrs, g1 gc, windows-amd64)
GC Precious Log:
 CardTable entry size: 512
 Card Set container configuration: InlinePtr #cards 4 size 8 Array Of Cards #cards 16 size 48 Howl #buckets 8 coarsen threshold 3686 Howl Bitmap #cards 512 size 80 coarsen threshold 460 Card regions per heap region 1 cards per card region 4096
 CPUs: 8 total, 8 available
 Memory: 8083M
 Large Page Support: Disabled
 NUMA Support: Disabled
 Compressed Oops: Enabled (Zero based)
 Heap Region Size: 2M
 Heap Min Capacity: 8M
 Heap Initial Capacity: 128M
 Heap Max Capacity: 4G
 Pre-touch: Disabled
 Parallel Workers: 8
 Concurrent Workers: 2
 Concurrent Refinement Workers: 8
 Periodic GC: Disabled
Heap:
 garbage-first heap   total 608256K, used 525628K [0x0000000700000000, 0x0000000800000000)
  region size 2048K, 166 young (339968K), 10 survivors (20480K)
 Metaspace       used 166282K, committed 168512K, reserved 1048576K
  class space    used 21627K, committed 22720K, reserved 851968K
GC Heap History (20 events):
Event: 65.870 GC heap before
{Heap before GC invocations=103 (full 0):
 garbage-first heap   total 450560K, used 406364K [0x0000000700000000, 0x0000000800000000)
  region size 2048K, 132 young (270336K), 5 survivors (10240K)
 Metaspace       used 156022K, committed 158208K, reserved 1048576K
  class space    used 20375K, committed 21440K, reserved 851968K
}
Event: 65.878 GC heap after
{Heap after GC invocations=104 (full 0):
 garbage-first heap   total 450560K, used 149447K [0x0000000700000000, 0x0000000800000000)
  region size 2048K, 7 young (14336K), 7 survivors (14336K)
 Metaspace       used 156022K, committed 158208K, reserved 1048576K
  class space    used 20375K, committed 21440K, reserved 851968K
}
Event: 66.847 GC heap before
{Heap before GC invocations=105 (full 0):
 garbage-first heap   total 450560K, used 405447K [0x0000000700000000, 0x0000000800000000)
  region size 2048K, 132 young (270336K), 7 survivors (14336K)
 Metaspace       used 156186K, committed 158336K, reserved 1048576K
  class space    used 20377K, committed 21440K, reserved 851968K
}
Event: 66.866 GC heap after
{Heap after GC invocations=106 (full 0):
 garbage-first heap   total 450560K, used 162997K [0x0000000700000000, 0x0000000800000000)
  region size 2048K, 13 young (26624K), 13 survivors (26624K)
 Metaspace       used 156186K, committed 158336K, reserved 1048576K
  class space    used 20377K, committed 21440K, reserved 851968K
}
Event: 71.772 GC heap before
{Heap before GC invocations=106 (full 0):
 garbage-first heap   total 450560K, used 404661K [0x0000000700000000, 0x0000000800000000)
  region size 2048K, 129 young (264192K), 13 survivors (26624K)
 Metaspace       used 163912K, committed 166208K, reserved 1048576K
  class space    used 21424K, committed 22528K, reserved 851968K
}
Event: 71.800 GC heap after
{Heap after GC invocations=107 (full 0):
 garbage-first heap   total 454656K, used 177979K [0x0000000700000000, 0x0000000800000000)
  region size 2048K, 17 young (34816K), 17 survivors (34816K)
 Metaspace       used 163912K, committed 166208K, reserved 1048576K
  class space    used 21424K, committed 22528K, reserved 851968K
}
Event: 72.171 GC heap before
{Heap before GC invocations=107 (full 0):
 garbage-first heap   total 454656K, used 390971K [0x0000000700000000, 0x0000000800000000)
  region size 2048K, 122 young (249856K), 17 survivors (34816K)
 Metaspace       used 164866K, committed 167104K, reserved 1048576K
  class space    used 21509K, committed 22592K, reserved 851968K
}
Event: 72.202 GC heap after
{Heap after GC invocations=108 (full 0):
 garbage-first heap   total 454656K, used 190097K [0x0000000700000000, 0x0000000800000000)
  region size 2048K, 8 young (16384K), 8 survivors (16384K)
 Metaspace       used 164866K, committed 167104K, reserved 1048576K
  class space    used 21509K, committed 22592K, reserved 851968K
}
Event: 72.731 GC heap before
{Heap before GC invocations=109 (full 0):
 garbage-first heap   total 454656K, used 409233K [0x0000000700000000, 0x0000000800000000)
  region size 2048K, 115 young (235520K), 8 survivors (16384K)
 Metaspace       used 166070K, committed 168320K, reserved 1048576K
  class space    used 21623K, committed 22720K, reserved 851968K
}
Event: 72.741 GC heap after
{Heap after GC invocations=110 (full 0):
 garbage-first heap   total 454656K, used 192309K [0x0000000700000000, 0x0000000800000000)
  region size 2048K, 9 young (18432K), 9 survivors (18432K)
 Metaspace       used 166070K, committed 168320K, reserved 1048576K
  class space    used 21623K, committed 22720K, reserved 851968K
}
Event: 73.033 GC heap before
{Heap before GC invocations=110 (full 0):
 garbage-first heap   total 454656K, used 413493K [0x0000000700000000, 0x0000000800000000)
  region size 2048K, 115 young (235520K), 9 survivors (18432K)
 Metaspace       used 166171K, committed 168448K, reserved 1048576K
  class space    used 21624K, committed 22720K, reserved 851968K
}
Event: 73.052 GC heap after
{Heap after GC invocations=111 (full 0):
 garbage-first heap   total 454656K, used 201424K [0x0000000700000000, 0x0000000800000000)
  region size 2048K, 13 young (26624K), 13 survivors (26624K)
 Metaspace       used 166171K, committed 168448K, reserved 1048576K
  class space    used 21624K, committed 22720K, reserved 851968K
}
Event: 73.290 GC heap before
{Heap before GC invocations=111 (full 0):
 garbage-first heap   total 454656K, used 402128K [0x0000000700000000, 0x0000000800000000)
  region size 2048K, 111 young (227328K), 13 survivors (26624K)
 Metaspace       used 166204K, committed 168448K, reserved 1048576K
  class space    used 21624K, committed 22720K, reserved 851968K
}
Event: 73.304 GC heap after
{Heap after GC invocations=112 (full 0):
 garbage-first heap   total 608256K, used 195344K [0x0000000700000000, 0x0000000800000000)
  region size 2048K, 4 young (8192K), 4 survivors (8192K)
 Metaspace       used 166204K, committed 168448K, reserved 1048576K
  class space    used 21624K, committed 22720K, reserved 851968K
}
Event: 73.978 GC heap before
{Heap before GC invocations=113 (full 0):
 garbage-first heap   total 608256K, used 551696K [0x0000000700000000, 0x0000000800000000)
  region size 2048K, 178 young (364544K), 4 survivors (8192K)
 Metaspace       used 166228K, committed 168448K, reserved 1048576K
  class space    used 21626K, committed 22720K, reserved 851968K
}
Event: 73.988 GC heap after
{Heap after GC invocations=114 (full 0):
 garbage-first heap   total 608256K, used 203907K [0x0000000700000000, 0x0000000800000000)
  region size 2048K, 8 young (16384K), 8 survivors (16384K)
 Metaspace       used 166228K, committed 168448K, reserved 1048576K
  class space    used 21626K, committed 22720K, reserved 851968K
}
Event: 74.884 GC heap before
{Heap before GC invocations=114 (full 0):
 garbage-first heap   total 608256K, used 550019K [0x0000000700000000, 0x0000000800000000)
  region size 2048K, 179 young (366592K), 8 survivors (16384K)
 Metaspace       used 166242K, committed 168448K, reserved 1048576K
  class space    used 21626K, committed 22720K, reserved 851968K
}
Event: 74.901 GC heap after
{Heap after GC invocations=115 (full 0):
 garbage-first heap   total 608256K, used 206501K [0x0000000700000000, 0x0000000800000000)
  region size 2048K, 9 young (18432K), 9 survivors (18432K)
 Metaspace       used 166242K, committed 168448K, reserved 1048576K
  class space    used 21626K, committed 22720K, reserved 851968K
}
Event: 75.385 GC heap before
{Heap before GC invocations=115 (full 0):
 garbage-first heap   total 608256K, used 550565K [0x0000000700000000, 0x0000000800000000)
  region size 2048K, 178 young (364544K), 9 survivors (18432K)
 Metaspace       used 166262K, committed 168448K, reserved 1048576K
  class space    used 21626K, committed 22720K, reserved 851968K
}
Event: 75.397 GC heap after
{Heap after GC invocations=116 (full 0):
 garbage-first heap   total 608256K, used 208188K [0x0000000700000000, 0x0000000800000000)
  region size 2048K, 10 young (20480K), 10 survivors (20480K)
 Metaspace       used 166262K, committed 168448K, reserved 1048576K
  class space    used 21626K, committed 22720K, reserved 851968K
}

