# JRE version: OpenJDK Runtime Environment (21.0.7) (build 21.0.7+-13880790-b1038.58)
# Java VM: OpenJDK 64-Bit Server VM (21.0.7+-13880790-b1038.58, mixed mode, tiered, compressed oops, compressed class ptrs, g1 gc, windows-amd64)
GC Precious Log:
 CardTable entry size: 512
 Card Set container configuration: InlinePtr #cards 4 size 8 Array Of Cards #cards 16 size 48 Howl #buckets 8 coarsen threshold 3686 Howl Bitmap #cards 512 size 80 coarsen threshold 460 Card regions per heap region 1 cards per card region 4096
 CPUs: 8 total, 8 available
 Memory: 8083M
 Large Page Support: Disabled
 NUMA Support: Disabled
 Compressed Oops: Enabled (Zero based)
 Heap Region Size: 2M
 Heap Min Capacity: 8M
 Heap Initial Capacity: 128M
 Heap Max Capacity: 4G
 Pre-touch: Disabled
 Parallel Workers: 8
 Concurrent Workers: 2
 Concurrent Refinement Workers: 8
 Periodic GC: Disabled
Heap:
 garbage-first heap   total 702464K, used 332402K [0x0000000700000000, 0x0000000800000000)
  region size 2048K, 30 young (61440K), 16 survivors (32768K)
 Metaspace       used 140140K, committed 143104K, reserved 983040K
  class space    used 19384K, committed 20736K, reserved 851968K
GC Heap History (20 events):
Event: 292.892 GC heap before
{Heap before GC invocations=68 (full 0):
 garbage-first heap   total 315392K, used 281039K [0x0000000700000000, 0x0000000800000000)
  region size 2048K, 39 young (79872K), 3 survivors (6144K)
 Metaspace       used 137059K, committed 139712K, reserved 983040K
  class space    used 18967K, committed 20224K, reserved 851968K
}
Event: 292.903 GC heap after
{Heap after GC invocations=69 (full 0):
 garbage-first heap   total 315392K, used 209970K [0x0000000700000000, 0x0000000800000000)
  region size 2048K, 4 young (8192K), 4 survivors (8192K)
 Metaspace       used 137059K, committed 139712K, reserved 983040K
  class space    used 18967K, committed 20224K, reserved 851968K
}
Event: 294.548 GC heap before
{Heap before GC invocations=70 (full 0):
 garbage-first heap   total 356352K, used 281650K [0x0000000700000000, 0x0000000800000000)
  region size 2048K, 40 young (81920K), 4 survivors (8192K)
 Metaspace       used 137398K, committed 140096K, reserved 983040K
  class space    used 19005K, committed 20288K, reserved 851968K
}
Event: 294.567 GC heap after
{Heap after GC invocations=71 (full 0):
 garbage-first heap   total 356352K, used 217603K [0x0000000700000000, 0x0000000800000000)
  region size 2048K, 5 young (10240K), 5 survivors (10240K)
 Metaspace       used 137398K, committed 140096K, reserved 983040K
  class space    used 19005K, committed 20288K, reserved 851968K
}
Event: 295.303 GC heap before
{Heap before GC invocations=71 (full 0):
 garbage-first heap   total 356352K, used 311811K [0x0000000700000000, 0x0000000800000000)
  region size 2048K, 52 young (106496K), 5 survivors (10240K)
 Metaspace       used 137399K, committed 140096K, reserved 983040K
  class space    used 19005K, committed 20288K, reserved 851968K
}
Event: 295.339 GC heap after
{Heap after GC invocations=72 (full 0):
 garbage-first heap   total 428032K, used 217718K [0x0000000700000000, 0x0000000800000000)
  region size 2048K, 3 young (6144K), 3 survivors (6144K)
 Metaspace       used 137399K, committed 140096K, reserved 983040K
  class space    used 19005K, committed 20288K, reserved 851968K
}
Event: 297.344 GC heap before
{Heap before GC invocations=72 (full 0):
 garbage-first heap   total 428032K, used 379510K [0x0000000700000000, 0x0000000800000000)
  region size 2048K, 83 young (169984K), 3 survivors (6144K)
 Metaspace       used 137660K, committed 140352K, reserved 983040K
  class space    used 19038K, committed 20352K, reserved 851968K
}
Event: 297.363 GC heap after
{Heap after GC invocations=73 (full 0):
 garbage-first heap   total 428032K, used 226231K [0x0000000700000000, 0x0000000800000000)
  region size 2048K, 7 young (14336K), 7 survivors (14336K)
 Metaspace       used 137660K, committed 140352K, reserved 983040K
  class space    used 19038K, committed 20352K, reserved 851968K
}
Event: 298.753 GC heap before
{Heap before GC invocations=74 (full 0):
 garbage-first heap   total 428032K, used 379831K [0x0000000700000000, 0x0000000800000000)
  region size 2048K, 83 young (169984K), 7 survivors (14336K)
 Metaspace       used 137700K, committed 140416K, reserved 983040K
  class space    used 19044K, committed 20352K, reserved 851968K
}
Event: 298.781 GC heap after
{Heap after GC invocations=75 (full 0):
 garbage-first heap   total 428032K, used 234528K [0x0000000700000000, 0x0000000800000000)
  region size 2048K, 10 young (20480K), 10 survivors (20480K)
 Metaspace       used 137700K, committed 140416K, reserved 983040K
  class space    used 19044K, committed 20352K, reserved 851968K
}
Event: 301.161 GC heap before
{Heap before GC invocations=75 (full 0):
 garbage-first heap   total 428032K, used 381984K [0x0000000700000000, 0x0000000800000000)
  region size 2048K, 83 young (169984K), 10 survivors (20480K)
 Metaspace       used 138715K, committed 141504K, reserved 983040K
  class space    used 19184K, committed 20480K, reserved 851968K
}
Event: 301.225 GC heap after
{Heap after GC invocations=76 (full 0):
 garbage-first heap   total 436224K, used 255495K [0x0000000700000000, 0x0000000800000000)
  region size 2048K, 11 young (22528K), 11 survivors (22528K)
 Metaspace       used 138715K, committed 141504K, reserved 983040K
  class space    used 19184K, committed 20480K, reserved 851968K
}
Event: 302.833 GC heap before
{Heap before GC invocations=76 (full 0):
 garbage-first heap   total 436224K, used 388615K [0x0000000700000000, 0x0000000800000000)
  region size 2048K, 76 young (155648K), 11 survivors (22528K)
 Metaspace       used 139344K, committed 142272K, reserved 983040K
  class space    used 19274K, committed 20608K, reserved 851968K
}
Event: 302.883 GC heap after
{Heap after GC invocations=77 (full 0):
 garbage-first heap   total 436224K, used 278527K [0x0000000700000000, 0x0000000800000000)
  region size 2048K, 10 young (20480K), 10 survivors (20480K)
 Metaspace       used 139344K, committed 142272K, reserved 983040K
  class space    used 19274K, committed 20608K, reserved 851968K
}
Event: 304.230 GC heap before
{Heap before GC invocations=78 (full 0):
 garbage-first heap   total 464896K, used 389119K [0x0000000700000000, 0x0000000800000000)
  region size 2048K, 65 young (133120K), 10 survivors (20480K)
 Metaspace       used 139473K, committed 142336K, reserved 983040K
  class space    used 19295K, committed 20608K, reserved 851968K
}
Event: 304.273 GC heap after
{Heap after GC invocations=79 (full 0):
 garbage-first heap   total 464896K, used 286040K [0x0000000700000000, 0x0000000800000000)
  region size 2048K, 5 young (10240K), 5 survivors (10240K)
 Metaspace       used 139473K, committed 142336K, reserved 983040K
  class space    used 19295K, committed 20608K, reserved 851968K
}
Event: 305.514 GC heap before
{Heap before GC invocations=79 (full 0):
 garbage-first heap   total 464896K, used 417112K [0x0000000700000000, 0x0000000800000000)
  region size 2048K, 70 young (143360K), 5 survivors (10240K)
 Metaspace       used 139648K, committed 142592K, reserved 983040K
  class space    used 19320K, committed 20672K, reserved 851968K
}
Event: 305.538 GC heap after
{Heap after GC invocations=80 (full 0):
 garbage-first heap   total 702464K, used 289609K [0x0000000700000000, 0x0000000800000000)
  region size 2048K, 7 young (14336K), 7 survivors (14336K)
 Metaspace       used 139648K, committed 142592K, reserved 983040K
  class space    used 19320K, committed 20672K, reserved 851968K
}
Event: 309.065 GC heap before
{Heap before GC invocations=80 (full 0):
 garbage-first heap   total 702464K, used 631625K [0x0000000700000000, 0x0000000800000000)
  region size 2048K, 175 young (358400K), 7 survivors (14336K)
 Metaspace       used 140140K, committed 143104K, reserved 983040K
  class space    used 19384K, committed 20736K, reserved 851968K
}
Event: 309.117 GC heap after
{Heap after GC invocations=81 (full 0):
 garbage-first heap   total 702464K, used 307826K [0x0000000700000000, 0x0000000800000000)
  region size 2048K, 16 young (32768K), 16 survivors (32768K)
 Metaspace       used 140140K, committed 143104K, reserved 983040K
  class space    used 19384K, committed 20736K, reserved 851968K
}

