# JRE version: OpenJDK Runtime Environment (21.0.8) (build 21.0.8+-14196175-b1038.72)
# Java VM: OpenJDK 64-Bit Server VM (21.0.8+-14196175-b1038.72, mixed mode, tiered, compressed oops, compressed class ptrs, parallel gc, windows-amd64)
GC Precious Log:
 CardTable entry size: 512
 CPUs: 8 total, 8 available
 Memory: 8083M
 Large Page Support: Disabled
 NUMA Support: Disabled
 Compressed Oops: Enabled (Zero based)
 Alignments: Space 512K, Generation 512K, Heap 2M
 Heap Min Capacity: 1G
 Heap Initial Capacity: 1G
 Heap Max Capacity: 3G
 Pre-touch: Disabled
 Parallel Workers: 8
Heap:
 PSYoungGen      total 848384K, used 628827K [0x00000007c0000000, 0x00000007fee80000, 0x0000000800000000)
  eden space 669184K, 93% used [0x00000007c0000000,0x00000007e6042fe0,0x00000007e8d80000)
  from space 179200K, 3% used [0x00000007f3f80000,0x00000007f4553e68,0x00000007fee80000)
  to   space 180736K, 0% used [0x00000007e8d80000,0x00000007e8d80000,0x00000007f3e00000)
 ParOldGen       total 1570816K, used 1570156K [0x0000000740000000, 0x000000079fe00000, 0x00000007c0000000)
  object space 1570816K, 99% used [0x0000000740000000,0x000000079fd5b020,0x000000079fe00000)
 Metaspace       used 247273K, committed 250304K, reserved 1114112K
  class space    used 31031K, committed 32448K, reserved 851968K
GC Heap History (20 events):
Event: 4693.909 GC heap before
{Heap before GC invocations=68 (full 11):
 PSYoungGen      total 837120K, used 833862K [0x00000007c0000000, 0x0000000800000000, 0x0000000800000000)
  eden space 680960K, 100% used [0x00000007c0000000,0x00000007e9900000,0x00000007e9900000)
  from space 156160K, 97% used [0x00000007f5680000,0x00000007febd18f8,0x00000007fef00000)
  to   space 183808K, 0% used [0x00000007e9900000,0x00000007e9900000,0x00000007f4c80000)
 ParOldGen       total 1057280K, used 1027351K [0x0000000740000000, 0x0000000780880000, 0x00000007c0000000)
  object space 1057280K, 97% used [0x0000000740000000,0x000000077eb45fe8,0x0000000780880000)
 Metaspace       used 229324K, committed 232256K, reserved 1114112K
  class space    used 29154K, committed 30464K, reserved 851968K
}
Event: 4694.115 GC heap after
{Heap after GC invocations=68 (full 11):
 PSYoungGen      total 864768K, used 82694K [0x00000007c0000000, 0x0000000800000000, 0x0000000800000000)
  eden space 680960K, 0% used [0x00000007c0000000,0x00000007c0000000,0x00000007e9900000)
  from space 183808K, 44% used [0x00000007e9900000,0x00000007ee9c1a78,0x00000007f4c80000)
  to   space 180224K, 0% used [0x00000007f5000000,0x00000007f5000000,0x0000000800000000)
 ParOldGen       total 1156608K, used 1156384K [0x0000000740000000, 0x0000000786980000, 0x00000007c0000000)
  object space 1156608K, 99% used [0x0000000740000000,0x00000007869482c8,0x0000000786980000)
 Metaspace       used 229324K, committed 232256K, reserved 1114112K
  class space    used 29154K, committed 30464K, reserved 851968K
}
Event: 4697.633 GC heap before
{Heap before GC invocations=69 (full 11):
 PSYoungGen      total 864768K, used 763654K [0x00000007c0000000, 0x0000000800000000, 0x0000000800000000)
  eden space 680960K, 100% used [0x00000007c0000000,0x00000007e9900000,0x00000007e9900000)
  from space 183808K, 44% used [0x00000007e9900000,0x00000007ee9c1a78,0x00000007f4c80000)
  to   space 180224K, 0% used [0x00000007f5000000,0x00000007f5000000,0x0000000800000000)
 ParOldGen       total 1156608K, used 1156384K [0x0000000740000000, 0x0000000786980000, 0x00000007c0000000)
  object space 1156608K, 99% used [0x0000000740000000,0x00000007869482c8,0x0000000786980000)
 Metaspace       used 229415K, committed 232320K, reserved 1114112K
  class space    used 29154K, committed 30464K, reserved 851968K
}
Event: 4697.932 GC heap after
{Heap after GC invocations=69 (full 11):
 PSYoungGen      total 747520K, used 180200K [0x00000007c0000000, 0x0000000800000000, 0x0000000800000000)
  eden space 567296K, 0% used [0x00000007c0000000,0x00000007c0000000,0x00000007e2a00000)
  from space 180224K, 99% used [0x00000007f5000000,0x00000007ffffa208,0x0000000800000000)
  to   space 240640K, 0% used [0x00000007e2a00000,0x00000007e2a00000,0x00000007f1500000)
 ParOldGen       total 1233408K, used 1232958K [0x0000000740000000, 0x000000078b480000, 0x00000007c0000000)
  object space 1233408K, 99% used [0x0000000740000000,0x000000078b40fb78,0x000000078b480000)
 Metaspace       used 229415K, committed 232320K, reserved 1114112K
  class space    used 29154K, committed 30464K, reserved 851968K
}
Event: 4701.076 GC heap before
{Heap before GC invocations=70 (full 11):
 PSYoungGen      total 747520K, used 747496K [0x00000007c0000000, 0x0000000800000000, 0x0000000800000000)
  eden space 567296K, 100% used [0x00000007c0000000,0x00000007e2a00000,0x00000007e2a00000)
  from space 180224K, 99% used [0x00000007f5000000,0x00000007ffffa208,0x0000000800000000)
  to   space 240640K, 0% used [0x00000007e2a00000,0x00000007e2a00000,0x00000007f1500000)
 ParOldGen       total 1233408K, used 1232958K [0x0000000740000000, 0x000000078b480000, 0x00000007c0000000)
  object space 1233408K, 99% used [0x0000000740000000,0x000000078b40fb78,0x000000078b480000)
 Metaspace       used 229528K, committed 232448K, reserved 1114112K
  class space    used 29157K, committed 30464K, reserved 851968K
}
Event: 4701.361 GC heap after
{Heap after GC invocations=70 (full 11):
 PSYoungGen      total 807936K, used 61249K [0x00000007c0000000, 0x0000000800000000, 0x0000000800000000)
  eden space 567296K, 0% used [0x00000007c0000000,0x00000007c0000000,0x00000007e2a00000)
  from space 240640K, 25% used [0x00000007e2a00000,0x00000007e65d06b0,0x00000007f1500000)
  to   space 227840K, 0% used [0x00000007f2180000,0x00000007f2180000,0x0000000800000000)
 ParOldGen       total 1407488K, used 1407485K [0x0000000740000000, 0x0000000795e80000, 0x00000007c0000000)
  object space 1407488K, 99% used [0x0000000740000000,0x0000000795e7f410,0x0000000795e80000)
 Metaspace       used 229528K, committed 232448K, reserved 1114112K
  class space    used 29157K, committed 30464K, reserved 851968K
}
Event: 4704.897 GC heap before
{Heap before GC invocations=71 (full 11):
 PSYoungGen      total 807936K, used 628545K [0x00000007c0000000, 0x0000000800000000, 0x0000000800000000)
  eden space 567296K, 100% used [0x00000007c0000000,0x00000007e2a00000,0x00000007e2a00000)
  from space 240640K, 25% used [0x00000007e2a00000,0x00000007e65d06b0,0x00000007f1500000)
  to   space 227840K, 0% used [0x00000007f2180000,0x00000007f2180000,0x0000000800000000)
 ParOldGen       total 1407488K, used 1407485K [0x0000000740000000, 0x0000000795e80000, 0x00000007c0000000)
  object space 1407488K, 99% used [0x0000000740000000,0x0000000795e7f410,0x0000000795e80000)
 Metaspace       used 229764K, committed 232704K, reserved 1114112K
  class space    used 29200K, committed 30528K, reserved 851968K
}
Event: 4705.192 GC heap after
{Heap after GC invocations=71 (full 11):
 PSYoungGen      total 781824K, used 30954K [0x00000007c0000000, 0x00000007fe680000, 0x0000000800000000)
  eden space 580096K, 0% used [0x00000007c0000000,0x00000007c0000000,0x00000007e3680000)
  from space 201728K, 15% used [0x00000007f2180000,0x00000007f3fbaa78,0x00000007fe680000)
  to   space 221184K, 0% used [0x00000007e3680000,0x00000007e3680000,0x00000007f0e80000)
 ParOldGen       total 1460224K, used 1459898K [0x0000000740000000, 0x0000000799200000, 0x00000007c0000000)
  object space 1460224K, 99% used [0x0000000740000000,0x00000007991aeb60,0x0000000799200000)
 Metaspace       used 229764K, committed 232704K, reserved 1114112K
  class space    used 29200K, committed 30528K, reserved 851968K
}
Event: 4707.791 GC heap before
{Heap before GC invocations=72 (full 11):
 PSYoungGen      total 781824K, used 611050K [0x00000007c0000000, 0x00000007fe680000, 0x0000000800000000)
  eden space 580096K, 100% used [0x00000007c0000000,0x00000007e3680000,0x00000007e3680000)
  from space 201728K, 15% used [0x00000007f2180000,0x00000007f3fbaa78,0x00000007fe680000)
  to   space 221184K, 0% used [0x00000007e3680000,0x00000007e3680000,0x00000007f0e80000)
 ParOldGen       total 1460224K, used 1459898K [0x0000000740000000, 0x0000000799200000, 0x00000007c0000000)
  object space 1460224K, 99% used [0x0000000740000000,0x00000007991aeb60,0x0000000799200000)
 Metaspace       used 229859K, committed 232768K, reserved 1114112K
  class space    used 29204K, committed 30528K, reserved 851968K
}
Event: 4707.885 GC heap after
{Heap after GC invocations=72 (full 11):
 PSYoungGen      total 801280K, used 11894K [0x00000007c0000000, 0x0000000800000000, 0x0000000800000000)
  eden space 580096K, 0% used [0x00000007c0000000,0x00000007c0000000,0x00000007e3680000)
  from space 221184K, 5% used [0x00000007e3680000,0x00000007e421db70,0x00000007f0e80000)
  to   space 217088K, 0% used [0x00000007f2c00000,0x00000007f2c00000,0x0000000800000000)
 ParOldGen       total 1484288K, used 1483804K [0x0000000740000000, 0x000000079a980000, 0x00000007c0000000)
  object space 1484288K, 99% used [0x0000000740000000,0x000000079a907078,0x000000079a980000)
 Metaspace       used 229859K, committed 232768K, reserved 1114112K
  class space    used 29204K, committed 30528K, reserved 851968K
}
Event: 4713.295 GC heap before
{Heap before GC invocations=73 (full 11):
 PSYoungGen      total 801280K, used 591990K [0x00000007c0000000, 0x0000000800000000, 0x0000000800000000)
  eden space 580096K, 100% used [0x00000007c0000000,0x00000007e3680000,0x00000007e3680000)
  from space 221184K, 5% used [0x00000007e3680000,0x00000007e421db70,0x00000007f0e80000)
  to   space 217088K, 0% used [0x00000007f2c00000,0x00000007f2c00000,0x0000000800000000)
 ParOldGen       total 1484288K, used 1483804K [0x0000000740000000, 0x000000079a980000, 0x00000007c0000000)
  object space 1484288K, 99% used [0x0000000740000000,0x000000079a907078,0x000000079a980000)
 Metaspace       used 229879K, committed 232768K, reserved 1114112K
  class space    used 29204K, committed 30528K, reserved 851968K
}
Event: 4713.358 GC heap after
{Heap after GC invocations=73 (full 11):
 PSYoungGen      total 812032K, used 15173K [0x00000007c0000000, 0x00000007ff100000, 0x0000000800000000)
  eden space 610304K, 0% used [0x00000007c0000000,0x00000007c0000000,0x00000007e5400000)
  from space 201728K, 7% used [0x00000007f2c00000,0x00000007f3ad14c8,0x00000007ff100000)
  to   space 211456K, 0% used [0x00000007e5400000,0x00000007e5400000,0x00000007f2280000)
 ParOldGen       total 1489920K, used 1489635K [0x0000000740000000, 0x000000079af00000, 0x00000007c0000000)
  object space 1489920K, 99% used [0x0000000740000000,0x000000079aeb8d00,0x000000079af00000)
 Metaspace       used 229879K, committed 232768K, reserved 1114112K
  class space    used 29204K, committed 30528K, reserved 851968K
}
Event: 4721.157 GC heap before
{Heap before GC invocations=74 (full 11):
 PSYoungGen      total 812032K, used 625477K [0x00000007c0000000, 0x00000007ff100000, 0x0000000800000000)
  eden space 610304K, 100% used [0x00000007c0000000,0x00000007e5400000,0x00000007e5400000)
  from space 201728K, 7% used [0x00000007f2c00000,0x00000007f3ad14c8,0x00000007ff100000)
  to   space 211456K, 0% used [0x00000007e5400000,0x00000007e5400000,0x00000007f2280000)
 ParOldGen       total 1489920K, used 1489635K [0x0000000740000000, 0x000000079af00000, 0x00000007c0000000)
  object space 1489920K, 99% used [0x0000000740000000,0x000000079aeb8d00,0x000000079af00000)
 Metaspace       used 229938K, committed 232832K, reserved 1114112K
  class space    used 29207K, committed 30528K, reserved 851968K
}
Event: 4721.352 GC heap after
{Heap after GC invocations=74 (full 11):
 PSYoungGen      total 821760K, used 31982K [0x00000007c0000000, 0x00000007ff680000, 0x0000000800000000)
  eden space 610304K, 0% used [0x00000007c0000000,0x00000007c0000000,0x00000007e5400000)
  from space 211456K, 15% used [0x00000007e5400000,0x00000007e733bb80,0x00000007f2280000)
  to   space 201728K, 0% used [0x00000007f3180000,0x00000007f3180000,0x00000007ff680000)
 ParOldGen       total 1492992K, used 1492935K [0x0000000740000000, 0x000000079b200000, 0x00000007c0000000)
  object space 1492992K, 99% used [0x0000000740000000,0x000000079b1f1c80,0x000000079b200000)
 Metaspace       used 229938K, committed 232832K, reserved 1114112K
  class space    used 29207K, committed 30528K, reserved 851968K
}
Event: 4727.277 GC heap before
{Heap before GC invocations=75 (full 11):
 PSYoungGen      total 821760K, used 642286K [0x00000007c0000000, 0x00000007ff680000, 0x0000000800000000)
  eden space 610304K, 100% used [0x00000007c0000000,0x00000007e5400000,0x00000007e5400000)
  from space 211456K, 15% used [0x00000007e5400000,0x00000007e733bb80,0x00000007f2280000)
  to   space 201728K, 0% used [0x00000007f3180000,0x00000007f3180000,0x00000007ff680000)
 ParOldGen       total 1492992K, used 1492935K [0x0000000740000000, 0x000000079b200000, 0x00000007c0000000)
  object space 1492992K, 99% used [0x0000000740000000,0x000000079b1f1c80,0x000000079b200000)
 Metaspace       used 230053K, committed 232960K, reserved 1114112K
  class space    used 29222K, committed 30528K, reserved 851968K
}
Event: 4727.332 GC heap after
{Heap after GC invocations=75 (full 11):
 PSYoungGen      total 822784K, used 18174K [0x00000007c0000000, 0x00000007fe880000, 0x0000000800000000)
  eden space 635392K, 0% used [0x00000007c0000000,0x00000007c0000000,0x00000007e6c80000)
  from space 187392K, 9% used [0x00000007f3180000,0x00000007f433fbe8,0x00000007fe880000)
  to   space 194560K, 0% used [0x00000007e6c80000,0x00000007e6c80000,0x00000007f2a80000)
 ParOldGen       total 1516032K, used 1515932K [0x0000000740000000, 0x000000079c880000, 0x00000007c0000000)
  object space 1516032K, 99% used [0x0000000740000000,0x000000079c867338,0x000000079c880000)
 Metaspace       used 230053K, committed 232960K, reserved 1114112K
  class space    used 29222K, committed 30528K, reserved 851968K
}
Event: 4731.412 GC heap before
{Heap before GC invocations=76 (full 11):
 PSYoungGen      total 822784K, used 653463K [0x00000007c0000000, 0x00000007fe880000, 0x0000000800000000)
  eden space 635392K, 99% used [0x00000007c0000000,0x00000007e6c66168,0x00000007e6c80000)
  from space 187392K, 9% used [0x00000007f3180000,0x00000007f433fbe8,0x00000007fe880000)
  to   space 194560K, 0% used [0x00000007e6c80000,0x00000007e6c80000,0x00000007f2a80000)
 ParOldGen       total 1516032K, used 1515932K [0x0000000740000000, 0x000000079c880000, 0x00000007c0000000)
  object space 1516032K, 99% used [0x0000000740000000,0x000000079c867338,0x000000079c880000)
 Metaspace       used 230357K, committed 233280K, reserved 1114112K
  class space    used 29254K, committed 30592K, reserved 851968K
}
Event: 4731.487 GC heap after
{Heap after GC invocations=76 (full 11):
 PSYoungGen      total 829952K, used 66762K [0x00000007c0000000, 0x00000007ff400000, 0x0000000800000000)
  eden space 635392K, 0% used [0x00000007c0000000,0x00000007c0000000,0x00000007e6c80000)
  from space 194560K, 34% used [0x00000007e6c80000,0x00000007eadb2820,0x00000007f2a80000)
  to   space 184832K, 0% used [0x00000007f3f80000,0x00000007f3f80000,0x00000007ff400000)
 ParOldGen       total 1527808K, used 1527597K [0x0000000740000000, 0x000000079d400000, 0x00000007c0000000)
  object space 1527808K, 99% used [0x0000000740000000,0x000000079d3cb4d8,0x000000079d400000)
 Metaspace       used 230357K, committed 233280K, reserved 1114112K
  class space    used 29254K, committed 30592K, reserved 851968K
}
Event: 4740.809 GC heap before
{Heap before GC invocations=77 (full 11):
 PSYoungGen      total 829952K, used 702154K [0x00000007c0000000, 0x00000007ff400000, 0x0000000800000000)
  eden space 635392K, 100% used [0x00000007c0000000,0x00000007e6c80000,0x00000007e6c80000)
  from space 194560K, 34% used [0x00000007e6c80000,0x00000007eadb2820,0x00000007f2a80000)
  to   space 184832K, 0% used [0x00000007f3f80000,0x00000007f3f80000,0x00000007ff400000)
 ParOldGen       total 1527808K, used 1527597K [0x0000000740000000, 0x000000079d400000, 0x00000007c0000000)
  object space 1527808K, 99% used [0x0000000740000000,0x000000079d3cb4d8,0x000000079d400000)
 Metaspace       used 231062K, committed 233984K, reserved 1114112K
  class space    used 29338K, committed 30656K, reserved 851968K
}
Event: 4740.885 GC heap after
{Heap after GC invocations=77 (full 11):
 PSYoungGen      total 848384K, used 5967K [0x00000007c0000000, 0x00000007fee80000, 0x0000000800000000)
  eden space 669184K, 0% used [0x00000007c0000000,0x00000007c0000000,0x00000007e8d80000)
  from space 179200K, 3% used [0x00000007f3f80000,0x00000007f4553e68,0x00000007fee80000)
  to   space 180736K, 0% used [0x00000007e8d80000,0x00000007e8d80000,0x00000007f3e00000)
 ParOldGen       total 1570816K, used 1570156K [0x0000000740000000, 0x000000079fe00000, 0x00000007c0000000)
  object space 1570816K, 99% used [0x0000000740000000,0x000000079fd5b020,0x000000079fe00000)
 Metaspace       used 231062K, committed 233984K, reserved 1114112K
  class space    used 29338K, committed 30656K, reserved 851968K
}

