# JRE version: OpenJDK Runtime Environment (21.0.8) (build 21.0.8+-14196175-b1038.72)
# Java VM: OpenJDK 64-Bit Server VM (21.0.8+-14196175-b1038.72, mixed mode, tiered, compressed oops, compressed class ptrs, g1 gc, windows-amd64)
GC Precious Log:
 CardTable entry size: 512
 Card Set container configuration: InlinePtr #cards 4 size 8 Array Of Cards #cards 16 size 48 Howl #buckets 8 coarsen threshold 3686 Howl Bitmap #cards 512 size 80 coarsen threshold 460 Card regions per heap region 1 cards per card region 4096
 CPUs: 8 total, 8 available
 Memory: 8083M
 Large Page Support: Disabled
 NUMA Support: Disabled
 Compressed Oops: Enabled (Zero based)
 Heap Region Size: 2M
 Heap Min Capacity: 8M
 Heap Initial Capacity: 128M
 Heap Max Capacity: 3G
 Pre-touch: Disabled
 Parallel Workers: 8
 Concurrent Workers: 2
 Concurrent Refinement Workers: 8
 Periodic GC: Disabled
Heap:
 garbage-first heap   total 434176K, used 296811K [0x0000000740000000, 0x0000000800000000)
  region size 2048K, 22 young (45056K), 9 survivors (18432K)
 Metaspace       used 131068K, committed 133568K, reserved 983040K
  class space    used 18372K, committed 19520K, reserved 851968K
GC Heap History (20 events):
Event: 223.423 GC heap before
{Heap before GC invocations=72 (full 0):
 garbage-first heap   total 337920K, used 273385K [0x0000000740000000, 0x0000000800000000)
  region size 2048K, 42 young (86016K), 5 survivors (10240K)
 Metaspace       used 128209K, committed 130496K, reserved 983040K
  class space    used 18025K, committed 19136K, reserved 851968K
}
Event: 223.443 GC heap after
{Heap after GC invocations=73 (full 0):
 garbage-first heap   total 337920K, used 200677K [0x0000000740000000, 0x0000000800000000)
  region size 2048K, 3 young (6144K), 3 survivors (6144K)
 Metaspace       used 128209K, committed 130496K, reserved 983040K
  class space    used 18025K, committed 19136K, reserved 851968K
}
Event: 234.008 GC heap before
{Heap before GC invocations=73 (full 0):
 garbage-first heap   total 337920K, used 307173K [0x0000000740000000, 0x0000000800000000)
  region size 2048K, 55 young (112640K), 3 survivors (6144K)
 Metaspace       used 129410K, committed 131776K, reserved 983040K
  class space    used 18167K, committed 19264K, reserved 851968K
}
Event: 234.047 GC heap after
{Heap after GC invocations=74 (full 0):
 garbage-first heap   total 339968K, used 219136K [0x0000000740000000, 0x0000000800000000)
  region size 2048K, 7 young (14336K), 7 survivors (14336K)
 Metaspace       used 129410K, committed 131776K, reserved 983040K
  class space    used 18167K, committed 19264K, reserved 851968K
}
Event: 236.636 GC heap before
{Heap before GC invocations=74 (full 0):
 garbage-first heap   total 339968K, used 301056K [0x0000000740000000, 0x0000000800000000)
  region size 2048K, 48 young (98304K), 7 survivors (14336K)
 Metaspace       used 129733K, committed 132160K, reserved 983040K
  class space    used 18202K, committed 19328K, reserved 851968K
}
Event: 236.687 GC heap after
{Heap after GC invocations=75 (full 0):
 garbage-first heap   total 339968K, used 230773K [0x0000000740000000, 0x0000000800000000)
  region size 2048K, 6 young (12288K), 6 survivors (12288K)
 Metaspace       used 129733K, committed 132160K, reserved 983040K
  class space    used 18202K, committed 19328K, reserved 851968K
}
Event: 238.217 GC heap before
{Heap before GC invocations=76 (full 0):
 garbage-first heap   total 387072K, used 304501K [0x0000000740000000, 0x0000000800000000)
  region size 2048K, 43 young (88064K), 6 survivors (12288K)
 Metaspace       used 129695K, committed 132160K, reserved 983040K
  class space    used 18191K, committed 19328K, reserved 851968K
}
Event: 238.238 GC heap after
{Heap after GC invocations=77 (full 0):
 garbage-first heap   total 387072K, used 234103K [0x0000000740000000, 0x0000000800000000)
  region size 2048K, 3 young (6144K), 3 survivors (6144K)
 Metaspace       used 129695K, committed 132160K, reserved 983040K
  class space    used 18191K, committed 19328K, reserved 851968K
}
Event: 243.397 GC heap before
{Heap before GC invocations=77 (full 0):
 garbage-first heap   total 387072K, used 340599K [0x0000000740000000, 0x0000000800000000)
  region size 2048K, 56 young (114688K), 3 survivors (6144K)
 Metaspace       used 129850K, committed 132224K, reserved 983040K
  class space    used 18209K, committed 19328K, reserved 851968K
}
Event: 243.415 GC heap after
{Heap after GC invocations=78 (full 0):
 garbage-first heap   total 387072K, used 239708K [0x0000000740000000, 0x0000000800000000)
  region size 2048K, 6 young (12288K), 6 survivors (12288K)
 Metaspace       used 129850K, committed 132224K, reserved 983040K
  class space    used 18209K, committed 19328K, reserved 851968K
}
Event: 246.422 GC heap before
{Heap before GC invocations=78 (full 0):
 garbage-first heap   total 387072K, used 346204K [0x0000000740000000, 0x0000000800000000)
  region size 2048K, 59 young (120832K), 6 survivors (12288K)
 Metaspace       used 130058K, committed 132480K, reserved 983040K
  class space    used 18242K, committed 19392K, reserved 851968K
}
Event: 246.449 GC heap after
{Heap after GC invocations=79 (full 0):
 garbage-first heap   total 387072K, used 245220K [0x0000000740000000, 0x0000000800000000)
  region size 2048K, 7 young (14336K), 7 survivors (14336K)
 Metaspace       used 130058K, committed 132480K, reserved 983040K
  class space    used 18242K, committed 19392K, reserved 851968K
}
Event: 248.685 GC heap before
{Heap before GC invocations=79 (full 0):
 garbage-first heap   total 387072K, used 345572K [0x0000000740000000, 0x0000000800000000)
  region size 2048K, 57 young (116736K), 7 survivors (14336K)
 Metaspace       used 130297K, committed 132864K, reserved 983040K
  class space    used 18271K, committed 19456K, reserved 851968K
}
Event: 248.717 GC heap after
{Heap after GC invocations=80 (full 0):
 garbage-first heap   total 387072K, used 257942K [0x0000000740000000, 0x0000000800000000)
  region size 2048K, 7 young (14336K), 7 survivors (14336K)
 Metaspace       used 130297K, committed 132864K, reserved 983040K
  class space    used 18271K, committed 19456K, reserved 851968K
}
Event: 254.098 GC heap before
{Heap before GC invocations=81 (full 0):
 garbage-first heap   total 434176K, used 343958K [0x0000000740000000, 0x0000000800000000)
  region size 2048K, 50 young (102400K), 7 survivors (14336K)
 Metaspace       used 130505K, committed 132992K, reserved 983040K
  class space    used 18302K, committed 19456K, reserved 851968K
}
Event: 254.122 GC heap after
{Heap after GC invocations=82 (full 0):
 garbage-first heap   total 434176K, used 262676K [0x0000000740000000, 0x0000000800000000)
  region size 2048K, 6 young (12288K), 6 survivors (12288K)
 Metaspace       used 130505K, committed 132992K, reserved 983040K
  class space    used 18302K, committed 19456K, reserved 851968K
}
Event: 258.985 GC heap before
{Heap before GC invocations=82 (full 0):
 garbage-first heap   total 434176K, used 391700K [0x0000000740000000, 0x0000000800000000)
  region size 2048K, 70 young (143360K), 6 survivors (12288K)
 Metaspace       used 130763K, committed 133312K, reserved 983040K
  class space    used 18337K, committed 19520K, reserved 851968K
}
Event: 259.013 GC heap after
{Heap after GC invocations=83 (full 0):
 garbage-first heap   total 434176K, used 262549K [0x0000000740000000, 0x0000000800000000)
  region size 2048K, 5 young (10240K), 5 survivors (10240K)
 Metaspace       used 130763K, committed 133312K, reserved 983040K
  class space    used 18337K, committed 19520K, reserved 851968K
}
Event: 265.377 GC heap before
{Heap before GC invocations=83 (full 0):
 garbage-first heap   total 434176K, used 393621K [0x0000000740000000, 0x0000000800000000)
  region size 2048K, 70 young (143360K), 5 survivors (10240K)
 Metaspace       used 131068K, committed 133568K, reserved 983040K
  class space    used 18372K, committed 19520K, reserved 851968K
}
Event: 265.408 GC heap after
{Heap after GC invocations=84 (full 0):
 garbage-first heap   total 434176K, used 274283K [0x0000000740000000, 0x0000000800000000)
  region size 2048K, 9 young (18432K), 9 survivors (18432K)
 Metaspace       used 131068K, committed 133568K, reserved 983040K
  class space    used 18372K, committed 19520K, reserved 851968K
}

