# JRE version: OpenJDK Runtime Environment (21.0.8) (build 21.0.8+-14196175-b1038.72)
# Java VM: OpenJDK 64-Bit Server VM (21.0.8+-14196175-b1038.72, mixed mode, tiered, compressed oops, compressed class ptrs, parallel gc, windows-amd64)
GC Precious Log:
 CardTable entry size: 512
 CPUs: 8 total, 8 available
 Memory: 8083M
 Large Page Support: Disabled
 NUMA Support: Disabled
 Compressed Oops: Enabled (Zero based)
 Alignments: Space 512K, Generation 512K, Heap 2M
 Heap Min Capacity: 1G
 Heap Initial Capacity: 1G
 Heap Max Capacity: 4G
 Pre-touch: Disabled
 Parallel Workers: 8
Heap:
 PSYoungGen      total 305664K, used 36071K [0x00000007aab00000, 0x00000007c0000000, 0x0000000800000000)
  eden space 262144K, 13% used [0x00000007aab00000,0x00000007ace39d58,0x00000007bab00000)
  from space 43520K, 0% used [0x00000007bab00000,0x00000007bab00000,0x00000007bd580000)
  to   space 43520K, 0% used [0x00000007bd580000,0x00000007bd580000,0x00000007c0000000)
 ParOldGen       total 699392K, used 18435K [0x0000000700000000, 0x000000072ab00000, 0x00000007aab00000)
  object space 699392K, 2% used [0x0000000700000000,0x0000000701200f30,0x000000072ab00000)
 Metaspace       used 25304K, committed 25728K, reserved 917504K
  class space    used 3134K, committed 3328K, reserved 851968K
GC Heap History (4 events):
Event: 9.504 GC heap before
{Heap before GC invocations=1 (full 0):
 PSYoungGen      total 305664K, used 197100K [0x00000007aab00000, 0x00000007c0000000, 0x0000000800000000)
  eden space 262144K, 75% used [0x00000007aab00000,0x00000007b6b7b3e8,0x00000007bab00000)
  from space 43520K, 0% used [0x00000007bd580000,0x00000007bd580000,0x00000007c0000000)
  to   space 43520K, 0% used [0x00000007bab00000,0x00000007bab00000,0x00000007bd580000)
 ParOldGen       total 699392K, used 0K [0x0000000700000000, 0x000000072ab00000, 0x00000007aab00000)
  object space 699392K, 0% used [0x0000000700000000,0x0000000700000000,0x000000072ab00000)
 Metaspace       used 21214K, committed 21504K, reserved 917504K
  class space    used 2534K, committed 2688K, reserved 851968K
}
Event: 9.517 GC heap after
{Heap after GC invocations=1 (full 0):
 PSYoungGen      total 305664K, used 18764K [0x00000007aab00000, 0x00000007c0000000, 0x0000000800000000)
  eden space 262144K, 0% used [0x00000007aab00000,0x00000007aab00000,0x00000007bab00000)
  from space 43520K, 43% used [0x00000007bab00000,0x00000007bbd53068,0x00000007bd580000)
  to   space 43520K, 0% used [0x00000007bd580000,0x00000007bd580000,0x00000007c0000000)
 ParOldGen       total 699392K, used 24K [0x0000000700000000, 0x000000072ab00000, 0x00000007aab00000)
  object space 699392K, 0% used [0x0000000700000000,0x0000000700006000,0x000000072ab00000)
 Metaspace       used 21214K, committed 21504K, reserved 917504K
  class space    used 2534K, committed 2688K, reserved 851968K
}
Event: 9.517 GC heap before
{Heap before GC invocations=2 (full 1):
 PSYoungGen      total 305664K, used 18764K [0x00000007aab00000, 0x00000007c0000000, 0x0000000800000000)
  eden space 262144K, 0% used [0x00000007aab00000,0x00000007aab00000,0x00000007bab00000)
  from space 43520K, 43% used [0x00000007bab00000,0x00000007bbd53068,0x00000007bd580000)
  to   space 43520K, 0% used [0x00000007bd580000,0x00000007bd580000,0x00000007c0000000)
 ParOldGen       total 699392K, used 24K [0x0000000700000000, 0x000000072ab00000, 0x00000007aab00000)
  object space 699392K, 0% used [0x0000000700000000,0x0000000700006000,0x000000072ab00000)
 Metaspace       used 21214K, committed 21504K, reserved 917504K
  class space    used 2534K, committed 2688K, reserved 851968K
}
Event: 9.552 GC heap after
{Heap after GC invocations=2 (full 1):
 PSYoungGen      total 305664K, used 0K [0x00000007aab00000, 0x00000007c0000000, 0x0000000800000000)
  eden space 262144K, 0% used [0x00000007aab00000,0x00000007aab00000,0x00000007bab00000)
  from space 43520K, 0% used [0x00000007bab00000,0x00000007bab00000,0x00000007bd580000)
  to   space 43520K, 0% used [0x00000007bd580000,0x00000007bd580000,0x00000007c0000000)
 ParOldGen       total 699392K, used 18435K [0x0000000700000000, 0x000000072ab00000, 0x00000007aab00000)
  object space 699392K, 2% used [0x0000000700000000,0x0000000701200f30,0x000000072ab00000)
 Metaspace       used 21214K, committed 21504K, reserved 917504K
  class space    used 2534K, committed 2688K, reserved 851968K
}

