# JRE version: OpenJDK Runtime Environment (21.0.8) (build 21.0.8+-14196175-b1038.72)
# Java VM: OpenJDK 64-Bit Server VM (21.0.8+-14196175-b1038.72, mixed mode, tiered, compressed oops, compressed class ptrs, g1 gc, windows-amd64)
GC Precious Log:
 CardTable entry size: 512
 Card Set container configuration: InlinePtr #cards 4 size 8 Array Of Cards #cards 16 size 48 Howl #buckets 8 coarsen threshold 3686 Howl Bitmap #cards 512 size 80 coarsen threshold 460 Card regions per heap region 1 cards per card region 4096
 CPUs: 8 total, 8 available
 Memory: 8083M
 Large Page Support: Disabled
 NUMA Support: Disabled
 Compressed Oops: Enabled (Zero based)
 Heap Region Size: 2M
 Heap Min Capacity: 8M
 Heap Initial Capacity: 128M
 Heap Max Capacity: 3G
 Pre-touch: Disabled
 Parallel Workers: 8
 Concurrent Workers: 2
 Concurrent Refinement Workers: 8
 Periodic GC: Disabled
Heap:
 garbage-first heap   total 460800K, used 291831K [0x0000000740000000, 0x0000000800000000)
  region size 2048K, 7 young (14336K), 7 survivors (14336K)
 Metaspace       used 195040K, committed 197888K, reserved 1048576K
  class space    used 25976K, committed 27264K, reserved 851968K
GC Heap History (20 events):
Event: 73.754 GC heap after
{Heap after GC invocations=66 (full 0):
 garbage-first heap   total 366592K, used 227694K [0x0000000740000000, 0x0000000800000000)
  region size 2048K, 6 young (12288K), 6 survivors (12288K)
 Metaspace       used 192133K, committed 194752K, reserved 1048576K
  class space    used 25640K, committed 26880K, reserved 851968K
}
Event: 74.900 GC heap before
{Heap before GC invocations=66 (full 0):
 garbage-first heap   total 366592K, used 330094K [0x0000000740000000, 0x0000000800000000)
  region size 2048K, 56 young (114688K), 6 survivors (12288K)
 Metaspace       used 192135K, committed 194752K, reserved 1048576K
  class space    used 25640K, committed 26880K, reserved 851968K
}
Event: 74.930 GC heap after
{Heap after GC invocations=67 (full 0):
 garbage-first heap   total 366592K, used 213924K [0x0000000740000000, 0x0000000800000000)
  region size 2048K, 4 young (8192K), 4 survivors (8192K)
 Metaspace       used 192135K, committed 194752K, reserved 1048576K
  class space    used 25640K, committed 26880K, reserved 851968K
}
Event: 76.650 GC heap before
{Heap before GC invocations=67 (full 0):
 garbage-first heap   total 366592K, used 283556K [0x0000000740000000, 0x0000000800000000)
  region size 2048K, 40 young (81920K), 4 survivors (8192K)
 Metaspace       used 192220K, committed 194816K, reserved 1048576K
  class space    used 25648K, committed 26880K, reserved 851968K
}
Event: 76.669 GC heap after
{Heap after GC invocations=68 (full 0):
 garbage-first heap   total 366592K, used 222766K [0x0000000740000000, 0x0000000800000000)
  region size 2048K, 8 young (16384K), 8 survivors (16384K)
 Metaspace       used 192220K, committed 194816K, reserved 1048576K
  class space    used 25648K, committed 26880K, reserved 851968K
}
Event: 80.548 GC heap before
{Heap before GC invocations=69 (full 0):
 garbage-first heap   total 382976K, used 333358K [0x0000000740000000, 0x0000000800000000)
  region size 2048K, 60 young (122880K), 8 survivors (16384K)
 Metaspace       used 192640K, committed 195200K, reserved 1048576K
  class space    used 25687K, committed 26944K, reserved 851968K
}
Event: 80.580 GC heap after
{Heap after GC invocations=70 (full 0):
 garbage-first heap   total 382976K, used 237102K [0x0000000740000000, 0x0000000800000000)
  region size 2048K, 7 young (14336K), 7 survivors (14336K)
 Metaspace       used 192640K, committed 195200K, reserved 1048576K
  class space    used 25687K, committed 26944K, reserved 851968K
}
Event: 83.370 GC heap before
{Heap before GC invocations=70 (full 0):
 garbage-first heap   total 382976K, used 339502K [0x0000000740000000, 0x0000000800000000)
  region size 2048K, 58 young (118784K), 7 survivors (14336K)
 Metaspace       used 193702K, committed 196416K, reserved 1048576K
  class space    used 25813K, committed 27072K, reserved 851968K
}
Event: 83.418 GC heap after
{Heap after GC invocations=71 (full 0):
 garbage-first heap   total 382976K, used 247108K [0x0000000740000000, 0x0000000800000000)
  region size 2048K, 8 young (16384K), 8 survivors (16384K)
 Metaspace       used 193702K, committed 196416K, reserved 1048576K
  class space    used 25813K, committed 27072K, reserved 851968K
}
Event: 84.652 GC heap before
{Heap before GC invocations=71 (full 0):
 garbage-first heap   total 382976K, used 341316K [0x0000000740000000, 0x0000000800000000)
  region size 2048K, 55 young (112640K), 8 survivors (16384K)
 Metaspace       used 193959K, committed 196672K, reserved 1048576K
  class space    used 25843K, committed 27136K, reserved 851968K
}
Event: 84.685 GC heap after
{Heap after GC invocations=72 (full 0):
 garbage-first heap   total 382976K, used 256631K [0x0000000740000000, 0x0000000800000000)
  region size 2048K, 5 young (10240K), 5 survivors (10240K)
 Metaspace       used 193959K, committed 196672K, reserved 1048576K
  class space    used 25843K, committed 27136K, reserved 851968K
}
Event: 85.982 GC heap before
{Heap before GC invocations=73 (full 0):
 garbage-first heap   total 430080K, used 344695K [0x0000000740000000, 0x0000000800000000)
  region size 2048K, 49 young (100352K), 5 survivors (10240K)
 Metaspace       used 194151K, committed 196864K, reserved 1048576K
  class space    used 25862K, committed 27136K, reserved 851968K
}
Event: 85.999 GC heap after
{Heap after GC invocations=74 (full 0):
 garbage-first heap   total 430080K, used 263315K [0x0000000740000000, 0x0000000800000000)
  region size 2048K, 5 young (10240K), 5 survivors (10240K)
 Metaspace       used 194151K, committed 196864K, reserved 1048576K
  class space    used 25862K, committed 27136K, reserved 851968K
}
Event: 87.301 GC heap before
{Heap before GC invocations=74 (full 0):
 garbage-first heap   total 430080K, used 375955K [0x0000000740000000, 0x0000000800000000)
  region size 2048K, 61 young (124928K), 5 survivors (10240K)
 Metaspace       used 194463K, committed 197248K, reserved 1048576K
  class space    used 25896K, committed 27200K, reserved 851968K
}
Event: 87.333 GC heap after
{Heap after GC invocations=75 (full 0):
 garbage-first heap   total 430080K, used 268234K [0x0000000740000000, 0x0000000800000000)
  region size 2048K, 7 young (14336K), 7 survivors (14336K)
 Metaspace       used 194463K, committed 197248K, reserved 1048576K
  class space    used 25896K, committed 27200K, reserved 851968K
}
Event: 89.027 GC heap before
{Heap before GC invocations=75 (full 0):
 garbage-first heap   total 430080K, used 384970K [0x0000000740000000, 0x0000000800000000)
  region size 2048K, 65 young (133120K), 7 survivors (14336K)
 Metaspace       used 194572K, committed 197312K, reserved 1048576K
  class space    used 25911K, committed 27200K, reserved 851968K
}
Event: 89.053 GC heap after
{Heap after GC invocations=76 (full 0):
 garbage-first heap   total 430080K, used 274978K [0x0000000740000000, 0x0000000800000000)
  region size 2048K, 6 young (12288K), 6 survivors (12288K)
 Metaspace       used 194572K, committed 197312K, reserved 1048576K
  class space    used 25911K, committed 27200K, reserved 851968K
}
Event: 90.735 GC heap before
{Heap before GC invocations=77 (full 0):
 garbage-first heap   total 460800K, used 389666K [0x0000000740000000, 0x0000000800000000)
  region size 2048K, 63 young (129024K), 6 survivors (12288K)
 Metaspace       used 194699K, committed 197504K, reserved 1048576K
  class space    used 25929K, committed 27264K, reserved 851968K
}
Event: 90.761 GC heap after
{Heap after GC invocations=78 (full 0):
 garbage-first heap   total 460800K, used 285446K [0x0000000740000000, 0x0000000800000000)
  region size 2048K, 8 young (16384K), 8 survivors (16384K)
 Metaspace       used 194699K, committed 197504K, reserved 1048576K
  class space    used 25929K, committed 27264K, reserved 851968K
}
Event: 92.790 GC heap before
{Heap before GC invocations=78 (full 0):
 garbage-first heap   total 460800K, used 416518K [0x0000000740000000, 0x0000000800000000)
  region size 2048K, 73 young (149504K), 8 survivors (16384K)
 Metaspace       used 195040K, committed 197888K, reserved 1048576K
  class space    used 25976K, committed 27264K, reserved 851968K
}

