# JRE version: OpenJDK Runtime Environment (21.0.8) (build 21.0.8+-14196175-b1038.72)
# Java VM: OpenJDK 64-Bit Server VM (21.0.8+-14196175-b1038.72, mixed mode, tiered, compressed oops, compressed class ptrs, g1 gc, windows-amd64)
GC Precious Log:
 CardTable entry size: 512
 Card Set container configuration: InlinePtr #cards 4 size 8 Array Of Cards #cards 16 size 48 Howl #buckets 8 coarsen threshold 3686 Howl Bitmap #cards 512 size 80 coarsen threshold 460 Card regions per heap region 1 cards per card region 4096
 CPUs: 8 total, 8 available
 Memory: 8083M
 Large Page Support: Disabled
 NUMA Support: Disabled
 Compressed Oops: Enabled (Zero based)
 Heap Region Size: 2M
 Heap Min Capacity: 8M
 Heap Initial Capacity: 128M
 Heap Max Capacity: 4G
 Pre-touch: Disabled
 Parallel Workers: 8
 Concurrent Workers: 2
 Concurrent Refinement Workers: 8
 Periodic GC: Disabled
Heap:
 garbage-first heap   total 92160K, used 75278K [0x0000000700000000, 0x0000000800000000)
  region size 2048K, 22 young (45056K), 1 survivors (2048K)
 Metaspace       used 47699K, committed 48896K, reserved 917504K
  class space    used 6514K, committed 7104K, reserved 851968K
GC Heap History (20 events):
Event: 3.563 GC heap before
{Heap before GC invocations=3 (full 0):
 garbage-first heap   total 131072K, used 32197K [0x0000000700000000, 0x0000000800000000)
  region size 2048K, 11 young (22528K), 4 survivors (8192K)
 Metaspace       used 21202K, committed 21504K, reserved 917504K
  class space    used 2531K, committed 2688K, reserved 851968K
}
Event: 3.571 GC heap after
{Heap after GC invocations=4 (full 0):
 garbage-first heap   total 131072K, used 21316K [0x0000000700000000, 0x0000000800000000)
  region size 2048K, 1 young (2048K), 1 survivors (2048K)
 Metaspace       used 21202K, committed 21504K, reserved 917504K
  class space    used 2531K, committed 2688K, reserved 851968K
}
Event: 5.428 GC heap before
{Heap before GC invocations=5 (full 0):
 garbage-first heap   total 75776K, used 64324K [0x0000000700000000, 0x0000000800000000)
  region size 2048K, 22 young (45056K), 1 survivors (2048K)
 Metaspace       used 28446K, committed 28928K, reserved 917504K
  class space    used 3695K, committed 3904K, reserved 851968K
}
Event: 5.435 GC heap after
{Heap after GC invocations=6 (full 0):
 garbage-first heap   total 75776K, used 23497K [0x0000000700000000, 0x0000000800000000)
  region size 2048K, 2 young (4096K), 2 survivors (4096K)
 Metaspace       used 28446K, committed 28928K, reserved 917504K
  class space    used 3695K, committed 3904K, reserved 851968K
}
Event: 6.620 GC heap before
{Heap before GC invocations=6 (full 0):
 garbage-first heap   total 75776K, used 60361K [0x0000000700000000, 0x0000000800000000)
  region size 2048K, 20 young (40960K), 2 survivors (4096K)
 Metaspace       used 33687K, committed 34432K, reserved 917504K
  class space    used 4604K, committed 4928K, reserved 851968K
}
Event: 6.627 GC heap after
{Heap after GC invocations=7 (full 0):
 garbage-first heap   total 75776K, used 25588K [0x0000000700000000, 0x0000000800000000)
  region size 2048K, 3 young (6144K), 3 survivors (6144K)
 Metaspace       used 33687K, committed 34432K, reserved 917504K
  class space    used 4604K, committed 4928K, reserved 851968K
}
Event: 6.878 GC heap before
{Heap before GC invocations=7 (full 0):
 garbage-first heap   total 75776K, used 37876K [0x0000000700000000, 0x0000000800000000)
  region size 2048K, 10 young (20480K), 3 survivors (6144K)
 Metaspace       used 35397K, committed 36160K, reserved 917504K
  class space    used 4874K, committed 5248K, reserved 851968K
}
Event: 6.885 GC heap after
{Heap after GC invocations=8 (full 0):
 garbage-first heap   total 75776K, used 26432K [0x0000000700000000, 0x0000000800000000)
  region size 2048K, 2 young (4096K), 2 survivors (4096K)
 Metaspace       used 35397K, committed 36160K, reserved 917504K
  class space    used 4874K, committed 5248K, reserved 851968K
}
Event: 7.788 GC heap before
{Heap before GC invocations=9 (full 0):
 garbage-first heap   total 75776K, used 63296K [0x0000000700000000, 0x0000000800000000)
  region size 2048K, 20 young (40960K), 2 survivors (4096K)
 Metaspace       used 40586K, committed 41664K, reserved 917504K
  class space    used 5735K, committed 6272K, reserved 851968K
}
Event: 7.794 GC heap after
{Heap after GC invocations=10 (full 0):
 garbage-first heap   total 75776K, used 28643K [0x0000000700000000, 0x0000000800000000)
  region size 2048K, 3 young (6144K), 3 survivors (6144K)
 Metaspace       used 40586K, committed 41664K, reserved 917504K
  class space    used 5735K, committed 6272K, reserved 851968K
}
Event: 8.258 GC heap before
{Heap before GC invocations=10 (full 0):
 garbage-first heap   total 75776K, used 59363K [0x0000000700000000, 0x0000000800000000)
  region size 2048K, 19 young (38912K), 3 survivors (6144K)
 Metaspace       used 45567K, committed 46656K, reserved 917504K
  class space    used 6244K, committed 6784K, reserved 851968K
}
Event: 8.266 GC heap after
{Heap after GC invocations=11 (full 0):
 garbage-first heap   total 75776K, used 32085K [0x0000000700000000, 0x0000000800000000)
  region size 2048K, 3 young (6144K), 3 survivors (6144K)
 Metaspace       used 45567K, committed 46656K, reserved 917504K
  class space    used 6244K, committed 6784K, reserved 851968K
}
Event: 8.726 GC heap before
{Heap before GC invocations=11 (full 0):
 garbage-first heap   total 75776K, used 62805K [0x0000000700000000, 0x0000000800000000)
  region size 2048K, 18 young (36864K), 3 survivors (6144K)
 Metaspace       used 46673K, committed 47808K, reserved 917504K
  class space    used 6427K, committed 6976K, reserved 851968K
}
Event: 8.736 GC heap after
{Heap after GC invocations=12 (full 0):
 garbage-first heap   total 75776K, used 34097K [0x0000000700000000, 0x0000000800000000)
  region size 2048K, 1 young (2048K), 1 survivors (2048K)
 Metaspace       used 46673K, committed 47808K, reserved 917504K
  class space    used 6427K, committed 6976K, reserved 851968K
}
Event: 8.944 GC heap before
{Heap before GC invocations=12 (full 0):
 garbage-first heap   total 75776K, used 40241K [0x0000000700000000, 0x0000000800000000)
  region size 2048K, 4 young (8192K), 1 survivors (2048K)
 Metaspace       used 47342K, committed 48512K, reserved 917504K
  class space    used 6511K, committed 7104K, reserved 851968K
}
Event: 8.947 GC heap after
{Heap after GC invocations=13 (full 0):
 garbage-first heap   total 92160K, used 33763K [0x0000000700000000, 0x0000000800000000)
  region size 2048K, 1 young (2048K), 1 survivors (2048K)
 Metaspace       used 47342K, committed 48512K, reserved 917504K
  class space    used 6511K, committed 7104K, reserved 851968K
}
Event: 9.517 GC heap before
{Heap before GC invocations=13 (full 0):
 garbage-first heap   total 92160K, used 84963K [0x0000000700000000, 0x0000000800000000)
  region size 2048K, 24 young (49152K), 1 survivors (2048K)
 Metaspace       used 47639K, committed 48832K, reserved 917504K
  class space    used 6512K, committed 7104K, reserved 851968K
}
Event: 9.519 GC heap after
{Heap after GC invocations=14 (full 0):
 garbage-first heap   total 92160K, used 34147K [0x0000000700000000, 0x0000000800000000)
  region size 2048K, 1 young (2048K), 1 survivors (2048K)
 Metaspace       used 47639K, committed 48832K, reserved 917504K
  class space    used 6512K, committed 7104K, reserved 851968K
}
Event: 9.757 GC heap before
{Heap before GC invocations=14 (full 0):
 garbage-first heap   total 92160K, used 81251K [0x0000000700000000, 0x0000000800000000)
  region size 2048K, 24 young (49152K), 1 survivors (2048K)
 Metaspace       used 47672K, committed 48832K, reserved 917504K
  class space    used 6513K, committed 7104K, reserved 851968K
}
Event: 9.760 GC heap after
{Heap after GC invocations=15 (full 0):
 garbage-first heap   total 92160K, used 34318K [0x0000000700000000, 0x0000000800000000)
  region size 2048K, 1 young (2048K), 1 survivors (2048K)
 Metaspace       used 47672K, committed 48832K, reserved 917504K
  class space    used 6513K, committed 7104K, reserved 851968K
}

