# JRE version: OpenJDK Runtime Environment (21.0.8) (build 21.0.8+-14196175-b1038.72)
# Java VM: OpenJDK 64-Bit Server VM (21.0.8+-14196175-b1038.72, mixed mode, tiered, compressed oops, compressed class ptrs, g1 gc, windows-amd64)
GC Precious Log:
 CardTable entry size: 512
 Card Set container configuration: InlinePtr #cards 5 size 8 Array Of Cards #cards 12 size 40 Howl #buckets 4 coarsen threshold 1843 Howl Bitmap #cards 512 size 80 coarsen threshold 460 Card regions per heap region 1 cards per card region 2048
 CPUs: 8 total, 8 available
 Memory: 8083M
 Large Page Support: Disabled
 NUMA Support: Disabled
 Compressed Oops: Enabled (32-bit)
 Heap Region Size: 1M
 Heap Min Capacity: 8M
 Heap Initial Capacity: 128M
 Heap Max Capacity: 2022M
 Pre-touch: Disabled
 Parallel Workers: 8
 Concurrent Workers: 2
 Concurrent Refinement Workers: 8
 Periodic GC: Disabled
Heap:
 garbage-first heap   total 38912K, used 19792K [0x0000000081a00000, 0x0000000100000000)
  region size 1024K, 7 young (7168K), 2 survivors (2048K)
 Metaspace       used 29314K, committed 29632K, reserved 1114112K
  class space    used 3191K, committed 3328K, reserved 1048576K
GC Heap History (8 events):
Event: 5.835 GC heap before
{Heap before GC invocations=0 (full 0):
 garbage-first heap   total 131072K, used 27648K [0x0000000081a00000, 0x0000000100000000)
  region size 1024K, 23 young (23552K), 0 survivors (0K)
 Metaspace       used 14253K, committed 14400K, reserved 1114112K
  class space    used 1397K, committed 1472K, reserved 1048576K
}
Event: 5.932 GC heap after
{Heap after GC invocations=1 (full 0):
 garbage-first heap   total 131072K, used 6997K [0x0000000081a00000, 0x0000000100000000)
  region size 1024K, 3 young (3072K), 3 survivors (3072K)
 Metaspace       used 14253K, committed 14400K, reserved 1114112K
  class space    used 1397K, committed 1472K, reserved 1048576K
}
Event: 9.129 GC heap before
{Heap before GC invocations=1 (full 0):
 garbage-first heap   total 131072K, used 28501K [0x0000000081a00000, 0x0000000100000000)
  region size 1024K, 25 young (25600K), 3 survivors (3072K)
 Metaspace       used 21392K, committed 21504K, reserved 1114112K
  class space    used 2247K, committed 2304K, reserved 1048576K
}
Event: 9.139 GC heap after
{Heap after GC invocations=2 (full 0):
 garbage-first heap   total 131072K, used 8651K [0x0000000081a00000, 0x0000000100000000)
  region size 1024K, 2 young (2048K), 2 survivors (2048K)
 Metaspace       used 21392K, committed 21504K, reserved 1114112K
  class space    used 2247K, committed 2304K, reserved 1048576K
}
Event: 14.450 GC heap before
{Heap before GC invocations=3 (full 0):
 garbage-first heap   total 30720K, used 30155K [0x0000000081a00000, 0x0000000100000000)
  region size 1024K, 23 young (23552K), 2 survivors (2048K)
 Metaspace       used 24723K, committed 24896K, reserved 1114112K
  class space    used 2679K, committed 2752K, reserved 1048576K
}
Event: 14.478 GC heap after
{Heap after GC invocations=4 (full 0):
 garbage-first heap   total 38912K, used 15158K [0x0000000081a00000, 0x0000000100000000)
  region size 1024K, 8 young (8192K), 8 survivors (8192K)
 Metaspace       used 24723K, committed 24896K, reserved 1114112K
  class space    used 2679K, committed 2752K, reserved 1048576K
}
Event: 17.980 GC heap before
{Heap before GC invocations=4 (full 0):
 garbage-first heap   total 38912K, used 27446K [0x0000000081a00000, 0x0000000100000000)
  region size 1024K, 20 young (20480K), 8 survivors (8192K)
 Metaspace       used 28172K, committed 28416K, reserved 1114112K
  class space    used 3072K, committed 3200K, reserved 1048576K
}
Event: 18.005 GC heap after
{Heap after GC invocations=5 (full 0):
 garbage-first heap   total 38912K, used 15696K [0x0000000081a00000, 0x0000000100000000)
  region size 1024K, 2 young (2048K), 2 survivors (2048K)
 Metaspace       used 28172K, committed 28416K, reserved 1114112K
  class space    used 3072K, committed 3200K, reserved 1048576K
}

