# JRE version: OpenJDK Runtime Environment (21.0.8) (build 21.0.8+-14196175-b1038.72)
# Java VM: OpenJDK 64-Bit Server VM (21.0.8+-14196175-b1038.72, mixed mode, tiered, compressed oops, compressed class ptrs, parallel gc, windows-amd64)
GC Precious Log:
 CardTable entry size: 512
 CPUs: 8 total, 8 available
 Memory: 8083M
 Large Page Support: Disabled
 NUMA Support: Disabled
 Compressed Oops: Enabled (32-bit)
 Alignments: Space 512K, Generation 512K, Heap 2M
 Heap Min Capacity: 512M
 Heap Initial Capacity: 512M
 Heap Max Capacity: 2G
 Pre-touch: Disabled
 Parallel Workers: 8
Heap:
 PSYoungGen      total 207360K, used 74992K [0x00000000d5580000, 0x00000000e6300000, 0x0000000100000000)
  eden space 178688K, 39% used [0x00000000d5580000,0x00000000d9b40de8,0x00000000e0400000)
  from space 28672K, 12% used [0x00000000e0400000,0x00000000e077b460,0x00000000e2000000)
  to   space 28160K, 0% used [0x00000000e4780000,0x00000000e4780000,0x00000000e6300000)
 ParOldGen       total 349696K, used 276342K [0x0000000080000000, 0x0000000095580000, 0x00000000d5580000)
  object space 349696K, 79% used [0x0000000080000000,0x0000000090ddda08,0x0000000095580000)
 Metaspace       used 138925K, committed 141440K, reserved 983040K
  class space    used 19405K, committed 20544K, reserved 851968K
GC Heap History (20 events):
Event: 119.825 GC heap before
{Heap before GC invocations=35 (full 4):
 PSYoungGen      total 132096K, used 132065K [0x00000000d5580000, 0x00000000e1480000, 0x0000000100000000)
  eden space 116736K, 100% used [0x00000000d5580000,0x00000000dc780000,0x00000000dc780000)
  from space 15360K, 99% used [0x00000000e0580000,0x00000000e1478498,0x00000000e1480000)
  to   space 25088K, 0% used [0x00000000de380000,0x00000000de380000,0x00000000dfc00000)
 ParOldGen       total 349696K, used 218465K [0x0000000080000000, 0x0000000095580000, 0x00000000d5580000)
  object space 349696K, 62% used [0x0000000080000000,0x000000008d558430,0x0000000095580000)
 Metaspace       used 131375K, committed 133888K, reserved 983040K
  class space    used 18378K, committed 19584K, reserved 851968K
}
Event: 119.848 GC heap after
{Heap after GC invocations=35 (full 4):
 PSYoungGen      total 170496K, used 6027K [0x00000000d5580000, 0x00000000e1b00000, 0x0000000100000000)
  eden space 145408K, 0% used [0x00000000d5580000,0x00000000d5580000,0x00000000de380000)
  from space 25088K, 24% used [0x00000000de380000,0x00000000de962c00,0x00000000dfc00000)
  to   space 25088K, 0% used [0x00000000e0280000,0x00000000e0280000,0x00000000e1b00000)
 ParOldGen       total 349696K, used 229380K [0x0000000080000000, 0x0000000095580000, 0x00000000d5580000)
  object space 349696K, 65% used [0x0000000080000000,0x000000008e001030,0x0000000095580000)
 Metaspace       used 131375K, committed 133888K, reserved 983040K
  class space    used 18378K, committed 19584K, reserved 851968K
}
Event: 126.840 GC heap before
{Heap before GC invocations=36 (full 4):
 PSYoungGen      total 170496K, used 151435K [0x00000000d5580000, 0x00000000e1b00000, 0x0000000100000000)
  eden space 145408K, 100% used [0x00000000d5580000,0x00000000de380000,0x00000000de380000)
  from space 25088K, 24% used [0x00000000de380000,0x00000000de962c00,0x00000000dfc00000)
  to   space 25088K, 0% used [0x00000000e0280000,0x00000000e0280000,0x00000000e1b00000)
 ParOldGen       total 349696K, used 229380K [0x0000000080000000, 0x0000000095580000, 0x00000000d5580000)
  object space 349696K, 65% used [0x0000000080000000,0x000000008e001030,0x0000000095580000)
 Metaspace       used 137573K, committed 140096K, reserved 983040K
  class space    used 19295K, committed 20480K, reserved 851968K
}
Event: 126.863 GC heap after
{Heap after GC invocations=36 (full 4):
 PSYoungGen      total 166912K, used 25060K [0x00000000d5580000, 0x00000000e1b00000, 0x0000000100000000)
  eden space 141824K, 0% used [0x00000000d5580000,0x00000000d5580000,0x00000000de000000)
  from space 25088K, 99% used [0x00000000e0280000,0x00000000e1af9298,0x00000000e1b00000)
  to   space 29184K, 0% used [0x00000000de200000,0x00000000de200000,0x00000000dfe80000)
 ParOldGen       total 349696K, used 231436K [0x0000000080000000, 0x0000000095580000, 0x00000000d5580000)
  object space 349696K, 66% used [0x0000000080000000,0x000000008e203030,0x0000000095580000)
 Metaspace       used 137573K, committed 140096K, reserved 983040K
  class space    used 19295K, committed 20480K, reserved 851968K
}
Event: 128.647 GC heap before
{Heap before GC invocations=37 (full 4):
 PSYoungGen      total 166912K, used 166884K [0x00000000d5580000, 0x00000000e1b00000, 0x0000000100000000)
  eden space 141824K, 100% used [0x00000000d5580000,0x00000000de000000,0x00000000de000000)
  from space 25088K, 99% used [0x00000000e0280000,0x00000000e1af9298,0x00000000e1b00000)
  to   space 29184K, 0% used [0x00000000de200000,0x00000000de200000,0x00000000dfe80000)
 ParOldGen       total 349696K, used 231436K [0x0000000080000000, 0x0000000095580000, 0x00000000d5580000)
  object space 349696K, 66% used [0x0000000080000000,0x000000008e203060,0x0000000095580000)
 Metaspace       used 137722K, committed 140224K, reserved 983040K
  class space    used 19307K, committed 20480K, reserved 851968K
}
Event: 128.686 GC heap after
{Heap after GC invocations=37 (full 4):
 PSYoungGen      total 149504K, used 7339K [0x00000000d5580000, 0x00000000e1800000, 0x0000000100000000)
  eden space 141824K, 0% used [0x00000000d5580000,0x00000000d5580000,0x00000000de000000)
  from space 7680K, 95% used [0x00000000de200000,0x00000000de92ac80,0x00000000de980000)
  to   space 28672K, 0% used [0x00000000dfc00000,0x00000000dfc00000,0x00000000e1800000)
 ParOldGen       total 349696K, used 254587K [0x0000000080000000, 0x0000000095580000, 0x00000000d5580000)
  object space 349696K, 72% used [0x0000000080000000,0x000000008f89ec20,0x0000000095580000)
 Metaspace       used 137722K, committed 140224K, reserved 983040K
  class space    used 19307K, committed 20480K, reserved 851968K
}
Event: 130.054 GC heap before
{Heap before GC invocations=38 (full 4):
 PSYoungGen      total 149504K, used 149163K [0x00000000d5580000, 0x00000000e1800000, 0x0000000100000000)
  eden space 141824K, 100% used [0x00000000d5580000,0x00000000de000000,0x00000000de000000)
  from space 7680K, 95% used [0x00000000de200000,0x00000000de92ac80,0x00000000de980000)
  to   space 28672K, 0% used [0x00000000dfc00000,0x00000000dfc00000,0x00000000e1800000)
 ParOldGen       total 349696K, used 254673K [0x0000000080000000, 0x0000000095580000, 0x00000000d5580000)
  object space 349696K, 72% used [0x0000000080000000,0x000000008f8b4450,0x0000000095580000)
 Metaspace       used 137753K, committed 140288K, reserved 983040K
  class space    used 19307K, committed 20480K, reserved 851968K
}
Event: 130.069 GC heap after
{Heap after GC invocations=38 (full 4):
 PSYoungGen      total 169472K, used 6431K [0x00000000d5580000, 0x00000000e1700000, 0x0000000100000000)
  eden space 141824K, 0% used [0x00000000d5580000,0x00000000d5580000,0x00000000de000000)
  from space 27648K, 23% used [0x00000000dfc00000,0x00000000e0247d68,0x00000000e1700000)
  to   space 28160K, 0% used [0x00000000de000000,0x00000000de000000,0x00000000dfb80000)
 ParOldGen       total 349696K, used 260265K [0x0000000080000000, 0x0000000095580000, 0x00000000d5580000)
  object space 349696K, 74% used [0x0000000080000000,0x000000008fe2a598,0x0000000095580000)
 Metaspace       used 137753K, committed 140288K, reserved 983040K
  class space    used 19307K, committed 20480K, reserved 851968K
}
Event: 130.974 GC heap before
{Heap before GC invocations=39 (full 4):
 PSYoungGen      total 169472K, used 148255K [0x00000000d5580000, 0x00000000e1700000, 0x0000000100000000)
  eden space 141824K, 100% used [0x00000000d5580000,0x00000000de000000,0x00000000de000000)
  from space 27648K, 23% used [0x00000000dfc00000,0x00000000e0247d68,0x00000000e1700000)
  to   space 28160K, 0% used [0x00000000de000000,0x00000000de000000,0x00000000dfb80000)
 ParOldGen       total 349696K, used 260267K [0x0000000080000000, 0x0000000095580000, 0x00000000d5580000)
  object space 349696K, 74% used [0x0000000080000000,0x000000008fe2ad18,0x0000000095580000)
 Metaspace       used 137780K, committed 140288K, reserved 983040K
  class space    used 19307K, committed 20480K, reserved 851968K
}
Event: 130.995 GC heap after
{Heap after GC invocations=39 (full 4):
 PSYoungGen      total 169984K, used 5740K [0x00000000d5580000, 0x00000000e3900000, 0x0000000100000000)
  eden space 141824K, 0% used [0x00000000d5580000,0x00000000d5580000,0x00000000de000000)
  from space 28160K, 20% used [0x00000000de000000,0x00000000de59b0d8,0x00000000dfb80000)
  to   space 27648K, 0% used [0x00000000e1e00000,0x00000000e1e00000,0x00000000e3900000)
 ParOldGen       total 349696K, used 264571K [0x0000000080000000, 0x0000000095580000, 0x00000000d5580000)
  object space 349696K, 75% used [0x0000000080000000,0x000000009025ed18,0x0000000095580000)
 Metaspace       used 137780K, committed 140288K, reserved 983040K
  class space    used 19307K, committed 20480K, reserved 851968K
}
Event: 133.420 GC heap before
{Heap before GC invocations=40 (full 4):
 PSYoungGen      total 169984K, used 147564K [0x00000000d5580000, 0x00000000e3900000, 0x0000000100000000)
  eden space 141824K, 100% used [0x00000000d5580000,0x00000000de000000,0x00000000de000000)
  from space 28160K, 20% used [0x00000000de000000,0x00000000de59b0d8,0x00000000dfb80000)
  to   space 27648K, 0% used [0x00000000e1e00000,0x00000000e1e00000,0x00000000e3900000)
 ParOldGen       total 349696K, used 264571K [0x0000000080000000, 0x0000000095580000, 0x00000000d5580000)
  object space 349696K, 75% used [0x0000000080000000,0x000000009025ed18,0x0000000095580000)
 Metaspace       used 138635K, committed 141184K, reserved 983040K
  class space    used 19400K, committed 20544K, reserved 851968K
}
Event: 133.464 GC heap after
{Heap after GC invocations=40 (full 4):
 PSYoungGen      total 203264K, used 21195K [0x00000000d5580000, 0x00000000e3d00000, 0x0000000100000000)
  eden space 175616K, 0% used [0x00000000d5580000,0x00000000d5580000,0x00000000e0100000)
  from space 27648K, 76% used [0x00000000e1e00000,0x00000000e32b2c60,0x00000000e3900000)
  to   space 29696K, 0% used [0x00000000e0100000,0x00000000e0100000,0x00000000e1e00000)
 ParOldGen       total 349696K, used 268947K [0x0000000080000000, 0x0000000095580000, 0x00000000d5580000)
  object space 349696K, 76% used [0x0000000080000000,0x00000000906a4d18,0x0000000095580000)
 Metaspace       used 138635K, committed 141184K, reserved 983040K
  class space    used 19400K, committed 20544K, reserved 851968K
}
Event: 136.080 GC heap before
{Heap before GC invocations=41 (full 4):
 PSYoungGen      total 203264K, used 147143K [0x00000000d5580000, 0x00000000e3d00000, 0x0000000100000000)
  eden space 175616K, 71% used [0x00000000d5580000,0x00000000dd07f218,0x00000000e0100000)
  from space 27648K, 76% used [0x00000000e1e00000,0x00000000e32b2c60,0x00000000e3900000)
  to   space 29696K, 0% used [0x00000000e0100000,0x00000000e0100000,0x00000000e1e00000)
 ParOldGen       total 349696K, used 268947K [0x0000000080000000, 0x0000000095580000, 0x00000000d5580000)
  object space 349696K, 76% used [0x0000000080000000,0x00000000906a4d18,0x0000000095580000)
 Metaspace       used 138822K, committed 141312K, reserved 983040K
  class space    used 19409K, committed 20544K, reserved 851968K
}
Event: 136.113 GC heap after
{Heap after GC invocations=41 (full 4):
 PSYoungGen      total 205312K, used 2819K [0x00000000d5580000, 0x00000000e3d00000, 0x0000000100000000)
  eden space 175616K, 0% used [0x00000000d5580000,0x00000000d5580000,0x00000000e0100000)
  from space 29696K, 9% used [0x00000000e0100000,0x00000000e03c0d88,0x00000000e1e00000)
  to   space 29696K, 0% used [0x00000000e2000000,0x00000000e2000000,0x00000000e3d00000)
 ParOldGen       total 349696K, used 288056K [0x0000000080000000, 0x0000000095580000, 0x00000000d5580000)
  object space 349696K, 82% used [0x0000000080000000,0x000000009194e2b0,0x0000000095580000)
 Metaspace       used 138822K, committed 141312K, reserved 983040K
  class space    used 19409K, committed 20544K, reserved 851968K
}
Event: 136.113 GC heap before
{Heap before GC invocations=42 (full 5):
 PSYoungGen      total 205312K, used 2819K [0x00000000d5580000, 0x00000000e3d00000, 0x0000000100000000)
  eden space 175616K, 0% used [0x00000000d5580000,0x00000000d5580000,0x00000000e0100000)
  from space 29696K, 9% used [0x00000000e0100000,0x00000000e03c0d88,0x00000000e1e00000)
  to   space 29696K, 0% used [0x00000000e2000000,0x00000000e2000000,0x00000000e3d00000)
 ParOldGen       total 349696K, used 288056K [0x0000000080000000, 0x0000000095580000, 0x00000000d5580000)
  object space 349696K, 82% used [0x0000000080000000,0x000000009194e2b0,0x0000000095580000)
 Metaspace       used 138822K, committed 141312K, reserved 983040K
  class space    used 19409K, committed 20544K, reserved 851968K
}
Event: 137.834 GC heap after
{Heap after GC invocations=42 (full 5):
 PSYoungGen      total 205312K, used 0K [0x00000000d5580000, 0x00000000e3d00000, 0x0000000100000000)
  eden space 175616K, 0% used [0x00000000d5580000,0x00000000d5580000,0x00000000e0100000)
  from space 29696K, 0% used [0x00000000e0100000,0x00000000e0100000,0x00000000e1e00000)
  to   space 29696K, 0% used [0x00000000e2000000,0x00000000e2000000,0x00000000e3d00000)
 ParOldGen       total 349696K, used 271253K [0x0000000080000000, 0x0000000095580000, 0x00000000d5580000)
  object space 349696K, 77% used [0x0000000080000000,0x00000000908e5420,0x0000000095580000)
 Metaspace       used 138805K, committed 141312K, reserved 983040K
  class space    used 19404K, committed 20544K, reserved 851968K
}
Event: 141.457 GC heap before
{Heap before GC invocations=43 (full 5):
 PSYoungGen      total 205312K, used 175616K [0x00000000d5580000, 0x00000000e3d00000, 0x0000000100000000)
  eden space 175616K, 100% used [0x00000000d5580000,0x00000000e0100000,0x00000000e0100000)
  from space 29696K, 0% used [0x00000000e0100000,0x00000000e0100000,0x00000000e1e00000)
  to   space 29696K, 0% used [0x00000000e2000000,0x00000000e2000000,0x00000000e3d00000)
 ParOldGen       total 349696K, used 271253K [0x0000000080000000, 0x0000000095580000, 0x00000000d5580000)
  object space 349696K, 77% used [0x0000000080000000,0x00000000908e5420,0x0000000095580000)
 Metaspace       used 138845K, committed 141376K, reserved 983040K
  class space    used 19404K, committed 20544K, reserved 851968K
}
Event: 141.468 GC heap after
{Heap after GC invocations=43 (full 5):
 PSYoungGen      total 208384K, used 7328K [0x00000000d5580000, 0x00000000e6400000, 0x0000000100000000)
  eden space 178688K, 0% used [0x00000000d5580000,0x00000000d5580000,0x00000000e0400000)
  from space 29696K, 24% used [0x00000000e2000000,0x00000000e27281c0,0x00000000e3d00000)
  to   space 28672K, 0% used [0x00000000e0400000,0x00000000e0400000,0x00000000e2000000)
 ParOldGen       total 349696K, used 271261K [0x0000000080000000, 0x0000000095580000, 0x00000000d5580000)
  object space 349696K, 77% used [0x0000000080000000,0x00000000908e7420,0x0000000095580000)
 Metaspace       used 138845K, committed 141376K, reserved 983040K
  class space    used 19404K, committed 20544K, reserved 851968K
}
Event: 144.408 GC heap before
{Heap before GC invocations=44 (full 5):
 PSYoungGen      total 208384K, used 186016K [0x00000000d5580000, 0x00000000e6400000, 0x0000000100000000)
  eden space 178688K, 100% used [0x00000000d5580000,0x00000000e0400000,0x00000000e0400000)
  from space 29696K, 24% used [0x00000000e2000000,0x00000000e27281c0,0x00000000e3d00000)
  to   space 28672K, 0% used [0x00000000e0400000,0x00000000e0400000,0x00000000e2000000)
 ParOldGen       total 349696K, used 271261K [0x0000000080000000, 0x0000000095580000, 0x00000000d5580000)
  object space 349696K, 77% used [0x0000000080000000,0x00000000908e76a0,0x0000000095580000)
 Metaspace       used 138896K, committed 141376K, reserved 983040K
  class space    used 19404K, committed 20544K, reserved 851968K
}
Event: 144.420 GC heap after
{Heap after GC invocations=44 (full 5):
 PSYoungGen      total 207360K, used 3565K [0x00000000d5580000, 0x00000000e6300000, 0x0000000100000000)
  eden space 178688K, 0% used [0x00000000d5580000,0x00000000d5580000,0x00000000e0400000)
  from space 28672K, 12% used [0x00000000e0400000,0x00000000e077b460,0x00000000e2000000)
  to   space 28160K, 0% used [0x00000000e4780000,0x00000000e4780000,0x00000000e6300000)
 ParOldGen       total 349696K, used 276342K [0x0000000080000000, 0x0000000095580000, 0x00000000d5580000)
  object space 349696K, 79% used [0x0000000080000000,0x0000000090ddda08,0x0000000095580000)
 Metaspace       used 138896K, committed 141376K, reserved 983040K
  class space    used 19404K, committed 20544K, reserved 851968K
}

