# JRE version: OpenJDK Runtime Environment (21.0.8) (build 21.0.8+-14196175-b1038.72)
# Java VM: OpenJDK 64-Bit Server VM (21.0.8+-14196175-b1038.72, mixed mode, tiered, compressed oops, compressed class ptrs, g1 gc, windows-amd64)
GC Precious Log:
 CardTable entry size: 512
 Card Set container configuration: InlinePtr #cards 4 size 8 Array Of Cards #cards 16 size 48 Howl #buckets 8 coarsen threshold 3686 Howl Bitmap #cards 512 size 80 coarsen threshold 460 Card regions per heap region 1 cards per card region 4096
 CPUs: 8 total, 8 available
 Memory: 8083M
 Large Page Support: Disabled
 NUMA Support: Disabled
 Compressed Oops: Enabled (Zero based)
 Heap Region Size: 2M
 Heap Min Capacity: 8M
 Heap Initial Capacity: 128M
 Heap Max Capacity: 3G
 Pre-touch: Disabled
 Parallel Workers: 8
 Concurrent Workers: 2
 Concurrent Refinement Workers: 8
 Periodic GC: Disabled
Heap:
 garbage-first heap   total 526336K, used 330442K [0x0000000740000000, 0x0000000800000000)
  region size 2048K, 93 young (190464K), 7 survivors (14336K)
 Metaspace       used 111183K, committed 113088K, reserved 983040K
  class space    used 15979K, committed 16896K, reserved 851968K
GC Heap History (20 events):
Event: 140.385 GC heap before
{Heap before GC invocations=77 (full 0):
 garbage-first heap   total 442368K, used 399296K [0x0000000740000000, 0x0000000800000000)
  region size 2048K, 123 young (251904K), 8 survivors (16384K)
 Metaspace       used 98757K, committed 100736K, reserved 983040K
  class space    used 13955K, committed 14912K, reserved 851968K
}
Event: 140.403 GC heap after
{Heap after GC invocations=78 (full 0):
 garbage-first heap   total 442368K, used 164402K [0x0000000740000000, 0x0000000800000000)
  region size 2048K, 8 young (16384K), 8 survivors (16384K)
 Metaspace       used 98757K, committed 100736K, reserved 983040K
  class space    used 13955K, committed 14912K, reserved 851968K
}
Event: 141.101 GC heap before
{Heap before GC invocations=78 (full 0):
 garbage-first heap   total 442368K, used 397874K [0x0000000740000000, 0x0000000800000000)
  region size 2048K, 124 young (253952K), 8 survivors (16384K)
 Metaspace       used 98759K, committed 100736K, reserved 983040K
  class space    used 13955K, committed 14912K, reserved 851968K
}
Event: 141.121 GC heap after
{Heap after GC invocations=79 (full 0):
 garbage-first heap   total 532480K, used 164010K [0x0000000740000000, 0x0000000800000000)
  region size 2048K, 8 young (16384K), 8 survivors (16384K)
 Metaspace       used 98759K, committed 100736K, reserved 983040K
  class space    used 13955K, committed 14912K, reserved 851968K
}
Event: 143.254 GC heap before
{Heap before GC invocations=80 (full 0):
 garbage-first heap   total 532480K, used 467114K [0x0000000740000000, 0x0000000800000000)
  region size 2048K, 156 young (319488K), 8 survivors (16384K)
 Metaspace       used 98773K, committed 100736K, reserved 983040K
  class space    used 13955K, committed 14912K, reserved 851968K
}
Event: 143.269 GC heap after
{Heap after GC invocations=81 (full 0):
 garbage-first heap   total 532480K, used 155316K [0x0000000740000000, 0x0000000800000000)
  region size 2048K, 4 young (8192K), 4 survivors (8192K)
 Metaspace       used 98773K, committed 100736K, reserved 983040K
  class space    used 13955K, committed 14912K, reserved 851968K
}
Event: 144.980 GC heap before
{Heap before GC invocations=81 (full 0):
 garbage-first heap   total 532480K, used 464564K [0x0000000740000000, 0x0000000800000000)
  region size 2048K, 156 young (319488K), 4 survivors (8192K)
 Metaspace       used 98779K, committed 100736K, reserved 983040K
  class space    used 13955K, committed 14912K, reserved 851968K
}
Event: 144.996 GC heap after
{Heap after GC invocations=82 (full 0):
 garbage-first heap   total 532480K, used 156524K [0x0000000740000000, 0x0000000800000000)
  region size 2048K, 6 young (12288K), 6 survivors (12288K)
 Metaspace       used 98779K, committed 100736K, reserved 983040K
  class space    used 13955K, committed 14912K, reserved 851968K
}
Event: 146.478 GC heap before
{Heap before GC invocations=82 (full 0):
 garbage-first heap   total 532480K, used 463724K [0x0000000740000000, 0x0000000800000000)
  region size 2048K, 157 young (321536K), 6 survivors (12288K)
 Metaspace       used 98784K, committed 100736K, reserved 983040K
  class space    used 13955K, committed 14912K, reserved 851968K
}
Event: 146.498 GC heap after
{Heap after GC invocations=83 (full 0):
 garbage-first heap   total 532480K, used 156818K [0x0000000740000000, 0x0000000800000000)
  region size 2048K, 6 young (12288K), 6 survivors (12288K)
 Metaspace       used 98784K, committed 100736K, reserved 983040K
  class space    used 13955K, committed 14912K, reserved 851968K
}
Event: 149.003 GC heap before
{Heap before GC invocations=84 (full 0):
 garbage-first heap   total 526336K, used 457874K [0x0000000740000000, 0x0000000800000000)
  region size 2048K, 154 young (315392K), 6 survivors (12288K)
 Metaspace       used 98912K, committed 100800K, reserved 983040K
  class space    used 13971K, committed 14912K, reserved 851968K
}
Event: 149.018 GC heap after
{Heap after GC invocations=85 (full 0):
 garbage-first heap   total 526336K, used 155055K [0x0000000740000000, 0x0000000800000000)
  region size 2048K, 5 young (10240K), 5 survivors (10240K)
 Metaspace       used 98912K, committed 100800K, reserved 983040K
  class space    used 13971K, committed 14912K, reserved 851968K
}
Event: 154.000 GC heap before
{Heap before GC invocations=85 (full 0):
 garbage-first heap   total 526336K, used 458159K [0x0000000740000000, 0x0000000800000000)
  region size 2048K, 154 young (315392K), 5 survivors (10240K)
 Metaspace       used 98936K, committed 100864K, reserved 983040K
  class space    used 13971K, committed 14912K, reserved 851968K
}
Event: 154.022 GC heap after
{Heap after GC invocations=86 (full 0):
 garbage-first heap   total 526336K, used 157311K [0x0000000740000000, 0x0000000800000000)
  region size 2048K, 7 young (14336K), 7 survivors (14336K)
 Metaspace       used 98936K, committed 100864K, reserved 983040K
  class space    used 13971K, committed 14912K, reserved 851968K
}
Event: 159.106 GC heap before
{Heap before GC invocations=86 (full 0):
 garbage-first heap   total 526336K, used 433791K [0x0000000740000000, 0x0000000800000000)
  region size 2048K, 144 young (294912K), 7 survivors (14336K)
 Metaspace       used 99008K, committed 100864K, reserved 983040K
  class space    used 13982K, committed 14912K, reserved 851968K
}
Event: 159.130 GC heap after
{Heap after GC invocations=87 (full 0):
 garbage-first heap   total 526336K, used 157243K [0x0000000740000000, 0x0000000800000000)
  region size 2048K, 7 young (14336K), 7 survivors (14336K)
 Metaspace       used 99008K, committed 100864K, reserved 983040K
  class space    used 13982K, committed 14912K, reserved 851968K
}
Event: 164.405 GC heap before
{Heap before GC invocations=88 (full 0):
 garbage-first heap   total 526336K, used 460347K [0x0000000740000000, 0x0000000800000000)
  region size 2048K, 154 young (315392K), 7 survivors (14336K)
 Metaspace       used 99031K, committed 100928K, reserved 983040K
  class space    used 13985K, committed 14912K, reserved 851968K
}
Event: 164.450 GC heap after
{Heap after GC invocations=89 (full 0):
 garbage-first heap   total 526336K, used 159215K [0x0000000740000000, 0x0000000800000000)
  region size 2048K, 7 young (14336K), 7 survivors (14336K)
 Metaspace       used 99031K, committed 100928K, reserved 983040K
  class space    used 13985K, committed 14912K, reserved 851968K
}
Event: 169.123 GC heap before
{Heap before GC invocations=89 (full 0):
 garbage-first heap   total 526336K, used 460271K [0x0000000740000000, 0x0000000800000000)
  region size 2048K, 154 young (315392K), 7 survivors (14336K)
 Metaspace       used 99049K, committed 100992K, reserved 983040K
  class space    used 13985K, committed 14912K, reserved 851968K
}
Event: 169.139 GC heap after
{Heap after GC invocations=90 (full 0):
 garbage-first heap   total 526336K, used 156362K [0x0000000740000000, 0x0000000800000000)
  region size 2048K, 7 young (14336K), 7 survivors (14336K)
 Metaspace       used 99049K, committed 100992K, reserved 983040K
  class space    used 13985K, committed 14912K, reserved 851968K
}

