# JRE version: OpenJDK Runtime Environment (21.0.8) (build 21.0.8+-14196175-b1038.72)
# Java VM: OpenJDK 64-Bit Server VM (21.0.8+-14196175-b1038.72, mixed mode, tiered, compressed oops, compressed class ptrs, g1 gc, windows-amd64)
GC Precious Log:
 CardTable entry size: 512
 Card Set container configuration: InlinePtr #cards 4 size 8 Array Of Cards #cards 16 size 48 Howl #buckets 8 coarsen threshold 3686 Howl Bitmap #cards 512 size 80 coarsen threshold 460 Card regions per heap region 1 cards per card region 4096
 CPUs: 8 total, 8 available
 Memory: 8083M
 Large Page Support: Disabled
 NUMA Support: Disabled
 Compressed Oops: Enabled (Zero based)
 Heap Region Size: 2M
 Heap Min Capacity: 8M
 Heap Initial Capacity: 128M
 Heap Max Capacity: 3G
 Pre-touch: Disabled
 Parallel Workers: 8
 Concurrent Workers: 2
 Concurrent Refinement Workers: 8
 Periodic GC: Disabled
Heap:
 garbage-first heap   total 784384K, used 592674K [0x0000000740000000, 0x0000000800000000)
  region size 2048K, 76 young (155648K), 11 survivors (22528K)
 Metaspace       used 242154K, committed 245696K, reserved 1114112K
  class space    used 31250K, committed 32832K, reserved 851968K
GC Heap History (20 events):
Event: 194.964 GC heap before
{Heap before GC invocations=105 (full 0):
 garbage-first heap   total 772096K, used 768666K [0x0000000740000000, 0x0000000800000000)
  region size 2048K, 155 young (317440K), 3 survivors (6144K)
 Metaspace       used 222205K, committed 225664K, reserved 1048576K
  class space    used 29179K, committed 30720K, reserved 851968K
}
Event: 194.983 GC heap after
{Heap after GC invocations=106 (full 0):
 garbage-first heap   total 784384K, used 448792K [0x0000000740000000, 0x0000000800000000)
  region size 2048K, 4 young (8192K), 4 survivors (8192K)
 Metaspace       used 222205K, committed 225664K, reserved 1048576K
  class space    used 29179K, committed 30720K, reserved 851968K
}
Event: 196.352 GC heap before
{Heap before GC invocations=106 (full 0):
 garbage-first heap   total 784384K, used 538904K [0x0000000740000000, 0x0000000800000000)
  region size 2048K, 50 young (102400K), 4 survivors (8192K)
 Metaspace       used 222282K, committed 225792K, reserved 1048576K
  class space    used 29181K, committed 30720K, reserved 851968K
}
Event: 196.364 GC heap after
{Heap after GC invocations=107 (full 0):
 garbage-first heap   total 784384K, used 446121K [0x0000000740000000, 0x0000000800000000)
  region size 2048K, 3 young (6144K), 3 survivors (6144K)
 Metaspace       used 222282K, committed 225792K, reserved 1048576K
  class space    used 29181K, committed 30720K, reserved 851968K
}
Event: 199.410 GC heap before
{Heap before GC invocations=108 (full 0):
 garbage-first heap   total 784384K, used 738985K [0x0000000740000000, 0x0000000800000000)
  region size 2048K, 144 young (294912K), 3 survivors (6144K)
 Metaspace       used 227045K, committed 230464K, reserved 1114112K
  class space    used 29594K, committed 31104K, reserved 851968K
}
Event: 199.424 GC heap after
{Heap after GC invocations=109 (full 0):
 garbage-first heap   total 784384K, used 453121K [0x0000000740000000, 0x0000000800000000)
  region size 2048K, 4 young (8192K), 4 survivors (8192K)
 Metaspace       used 227045K, committed 230464K, reserved 1114112K
  class space    used 29594K, committed 31104K, reserved 851968K
}
Event: 202.343 GC heap before
{Heap before GC invocations=109 (full 0):
 garbage-first heap   total 784384K, used 735745K [0x0000000740000000, 0x0000000800000000)
  region size 2048K, 141 young (288768K), 4 survivors (8192K)
 Metaspace       used 233946K, committed 237376K, reserved 1114112K
  class space    used 30470K, committed 32000K, reserved 851968K
}
Event: 202.372 GC heap after
{Heap after GC invocations=110 (full 0):
 garbage-first heap   total 784384K, used 452142K [0x0000000740000000, 0x0000000800000000)
  region size 2048K, 6 young (12288K), 6 survivors (12288K)
 Metaspace       used 233946K, committed 237376K, reserved 1114112K
  class space    used 30470K, committed 32000K, reserved 851968K
}
Event: 203.483 GC heap before
{Heap before GC invocations=110 (full 0):
 garbage-first heap   total 784384K, used 515630K [0x0000000740000000, 0x0000000800000000)
  region size 2048K, 38 young (77824K), 6 survivors (12288K)
 Metaspace       used 235170K, committed 238592K, reserved 1114112K
  class space    used 30567K, committed 32064K, reserved 851968K
}
Event: 203.505 GC heap after
{Heap after GC invocations=111 (full 0):
 garbage-first heap   total 784384K, used 456167K [0x0000000740000000, 0x0000000800000000)
  region size 2048K, 8 young (16384K), 8 survivors (16384K)
 Metaspace       used 235170K, committed 238592K, reserved 1114112K
  class space    used 30567K, committed 32064K, reserved 851968K
}
Event: 210.868 GC heap before
{Heap before GC invocations=112 (full 0):
 garbage-first heap   total 784384K, used 699879K [0x0000000740000000, 0x0000000800000000)
  region size 2048K, 127 young (260096K), 8 survivors (16384K)
 Metaspace       used 240042K, committed 243520K, reserved 1114112K
  class space    used 31049K, committed 32576K, reserved 851968K
}
Event: 210.900 GC heap after
{Heap after GC invocations=113 (full 0):
 garbage-first heap   total 784384K, used 458256K [0x0000000740000000, 0x0000000800000000)
  region size 2048K, 9 young (18432K), 9 survivors (18432K)
 Metaspace       used 240042K, committed 243520K, reserved 1114112K
  class space    used 31049K, committed 32576K, reserved 851968K
}
Event: 216.690 GC heap before
{Heap before GC invocations=113 (full 0):
 garbage-first heap   total 784384K, used 708112K [0x0000000740000000, 0x0000000800000000)
  region size 2048K, 132 young (270336K), 9 survivors (18432K)
 Metaspace       used 241038K, committed 244544K, reserved 1114112K
  class space    used 31190K, committed 32768K, reserved 851968K
}
Event: 216.737 GC heap after
{Heap after GC invocations=114 (full 0):
 garbage-first heap   total 784384K, used 459489K [0x0000000740000000, 0x0000000800000000)
  region size 2048K, 12 young (24576K), 12 survivors (24576K)
 Metaspace       used 241038K, committed 244544K, reserved 1114112K
  class space    used 31190K, committed 32768K, reserved 851968K
}
Event: 218.577 GC heap before
{Heap before GC invocations=114 (full 0):
 garbage-first heap   total 784384K, used 559841K [0x0000000740000000, 0x0000000800000000)
  region size 2048K, 63 young (129024K), 12 survivors (24576K)
 Metaspace       used 241128K, committed 244672K, reserved 1114112K
  class space    used 31198K, committed 32768K, reserved 851968K
}
Event: 218.606 GC heap after
{Heap after GC invocations=115 (full 0):
 garbage-first heap   total 784384K, used 460201K [0x0000000740000000, 0x0000000800000000)
  region size 2048K, 10 young (20480K), 10 survivors (20480K)
 Metaspace       used 241128K, committed 244672K, reserved 1114112K
  class space    used 31198K, committed 32768K, reserved 851968K
}
Event: 221.907 GC heap before
{Heap before GC invocations=116 (full 0):
 garbage-first heap   total 784384K, used 730537K [0x0000000740000000, 0x0000000800000000)
  region size 2048K, 138 young (282624K), 10 survivors (20480K)
 Metaspace       used 241175K, committed 244736K, reserved 1114112K
  class space    used 31199K, committed 32768K, reserved 851968K
}
Event: 221.934 GC heap after
{Heap after GC invocations=117 (full 0):
 garbage-first heap   total 784384K, used 462490K [0x0000000740000000, 0x0000000800000000)
  region size 2048K, 11 young (22528K), 11 survivors (22528K)
 Metaspace       used 241175K, committed 244736K, reserved 1114112K
  class space    used 31199K, committed 32768K, reserved 851968K
}
Event: 233.763 GC heap before
{Heap before GC invocations=117 (full 0):
 garbage-first heap   total 784384K, used 726682K [0x0000000740000000, 0x0000000800000000)
  region size 2048K, 137 young (280576K), 11 survivors (22528K)
 Metaspace       used 242056K, committed 245568K, reserved 1114112K
  class space    used 31236K, committed 32768K, reserved 851968K
}
Event: 233.817 GC heap after
{Heap after GC invocations=118 (full 0):
 garbage-first heap   total 784384K, used 463650K [0x0000000740000000, 0x0000000800000000)
  region size 2048K, 11 young (22528K), 11 survivors (22528K)
 Metaspace       used 242056K, committed 245568K, reserved 1114112K
  class space    used 31236K, committed 32768K, reserved 851968K
}

