# JRE version: OpenJDK Runtime Environment (21.0.7) (build 21.0.7+-13880790-b1038.58)
# Java VM: OpenJDK 64-Bit Server VM (21.0.7+-13880790-b1038.58, mixed mode, tiered, compressed oops, compressed class ptrs, g1 gc, windows-amd64)
GC Precious Log:
 CardTable entry size: 512
 Card Set container configuration: InlinePtr #cards 4 size 8 Array Of Cards #cards 16 size 48 Howl #buckets 8 coarsen threshold 3686 Howl Bitmap #cards 512 size 80 coarsen threshold 460 Card regions per heap region 1 cards per card region 4096
 CPUs: 8 total, 8 available
 Memory: 8083M
 Large Page Support: Disabled
 NUMA Support: Disabled
 Compressed Oops: Enabled (Zero based)
 Heap Region Size: 2M
 Heap Min Capacity: 8M
 Heap Initial Capacity: 128M
 Heap Max Capacity: 4G
 Pre-touch: Disabled
 Parallel Workers: 8
 Concurrent Workers: 2
 Concurrent Refinement Workers: 8
 Periodic GC: Disabled
Heap:
 garbage-first heap   total 409600K, used 286640K [0x0000000700000000, 0x0000000800000000)
  region size 2048K, 31 young (63488K), 10 survivors (20480K)
 Metaspace       used 132976K, committed 135680K, reserved 983040K
  class space    used 18323K, committed 19584K, reserved 851968K
GC Heap History (20 events):
Event: 73.022 GC heap before
{Heap before GC invocations=62 (full 0):
 garbage-first heap   total 253952K, used 183764K [0x0000000700000000, 0x0000000800000000)
  region size 2048K, 21 young (43008K), 3 survivors (6144K)
 Metaspace       used 129265K, committed 131648K, reserved 983040K
  class space    used 17889K, committed 19072K, reserved 851968K
}
Event: 73.035 GC heap after
{Heap after GC invocations=63 (full 0):
 garbage-first heap   total 315392K, used 158708K [0x0000000700000000, 0x0000000800000000)
  region size 2048K, 6 young (12288K), 6 survivors (12288K)
 Metaspace       used 129265K, committed 131648K, reserved 983040K
  class space    used 17889K, committed 19072K, reserved 851968K
}
Event: 75.107 GC heap before
{Heap before GC invocations=64 (full 0):
 garbage-first heap   total 315392K, used 285684K [0x0000000700000000, 0x0000000800000000)
  region size 2048K, 66 young (135168K), 6 survivors (12288K)
 Metaspace       used 129612K, committed 131968K, reserved 983040K
  class space    used 17925K, committed 19072K, reserved 851968K
}
Event: 75.127 GC heap after
{Heap after GC invocations=65 (full 0):
 garbage-first heap   total 315392K, used 174558K [0x0000000700000000, 0x0000000800000000)
  region size 2048K, 9 young (18432K), 9 survivors (18432K)
 Metaspace       used 129612K, committed 131968K, reserved 983040K
  class space    used 17925K, committed 19072K, reserved 851968K
}
Event: 77.319 GC heap before
{Heap before GC invocations=65 (full 0):
 garbage-first heap   total 315392K, used 274910K [0x0000000700000000, 0x0000000800000000)
  region size 2048K, 59 young (120832K), 9 survivors (18432K)
 Metaspace       used 130816K, committed 133312K, reserved 983040K
  class space    used 18057K, committed 19264K, reserved 851968K
}
Event: 77.358 GC heap after
{Heap after GC invocations=66 (full 0):
 garbage-first heap   total 317440K, used 189176K [0x0000000700000000, 0x0000000800000000)
  region size 2048K, 8 young (16384K), 8 survivors (16384K)
 Metaspace       used 130816K, committed 133312K, reserved 983040K
  class space    used 18057K, committed 19264K, reserved 851968K
}
Event: 78.408 GC heap before
{Heap before GC invocations=66 (full 0):
 garbage-first heap   total 317440K, used 279288K [0x0000000700000000, 0x0000000800000000)
  region size 2048K, 53 young (108544K), 8 survivors (16384K)
 Metaspace       used 131063K, committed 133568K, reserved 983040K
  class space    used 18085K, committed 19328K, reserved 851968K
}
Event: 78.435 GC heap after
{Heap after GC invocations=67 (full 0):
 garbage-first heap   total 317440K, used 198808K [0x0000000700000000, 0x0000000800000000)
  region size 2048K, 5 young (10240K), 5 survivors (10240K)
 Metaspace       used 131063K, committed 133568K, reserved 983040K
  class space    used 18085K, committed 19328K, reserved 851968K
}
Event: 79.694 GC heap before
{Heap before GC invocations=68 (full 0):
 garbage-first heap   total 335872K, used 282776K [0x0000000700000000, 0x0000000800000000)
  region size 2048K, 47 young (96256K), 5 survivors (10240K)
 Metaspace       used 131287K, committed 133824K, reserved 983040K
  class space    used 18104K, committed 19328K, reserved 851968K
}
Event: 79.711 GC heap after
{Heap after GC invocations=69 (full 0):
 garbage-first heap   total 335872K, used 204718K [0x0000000700000000, 0x0000000800000000)
  region size 2048K, 5 young (10240K), 5 survivors (10240K)
 Metaspace       used 131287K, committed 133824K, reserved 983040K
  class space    used 18104K, committed 19328K, reserved 851968K
}
Event: 80.777 GC heap before
{Heap before GC invocations=69 (full 0):
 garbage-first heap   total 335872K, used 298926K [0x0000000700000000, 0x0000000800000000)
  region size 2048K, 52 young (106496K), 5 survivors (10240K)
 Metaspace       used 131492K, committed 134016K, reserved 983040K
  class space    used 18121K, committed 19328K, reserved 851968K
}
Event: 80.797 GC heap after
{Heap after GC invocations=70 (full 0):
 garbage-first heap   total 335872K, used 207773K [0x0000000700000000, 0x0000000800000000)
  region size 2048K, 5 young (10240K), 5 survivors (10240K)
 Metaspace       used 131492K, committed 134016K, reserved 983040K
  class space    used 18121K, committed 19328K, reserved 851968K
}
Event: 81.636 GC heap before
{Heap before GC invocations=70 (full 0):
 garbage-first heap   total 335872K, used 299933K [0x0000000700000000, 0x0000000800000000)
  region size 2048K, 51 young (104448K), 5 survivors (10240K)
 Metaspace       used 131617K, committed 134208K, reserved 983040K
  class space    used 18137K, committed 19392K, reserved 851968K
}
Event: 81.651 GC heap after
{Heap after GC invocations=71 (full 0):
 garbage-first heap   total 403456K, used 212471K [0x0000000700000000, 0x0000000800000000)
  region size 2048K, 4 young (8192K), 4 survivors (8192K)
 Metaspace       used 131617K, committed 134208K, reserved 983040K
  class space    used 18137K, committed 19392K, reserved 851968K
}
Event: 83.321 GC heap before
{Heap before GC invocations=72 (full 0):
 garbage-first heap   total 403456K, used 347639K [0x0000000700000000, 0x0000000800000000)
  region size 2048K, 71 young (145408K), 4 survivors (8192K)
 Metaspace       used 131742K, committed 134336K, reserved 983040K
  class space    used 18152K, committed 19392K, reserved 851968K
}
Event: 83.344 GC heap after
{Heap after GC invocations=73 (full 0):
 garbage-first heap   total 403456K, used 217966K [0x0000000700000000, 0x0000000800000000)
  region size 2048K, 7 young (14336K), 7 survivors (14336K)
 Metaspace       used 131742K, committed 134336K, reserved 983040K
  class space    used 18152K, committed 19392K, reserved 851968K
}
Event: 84.313 GC heap before
{Heap before GC invocations=73 (full 0):
 garbage-first heap   total 403456K, used 361326K [0x0000000700000000, 0x0000000800000000)
  region size 2048K, 78 young (159744K), 7 survivors (14336K)
 Metaspace       used 131789K, committed 134336K, reserved 983040K
  class space    used 18160K, committed 19392K, reserved 851968K
}
Event: 84.341 GC heap after
{Heap after GC invocations=74 (full 0):
 garbage-first heap   total 403456K, used 223740K [0x0000000700000000, 0x0000000800000000)
  region size 2048K, 9 young (18432K), 9 survivors (18432K)
 Metaspace       used 131789K, committed 134336K, reserved 983040K
  class space    used 18160K, committed 19392K, reserved 851968K
}
Event: 86.460 GC heap before
{Heap before GC invocations=74 (full 0):
 garbage-first heap   total 403456K, used 358908K [0x0000000700000000, 0x0000000800000000)
  region size 2048K, 76 young (155648K), 9 survivors (18432K)
 Metaspace       used 132739K, committed 135488K, reserved 983040K
  class space    used 18291K, committed 19584K, reserved 851968K
}
Event: 86.506 GC heap after
{Heap after GC invocations=75 (full 0):
 garbage-first heap   total 403456K, used 245680K [0x0000000700000000, 0x0000000800000000)
  region size 2048K, 10 young (20480K), 10 survivors (20480K)
 Metaspace       used 132739K, committed 135488K, reserved 983040K
  class space    used 18291K, committed 19584K, reserved 851968K
}

