# JRE version: Java(TM) SE Runtime Environment (24.0.1+9) (build 24.0.1+9-30)
# Java VM: Java HotSpot(TM) 64-Bit Server VM (24.0.1+9-30, mixed mode, sharing, tiered, compressed oops, compressed class ptrs, g1 gc, windows-amd64)
GC Precious Log:
 CardTable entry size: 512
 Card Set container configuration: InlinePtr #cards 5 size 8 Array Of Cards #cards 10 size 36 Howl #buckets 4 coarsen threshold 1843 Howl Bitmap #cards 512 size 80 coarsen threshold 460 Card regions per heap region 1 cards per card region 2048
 CPUs: 8 total, 8 available
 Memory: 8083M
 Large Page Support: Disabled
 NUMA Support: Disabled
 Compressed Oops: Enabled (32-bit)
 Heap Region Size: 1M
 Heap Min Capacity: 8M
 Heap Initial Capacity: 128M
 Heap Max Capacity: 2022M
 Pre-touch: Disabled
 Parallel Workers: 8
 Concurrent Workers: 2
 Concurrent Refinement Workers: 8
 Periodic GC: Disabled
Heap:
 garbage-first heap   total reserved 2070528K, committed 76800K, used 49801K [0x0000000081a00000, 0x0000000100000000)
  region size 1024K, 8 young (8192K), 2 survivors (2048K)
 Metaspace       used 51887K, committed 52288K, reserved 1114112K
  class space    used 5267K, committed 5440K, reserved 1048576K
GC Heap History (20 events):
Event: 12.557 GC heap before
{Heap before GC invocations=1 (full 0):
 garbage-first heap   total reserved 2070528K, committed 133120K, used 40052K [0x0000000081a00000, 0x0000000100000000)
  region size 1024K, 35 young (35840K), 4 survivors (4096K)
 Metaspace       used 21263K, committed 21504K, reserved 1114112K
  class space    used 1894K, committed 1984K, reserved 1048576K
}
Event: 12.582 GC heap after
{Heap after GC invocations=2 (full 0):
 garbage-first heap   total reserved 2070528K, committed 133120K, used 14629K [0x0000000081a00000, 0x0000000100000000)
  region size 1024K, 8 young (8192K), 8 survivors (8192K)
 Metaspace       used 21263K, committed 21504K, reserved 1114112K
  class space    used 1894K, committed 1984K, reserved 1048576K
}
Event: 21.029 GC heap before
{Heap before GC invocations=3 (full 0):
 garbage-first heap   total reserved 2070528K, committed 55296K, used 52517K [0x0000000081a00000, 0x0000000100000000)
  region size 1024K, 46 young (47104K), 8 survivors (8192K)
 Metaspace       used 31391K, committed 31680K, reserved 1114112K
  class space    used 3207K, committed 3328K, reserved 1048576K
}
Event: 21.081 GC heap after
{Heap after GC invocations=4 (full 0):
 garbage-first heap   total reserved 2070528K, committed 67584K, used 18637K [0x0000000081a00000, 0x0000000100000000)
  region size 1024K, 8 young (8192K), 8 survivors (8192K)
 Metaspace       used 31391K, committed 31680K, reserved 1114112K
  class space    used 3207K, committed 3328K, reserved 1048576K
}
Event: 26.557 GC heap before
{Heap before GC invocations=4 (full 0):
 garbage-first heap   total reserved 2070528K, committed 67584K, used 38093K [0x0000000081a00000, 0x0000000100000000)
  region size 1024K, 28 young (28672K), 8 survivors (8192K)
 Metaspace       used 36271K, committed 36480K, reserved 1114112K
  class space    used 3611K, committed 3712K, reserved 1048576K
}
Event: 26.595 GC heap after
{Heap after GC invocations=5 (full 0):
 garbage-first heap   total reserved 2070528K, committed 67584K, used 21127K [0x0000000081a00000, 0x0000000100000000)
  region size 1024K, 3 young (3072K), 3 survivors (3072K)
 Metaspace       used 36271K, committed 36480K, reserved 1114112K
  class space    used 3611K, committed 3712K, reserved 1048576K
}
Event: 26.685 GC heap before
{Heap before GC invocations=5 (full 0):
 garbage-first heap   total reserved 2070528K, committed 67584K, used 22151K [0x0000000081a00000, 0x0000000100000000)
  region size 1024K, 5 young (5120K), 3 survivors (3072K)
 Metaspace       used 36630K, committed 36800K, reserved 1114112K
  class space    used 3641K, committed 3712K, reserved 1048576K
}
Event: 26.694 GC heap after
{Heap after GC invocations=6 (full 0):
 garbage-first heap   total reserved 2070528K, committed 67584K, used 20932K [0x0000000081a00000, 0x0000000100000000)
  region size 1024K, 3 young (3072K), 3 survivors (3072K)
 Metaspace       used 36630K, committed 36800K, reserved 1114112K
  class space    used 3641K, committed 3712K, reserved 1048576K
}
Event: 32.051 GC heap before
{Heap before GC invocations=7 (full 0):
 garbage-first heap   total reserved 2070528K, committed 67584K, used 50628K [0x0000000081a00000, 0x0000000100000000)
  region size 1024K, 32 young (32768K), 3 survivors (3072K)
 Metaspace       used 39008K, committed 39232K, reserved 1114112K
  class space    used 3875K, committed 3968K, reserved 1048576K
}
Event: 32.086 GC heap after
{Heap after GC invocations=8 (full 0):
 garbage-first heap   total reserved 2070528K, committed 67584K, used 29164K [0x0000000081a00000, 0x0000000100000000)
  region size 1024K, 4 young (4096K), 4 survivors (4096K)
 Metaspace       used 39008K, committed 39232K, reserved 1114112K
  class space    used 3875K, committed 3968K, reserved 1048576K
}
Event: 37.515 GC heap before
{Heap before GC invocations=8 (full 0):
 garbage-first heap   total reserved 2070528K, committed 67584K, used 51692K [0x0000000081a00000, 0x0000000100000000)
  region size 1024K, 26 young (26624K), 4 survivors (4096K)
 Metaspace       used 41151K, committed 41472K, reserved 1114112K
  class space    used 4090K, committed 4224K, reserved 1048576K
}
Event: 37.552 GC heap after
{Heap after GC invocations=9 (full 0):
 garbage-first heap   total reserved 2070528K, committed 67584K, used 34218K [0x0000000081a00000, 0x0000000100000000)
  region size 1024K, 4 young (4096K), 4 survivors (4096K)
 Metaspace       used 41151K, committed 41472K, reserved 1114112K
  class space    used 4090K, committed 4224K, reserved 1048576K
}
Event: 45.292 GC heap before
{Heap before GC invocations=9 (full 0):
 garbage-first heap   total reserved 2070528K, committed 67584K, used 54698K [0x0000000081a00000, 0x0000000100000000)
  region size 1024K, 24 young (24576K), 4 survivors (4096K)
 Metaspace       used 44193K, committed 44480K, reserved 1114112K
  class space    used 4438K, committed 4544K, reserved 1048576K
}
Event: 45.324 GC heap after
{Heap after GC invocations=10 (full 0):
 garbage-first heap   total reserved 2070528K, committed 67584K, used 37376K [0x0000000081a00000, 0x0000000100000000)
  region size 1024K, 3 young (3072K), 3 survivors (3072K)
 Metaspace       used 44193K, committed 44480K, reserved 1114112K
  class space    used 4438K, committed 4544K, reserved 1048576K
}
Event: 51.014 GC heap before
{Heap before GC invocations=11 (full 0):
 garbage-first heap   total reserved 2070528K, committed 67584K, used 56832K [0x0000000081a00000, 0x0000000100000000)
  region size 1024K, 22 young (22528K), 3 survivors (3072K)
 Metaspace       used 45326K, committed 45632K, reserved 1114112K
  class space    used 4492K, committed 4608K, reserved 1048576K
}
Event: 51.052 GC heap after
{Heap after GC invocations=12 (full 0):
 garbage-first heap   total reserved 2070528K, committed 67584K, used 41378K [0x0000000081a00000, 0x0000000100000000)
  region size 1024K, 3 young (3072K), 3 survivors (3072K)
 Metaspace       used 45326K, committed 45632K, reserved 1114112K
  class space    used 4492K, committed 4608K, reserved 1048576K
}
Event: 53.521 GC heap before
{Heap before GC invocations=12 (full 0):
 garbage-first heap   total reserved 2070528K, committed 67584K, used 57762K [0x0000000081a00000, 0x0000000100000000)
  region size 1024K, 19 young (19456K), 3 survivors (3072K)
 Metaspace       used 47327K, committed 47680K, reserved 1114112K
  class space    used 4684K, committed 4864K, reserved 1048576K
}
Event: 53.554 GC heap after
{Heap after GC invocations=13 (full 0):
 garbage-first heap   total reserved 2070528K, committed 67584K, used 44406K [0x0000000081a00000, 0x0000000100000000)
  region size 1024K, 3 young (3072K), 3 survivors (3072K)
 Metaspace       used 47327K, committed 47680K, reserved 1114112K
  class space    used 4684K, committed 4864K, reserved 1048576K
}
Event: 59.913 GC heap before
{Heap before GC invocations=13 (full 0):
 garbage-first heap   total reserved 2070528K, committed 67584K, used 57718K [0x0000000081a00000, 0x0000000100000000)
  region size 1024K, 17 young (17408K), 3 survivors (3072K)
 Metaspace       used 51732K, committed 52160K, reserved 1114112K
  class space    used 5262K, committed 5440K, reserved 1048576K
}
Event: 59.933 GC heap after
{Heap after GC invocations=14 (full 0):
 garbage-first heap   total reserved 2070528K, committed 67584K, used 45705K [0x0000000081a00000, 0x0000000100000000)
  region size 1024K, 2 young (2048K), 2 survivors (2048K)
 Metaspace       used 51732K, committed 52160K, reserved 1114112K
  class space    used 5262K, committed 5440K, reserved 1048576K
}

