# JRE version: OpenJDK Runtime Environment (21.0.8) (build 21.0.8+-14196175-b1038.72)
# Java VM: OpenJDK 64-Bit Server VM (21.0.8+-14196175-b1038.72, mixed mode, tiered, compressed oops, compressed class ptrs, g1 gc, windows-amd64)
GC Precious Log:
 CardTable entry size: 512
 Card Set container configuration: InlinePtr #cards 4 size 8 Array Of Cards #cards 16 size 48 Howl #buckets 8 coarsen threshold 3686 Howl Bitmap #cards 512 size 80 coarsen threshold 460 Card regions per heap region 1 cards per card region 4096
 CPUs: 8 total, 8 available
 Memory: 8083M
 Large Page Support: Disabled
 NUMA Support: Disabled
 Compressed Oops: Enabled (Zero based)
 Heap Region Size: 2M
 Heap Min Capacity: 8M
 Heap Initial Capacity: 128M
 Heap Max Capacity: 4G
 Pre-touch: Disabled
 Parallel Workers: 8
 Concurrent Workers: 2
 Concurrent Refinement Workers: 8
 Periodic GC: Disabled
Heap:
 garbage-first heap   total 477184K, used 62181K [0x0000000700000000, 0x0000000800000000)
  region size 2048K, 5 young (10240K), 5 survivors (10240K)
 Metaspace       used 49796K, committed 51008K, reserved 917504K
  class space    used 6677K, committed 7296K, reserved 851968K
GC Heap History (20 events):
Event: 16.091 GC heap after
{Heap after GC invocations=43 (full 0):
 garbage-first heap   total 329728K, used 51792K [0x0000000700000000, 0x0000000800000000)
  region size 2048K, 6 young (12288K), 6 survivors (12288K)
 Metaspace       used 47759K, committed 48960K, reserved 917504K
  class space    used 6517K, committed 7104K, reserved 851968K
}
Event: 16.383 GC heap before
{Heap before GC invocations=43 (full 0):
 garbage-first heap   total 329728K, used 236112K [0x0000000700000000, 0x0000000800000000)
  region size 2048K, 96 young (196608K), 6 survivors (12288K)
 Metaspace       used 47760K, committed 48960K, reserved 917504K
  class space    used 6517K, committed 7104K, reserved 851968K
}
Event: 16.391 GC heap after
{Heap after GC invocations=44 (full 0):
 garbage-first heap   total 329728K, used 52697K [0x0000000700000000, 0x0000000800000000)
  region size 2048K, 7 young (14336K), 7 survivors (14336K)
 Metaspace       used 47760K, committed 48960K, reserved 917504K
  class space    used 6517K, committed 7104K, reserved 851968K
}
Event: 16.776 GC heap before
{Heap before GC invocations=44 (full 0):
 garbage-first heap   total 329728K, used 234969K [0x0000000700000000, 0x0000000800000000)
  region size 2048K, 96 young (196608K), 7 survivors (14336K)
 Metaspace       used 47762K, committed 48960K, reserved 917504K
  class space    used 6517K, committed 7104K, reserved 851968K
}
Event: 16.785 GC heap after
{Heap after GC invocations=45 (full 0):
 garbage-first heap   total 397312K, used 53967K [0x0000000700000000, 0x0000000800000000)
  region size 2048K, 7 young (14336K), 7 survivors (14336K)
 Metaspace       used 47762K, committed 48960K, reserved 917504K
  class space    used 6517K, committed 7104K, reserved 851968K
}
Event: 17.245 GC heap before
{Heap before GC invocations=45 (full 0):
 garbage-first heap   total 397312K, used 277199K [0x0000000700000000, 0x0000000800000000)
  region size 2048K, 116 young (237568K), 7 survivors (14336K)
 Metaspace       used 47768K, committed 48960K, reserved 917504K
  class space    used 6517K, committed 7104K, reserved 851968K
}
Event: 17.255 GC heap after
{Heap after GC invocations=46 (full 0):
 garbage-first heap   total 397312K, used 55617K [0x0000000700000000, 0x0000000800000000)
  region size 2048K, 7 young (14336K), 7 survivors (14336K)
 Metaspace       used 47768K, committed 48960K, reserved 917504K
  class space    used 6517K, committed 7104K, reserved 851968K
}
Event: 17.814 GC heap before
{Heap before GC invocations=46 (full 0):
 garbage-first heap   total 397312K, used 278849K [0x0000000700000000, 0x0000000800000000)
  region size 2048K, 116 young (237568K), 7 survivors (14336K)
 Metaspace       used 47773K, committed 48960K, reserved 917504K
  class space    used 6517K, committed 7104K, reserved 851968K
}
Event: 17.825 GC heap after
{Heap after GC invocations=47 (full 0):
 garbage-first heap   total 397312K, used 56634K [0x0000000700000000, 0x0000000800000000)
  region size 2048K, 8 young (16384K), 8 survivors (16384K)
 Metaspace       used 47773K, committed 48960K, reserved 917504K
  class space    used 6517K, committed 7104K, reserved 851968K
}
Event: 18.278 GC heap before
{Heap before GC invocations=47 (full 0):
 garbage-first heap   total 397312K, used 277818K [0x0000000700000000, 0x0000000800000000)
  region size 2048K, 116 young (237568K), 8 survivors (16384K)
 Metaspace       used 47775K, committed 48960K, reserved 917504K
  class space    used 6517K, committed 7104K, reserved 851968K
}
Event: 18.287 GC heap after
{Heap after GC invocations=48 (full 0):
 garbage-first heap   total 397312K, used 57543K [0x0000000700000000, 0x0000000800000000)
  region size 2048K, 8 young (16384K), 8 survivors (16384K)
 Metaspace       used 47775K, committed 48960K, reserved 917504K
  class space    used 6517K, committed 7104K, reserved 851968K
}
Event: 18.605 GC heap before
{Heap before GC invocations=48 (full 0):
 garbage-first heap   total 397312K, used 278727K [0x0000000700000000, 0x0000000800000000)
  region size 2048K, 116 young (237568K), 8 survivors (16384K)
 Metaspace       used 47778K, committed 48960K, reserved 917504K
  class space    used 6517K, committed 7104K, reserved 851968K
}
Event: 18.614 GC heap after
{Heap after GC invocations=49 (full 0):
 garbage-first heap   total 477184K, used 59280K [0x0000000700000000, 0x0000000800000000)
  region size 2048K, 8 young (16384K), 8 survivors (16384K)
 Metaspace       used 47778K, committed 48960K, reserved 917504K
  class space    used 6517K, committed 7104K, reserved 851968K
}
Event: 18.957 GC heap before
{Heap before GC invocations=49 (full 0):
 garbage-first heap   total 477184K, used 327568K [0x0000000700000000, 0x0000000800000000)
  region size 2048K, 139 young (284672K), 8 survivors (16384K)
 Metaspace       used 47780K, committed 48960K, reserved 917504K
  class space    used 6517K, committed 7104K, reserved 851968K
}
Event: 18.966 GC heap after
{Heap after GC invocations=50 (full 0):
 garbage-first heap   total 477184K, used 60372K [0x0000000700000000, 0x0000000800000000)
  region size 2048K, 9 young (18432K), 9 survivors (18432K)
 Metaspace       used 47780K, committed 48960K, reserved 917504K
  class space    used 6517K, committed 7104K, reserved 851968K
}
Event: 19.315 GC heap before
{Heap before GC invocations=50 (full 0):
 garbage-first heap   total 477184K, used 326612K [0x0000000700000000, 0x0000000800000000)
  region size 2048K, 139 young (284672K), 9 survivors (18432K)
 Metaspace       used 47789K, committed 48960K, reserved 917504K
  class space    used 6517K, committed 7104K, reserved 851968K
}
Event: 19.325 GC heap after
{Heap after GC invocations=51 (full 0):
 garbage-first heap   total 477184K, used 61775K [0x0000000700000000, 0x0000000800000000)
  region size 2048K, 9 young (18432K), 9 survivors (18432K)
 Metaspace       used 47789K, committed 48960K, reserved 917504K
  class space    used 6517K, committed 7104K, reserved 851968K
}
Event: 19.660 GC heap before
{Heap before GC invocations=51 (full 0):
 garbage-first heap   total 477184K, used 328015K [0x0000000700000000, 0x0000000800000000)
  region size 2048K, 139 young (284672K), 9 survivors (18432K)
 Metaspace       used 47810K, committed 48960K, reserved 917504K
  class space    used 6517K, committed 7104K, reserved 851968K
}
Event: 19.669 GC heap after
{Heap after GC invocations=52 (full 0):
 garbage-first heap   total 477184K, used 62630K [0x0000000700000000, 0x0000000800000000)
  region size 2048K, 9 young (18432K), 9 survivors (18432K)
 Metaspace       used 47810K, committed 48960K, reserved 917504K
  class space    used 6517K, committed 7104K, reserved 851968K
}
Event: 21.724 GC heap before
{Heap before GC invocations=52 (full 0):
 garbage-first heap   total 477184K, used 332966K [0x0000000700000000, 0x0000000800000000)
  region size 2048K, 139 young (284672K), 9 survivors (18432K)
 Metaspace       used 49796K, committed 51008K, reserved 917504K
  class space    used 6677K, committed 7296K, reserved 851968K
}

